kmap_map "Transplant-PRODUCT_B/ProductBase/NEATVI/led.c"
led_posctx "Transplant-PRODUCT_B/ProductBase/NEATVI/led.c"
led_pos "Transplant-PRODUCT_B/ProductBase/NEATVI/led.c"
led_offdir "Transplant-PRODUCT_B/ProductBase/NEATVI/led.c"
led_markrev "Transplant-PRODUCT_B/ProductBase/NEATVI/led.c"
led_render "Transplant-PRODUCT_B/ProductBase/NEATVI/led.c"
led_print "Transplant-PRODUCT_B/ProductBase/NEATVI/led.c"
td_set "Transplant-PRODUCT_B/ProductBase/NEATVI/led.c"
led_printmsg "Transplant-PRODUCT_B/ProductBase/NEATVI/led.c"
led_lastchar "Transplant-PRODUCT_B/ProductBase/NEATVI/led.c"
led_lastword "Transplant-PRODUCT_B/ProductBase/NEATVI/led.c"
led_printparts "Transplant-PRODUCT_B/ProductBase/NEATVI/led.c"
led_readchar "Transplant-PRODUCT_B/ProductBase/NEATVI/led.c"
led_read "Transplant-PRODUCT_B/ProductBase/NEATVI/led.c"
led_line "Transplant-PRODUCT_B/ProductBase/NEATVI/led.c"
led_prompt "Transplant-PRODUCT_B/ProductBase/NEATVI/led.c"
led_input "Transplant-PRODUCT_B/ProductBase/NEATVI/led.c"
term_init "Transplant-PRODUCT_B/ProductBase/NEATVI/term.c"
term_done "Transplant-PRODUCT_B/ProductBase/NEATVI/term.c"
term_suspend "Transplant-PRODUCT_B/ProductBase/NEATVI/term.c"
term_record "Transplant-PRODUCT_B/ProductBase/NEATVI/term.c"
term_commit "Transplant-PRODUCT_B/ProductBase/NEATVI/term.c"
term_out "Transplant-PRODUCT_B/ProductBase/NEATVI/term.c"
term_str "Transplant-PRODUCT_B/ProductBase/NEATVI/term.c"
term_chr "Transplant-PRODUCT_B/ProductBase/NEATVI/term.c"
term_kill "Transplant-PRODUCT_B/ProductBase/NEATVI/term.c"
term_room "Transplant-PRODUCT_B/ProductBase/NEATVI/term.c"
term_pos "Transplant-PRODUCT_B/ProductBase/NEATVI/term.c"
term_rows "Transplant-PRODUCT_B/ProductBase/NEATVI/term.c"
term_cols "Transplant-PRODUCT_B/ProductBase/NEATVI/term.c"
term_push "Transplant-PRODUCT_B/ProductBase/NEATVI/term.c"
term_cmd "Transplant-PRODUCT_B/ProductBase/NEATVI/term.c"
term_read "Transplant-PRODUCT_B/ProductBase/NEATVI/term.c"
term_att "Transplant-PRODUCT_B/ProductBase/NEATVI/term.c"
lbuf_make "Transplant-PRODUCT_B/ProductBase/NEATVI/lbuf.c"
lopt_done "Transplant-PRODUCT_B/ProductBase/NEATVI/lbuf.c"
lbuf_savemark "Transplant-PRODUCT_B/ProductBase/NEATVI/lbuf.c"
lbuf_loadmark "Transplant-PRODUCT_B/ProductBase/NEATVI/lbuf.c"
markidx "Transplant-PRODUCT_B/ProductBase/NEATVI/lbuf.c"
lbuf_savepos "Transplant-PRODUCT_B/ProductBase/NEATVI/lbuf.c"
lbuf_loadpos "Transplant-PRODUCT_B/ProductBase/NEATVI/lbuf.c"
lbuf_free "Transplant-PRODUCT_B/ProductBase/NEATVI/lbuf.c"
linelength "Transplant-PRODUCT_B/ProductBase/NEATVI/lbuf.c"
linecount "Transplant-PRODUCT_B/ProductBase/NEATVI/lbuf.c"
lbuf_replace "Transplant-PRODUCT_B/ProductBase/NEATVI/lbuf.c"
lbuf_opt "Transplant-PRODUCT_B/ProductBase/NEATVI/lbuf.c"
lbuf_rd "Transplant-PRODUCT_B/ProductBase/NEATVI/lbuf.c"
lbuf_wr "Transplant-PRODUCT_B/ProductBase/NEATVI/lbuf.c"
lbuf_edit "Transplant-PRODUCT_B/ProductBase/NEATVI/lbuf.c"
lbuf_cp "Transplant-PRODUCT_B/ProductBase/NEATVI/lbuf.c"
lbuf_get "Transplant-PRODUCT_B/ProductBase/NEATVI/lbuf.c"
lbuf_len "Transplant-PRODUCT_B/ProductBase/NEATVI/lbuf.c"
lbuf_mark "Transplant-PRODUCT_B/ProductBase/NEATVI/lbuf.c"
lbuf_jump "Transplant-PRODUCT_B/ProductBase/NEATVI/lbuf.c"
lbuf_undo "Transplant-PRODUCT_B/ProductBase/NEATVI/lbuf.c"
lbuf_redo "Transplant-PRODUCT_B/ProductBase/NEATVI/lbuf.c"
lbuf_seq "Transplant-PRODUCT_B/ProductBase/NEATVI/lbuf.c"
lbuf_saved "Transplant-PRODUCT_B/ProductBase/NEATVI/lbuf.c"
lbuf_modified "Transplant-PRODUCT_B/ProductBase/NEATVI/lbuf.c"
lbuf_globset "Transplant-PRODUCT_B/ProductBase/NEATVI/lbuf.c"
lbuf_globget "Transplant-PRODUCT_B/ProductBase/NEATVI/lbuf.c"
bufs_find "Transplant-PRODUCT_B/ProductBase/NEATVI/ex.c"
bufs_free "Transplant-PRODUCT_B/ProductBase/NEATVI/ex.c"
mtime "Transplant-PRODUCT_B/ProductBase/NEATVI/ex.c"
bufs_open "Transplant-PRODUCT_B/ProductBase/NEATVI/ex.c"
bufs_swap "Transplant-PRODUCT_B/ProductBase/NEATVI/ex.c"
bufs_switch "Transplant-PRODUCT_B/ProductBase/NEATVI/ex.c"
ex_path "Transplant-PRODUCT_B/ProductBase/NEATVI/ex.c"
ex_lbuf "Transplant-PRODUCT_B/ProductBase/NEATVI/ex.c"
ex_filetype "Transplant-PRODUCT_B/ProductBase/NEATVI/ex.c"
ex_loc "Transplant-PRODUCT_B/ProductBase/NEATVI/ex.c"
ex_cmd "Transplant-PRODUCT_B/ProductBase/NEATVI/ex.c"
ex_arg "Transplant-PRODUCT_B/ProductBase/NEATVI/ex.c"
ex_filearg "Transplant-PRODUCT_B/ProductBase/NEATVI/ex.c"
ex_argeol "Transplant-PRODUCT_B/ProductBase/NEATVI/ex.c"
ex_kwd "Transplant-PRODUCT_B/ProductBase/NEATVI/ex.c"
ex_kwdset "Transplant-PRODUCT_B/ProductBase/NEATVI/ex.c"
ex_search "Transplant-PRODUCT_B/ProductBase/NEATVI/ex.c"
ex_lineno "Transplant-PRODUCT_B/ProductBase/NEATVI/ex.c"
ex_region "Transplant-PRODUCT_B/ProductBase/NEATVI/ex.c"
ex_modifiedbuffer "Transplant-PRODUCT_B/ProductBase/NEATVI/ex.c"
ec_quit "Transplant-PRODUCT_B/ProductBase/NEATVI/ex.c"
ec_edit "Transplant-PRODUCT_B/ProductBase/NEATVI/ex.c"
ec_read "Transplant-PRODUCT_B/ProductBase/NEATVI/ex.c"
ec_write_archive "Transplant-PRODUCT_B/ProductBase/NEATVI/ex.c"
ec_write "Transplant-PRODUCT_B/ProductBase/NEATVI/ex.c"
ec_insert "Transplant-PRODUCT_B/ProductBase/NEATVI/ex.c"
ec_print "Transplant-PRODUCT_B/ProductBase/NEATVI/ex.c"
ec_null "Transplant-PRODUCT_B/ProductBase/NEATVI/ex.c"
ex_yank "Transplant-PRODUCT_B/ProductBase/NEATVI/ex.c"
ec_delete "Transplant-PRODUCT_B/ProductBase/NEATVI/ex.c"
ec_yank "Transplant-PRODUCT_B/ProductBase/NEATVI/ex.c"
ec_put "Transplant-PRODUCT_B/ProductBase/NEATVI/ex.c"
ec_lnum "Transplant-PRODUCT_B/ProductBase/NEATVI/ex.c"
ec_undo "Transplant-PRODUCT_B/ProductBase/NEATVI/ex.c"
ec_redo "Transplant-PRODUCT_B/ProductBase/NEATVI/ex.c"
ec_mark "Transplant-PRODUCT_B/ProductBase/NEATVI/ex.c"
replace "Transplant-PRODUCT_B/ProductBase/NEATVI/ex.c"
ec_substitute "Transplant-PRODUCT_B/ProductBase/NEATVI/ex.c"
ec_exec "Transplant-PRODUCT_B/ProductBase/NEATVI/ex.c"
ec_make "Transplant-PRODUCT_B/ProductBase/NEATVI/ex.c"
ec_ft "Transplant-PRODUCT_B/ProductBase/NEATVI/ex.c"
ec_cmap "Transplant-PRODUCT_B/ProductBase/NEATVI/ex.c"
ec_glob "Transplant-PRODUCT_B/ProductBase/NEATVI/ex.c"
cutword "Transplant-PRODUCT_B/ProductBase/NEATVI/ex.c"
ec_set "Transplant-PRODUCT_B/ProductBase/NEATVI/ex.c"
ex_line "Transplant-PRODUCT_B/ProductBase/NEATVI/ex.c"
ex_exec "Transplant-PRODUCT_B/ProductBase/NEATVI/ex.c"
ex_command "Transplant-PRODUCT_B/ProductBase/NEATVI/ex.c"
ex "Transplant-PRODUCT_B/ProductBase/NEATVI/ex.c"
ex_init "Transplant-PRODUCT_B/ProductBase/NEATVI/ex.c"
ex_done "Transplant-PRODUCT_B/ProductBase/NEATVI/ex.c"
vi_wait "Transplant-PRODUCT_B/ProductBase/NEATVI/vi.c"
vi_drawmsg "Transplant-PRODUCT_B/ProductBase/NEATVI/vi.c"
vi_drawrow "Transplant-PRODUCT_B/ProductBase/NEATVI/vi.c"
vi_drawagain "Transplant-PRODUCT_B/ProductBase/NEATVI/vi.c"
vi_drawupdate "Transplant-PRODUCT_B/ProductBase/NEATVI/vi.c"
vi_drawrm "Transplant-PRODUCT_B/ProductBase/NEATVI/vi.c"
vi_read "Transplant-PRODUCT_B/ProductBase/NEATVI/vi.c"
vi_back "Transplant-PRODUCT_B/ProductBase/NEATVI/vi.c"
vi_char "Transplant-PRODUCT_B/ProductBase/NEATVI/vi.c"
vi_prompt "Transplant-PRODUCT_B/ProductBase/NEATVI/vi.c"
ex_read "Transplant-PRODUCT_B/ProductBase/NEATVI/vi.c"
ex_show "Transplant-PRODUCT_B/ProductBase/NEATVI/vi.c"
ex_print "Transplant-PRODUCT_B/ProductBase/NEATVI/vi.c"
vi_yankbuf "Transplant-PRODUCT_B/ProductBase/NEATVI/vi.c"
vi_prefix "Transplant-PRODUCT_B/ProductBase/NEATVI/vi.c"
vi_col2off "Transplant-PRODUCT_B/ProductBase/NEATVI/vi.c"
vi_off2col "Transplant-PRODUCT_B/ProductBase/NEATVI/vi.c"
vi_nextoff "Transplant-PRODUCT_B/ProductBase/NEATVI/vi.c"
vi_nextcol "Transplant-PRODUCT_B/ProductBase/NEATVI/vi.c"
vi_findchar "Transplant-PRODUCT_B/ProductBase/NEATVI/vi.c"
vi_search "Transplant-PRODUCT_B/ProductBase/NEATVI/vi.c"
vi_motionln "Transplant-PRODUCT_B/ProductBase/NEATVI/vi.c"
vi_curword "Transplant-PRODUCT_B/ProductBase/NEATVI/vi.c"
vi_motion "Transplant-PRODUCT_B/ProductBase/NEATVI/vi.c"
swap "Transplant-PRODUCT_B/ProductBase/NEATVI/vi.c"
lbuf_region "Transplant-PRODUCT_B/ProductBase/NEATVI/vi.c"
vi_yank "Transplant-PRODUCT_B/ProductBase/NEATVI/vi.c"
vi_delete "Transplant-PRODUCT_B/ProductBase/NEATVI/vi.c"
linecount "Transplant-PRODUCT_B/ProductBase/NEATVI/vi.c"
charcount "Transplant-PRODUCT_B/ProductBase/NEATVI/vi.c"
vi_input "Transplant-PRODUCT_B/ProductBase/NEATVI/vi.c"
vi_indents "Transplant-PRODUCT_B/ProductBase/NEATVI/vi.c"
vi_change "Transplant-PRODUCT_B/ProductBase/NEATVI/vi.c"
vi_case "Transplant-PRODUCT_B/ProductBase/NEATVI/vi.c"
vi_pipe "Transplant-PRODUCT_B/ProductBase/NEATVI/vi.c"
vi_shift "Transplant-PRODUCT_B/ProductBase/NEATVI/vi.c"
vc_motion "Transplant-PRODUCT_B/ProductBase/NEATVI/vi.c"
vc_insert "Transplant-PRODUCT_B/ProductBase/NEATVI/vi.c"
vc_put "Transplant-PRODUCT_B/ProductBase/NEATVI/vi.c"
join_spaces "Transplant-PRODUCT_B/ProductBase/NEATVI/vi.c"
vc_join "Transplant-PRODUCT_B/ProductBase/NEATVI/vi.c"
vi_scrollforeward "Transplant-PRODUCT_B/ProductBase/NEATVI/vi.c"
vi_scrollbackward "Transplant-PRODUCT_B/ProductBase/NEATVI/vi.c"
vc_status "Transplant-PRODUCT_B/ProductBase/NEATVI/vi.c"
vc_charinfo "Transplant-PRODUCT_B/ProductBase/NEATVI/vi.c"
vc_replace "Transplant-PRODUCT_B/ProductBase/NEATVI/vi.c"
vc_repeat "Transplant-PRODUCT_B/ProductBase/NEATVI/vi.c"
vc_execute "Transplant-PRODUCT_B/ProductBase/NEATVI/vi.c"
vi "Transplant-PRODUCT_B/ProductBase/NEATVI/vi.c"
sbuf_extend "Transplant-PRODUCT_B/ProductBase/NEATVI/sbuf.c"
sbuf_make "Transplant-PRODUCT_B/ProductBase/NEATVI/sbuf.c"
sbuf_buf "Transplant-PRODUCT_B/ProductBase/NEATVI/sbuf.c"
sbuf_done "Transplant-PRODUCT_B/ProductBase/NEATVI/sbuf.c"
sbuf_free "Transplant-PRODUCT_B/ProductBase/NEATVI/sbuf.c"
sbuf_chr "Transplant-PRODUCT_B/ProductBase/NEATVI/sbuf.c"
sbuf_mem "Transplant-PRODUCT_B/ProductBase/NEATVI/sbuf.c"
sbuf_str "Transplant-PRODUCT_B/ProductBase/NEATVI/sbuf.c"
sbuf_len "Transplant-PRODUCT_B/ProductBase/NEATVI/sbuf.c"
sbuf_cut "Transplant-PRODUCT_B/ProductBase/NEATVI/sbuf.c"
sbuf_printf "Transplant-PRODUCT_B/ProductBase/NEATVI/sbuf.c"
dir_match "Transplant-PRODUCT_B/ProductBase/NEATVI/dir.c"
dir_reverse "Transplant-PRODUCT_B/ProductBase/NEATVI/dir.c"
dir_fix "Transplant-PRODUCT_B/ProductBase/NEATVI/dir.c"
dir_context "Transplant-PRODUCT_B/ProductBase/NEATVI/dir.c"
dir_reorder "Transplant-PRODUCT_B/ProductBase/NEATVI/dir.c"
dir_init "Transplant-PRODUCT_B/ProductBase/NEATVI/dir.c"
dir_done "Transplant-PRODUCT_B/ProductBase/NEATVI/dir.c"
cmd_make "Transplant-PRODUCT_B/ProductBase/NEATVI/cmd.c"
cmd_pipe "Transplant-PRODUCT_B/ProductBase/NEATVI/cmd.c"
cmd_exec "Transplant-PRODUCT_B/ProductBase/NEATVI/cmd.c"
reg_get "Transplant-PRODUCT_B/ProductBase/NEATVI/reg.c"
reg_putraw "Transplant-PRODUCT_B/ProductBase/NEATVI/reg.c"
reg_put "Transplant-PRODUCT_B/ProductBase/NEATVI/reg.c"
reg_done "Transplant-PRODUCT_B/ProductBase/NEATVI/reg.c"
uc_len "Transplant-PRODUCT_B/ProductBase/NEATVI/uc.c"
uc_slen "Transplant-PRODUCT_B/ProductBase/NEATVI/uc.c"
uc_code "Transplant-PRODUCT_B/ProductBase/NEATVI/uc.c"
uc_beg "Transplant-PRODUCT_B/ProductBase/NEATVI/uc.c"
uc_end "Transplant-PRODUCT_B/ProductBase/NEATVI/uc.c"
uc_next "Transplant-PRODUCT_B/ProductBase/NEATVI/uc.c"
uc_prev "Transplant-PRODUCT_B/ProductBase/NEATVI/uc.c"
uc_lastline "Transplant-PRODUCT_B/ProductBase/NEATVI/uc.c"
uc_chop "Transplant-PRODUCT_B/ProductBase/NEATVI/uc.c"
uc_chr "Transplant-PRODUCT_B/ProductBase/NEATVI/uc.c"
uc_off "Transplant-PRODUCT_B/ProductBase/NEATVI/uc.c"
uc_sub "Transplant-PRODUCT_B/ProductBase/NEATVI/uc.c"
uc_dup "Transplant-PRODUCT_B/ProductBase/NEATVI/uc.c"
uc_isspace "Transplant-PRODUCT_B/ProductBase/NEATVI/uc.c"
uc_isprint "Transplant-PRODUCT_B/ProductBase/NEATVI/uc.c"
uc_isalpha "Transplant-PRODUCT_B/ProductBase/NEATVI/uc.c"
uc_isdigit "Transplant-PRODUCT_B/ProductBase/NEATVI/uc.c"
uc_kind "Transplant-PRODUCT_B/ProductBase/NEATVI/uc.c"
find_achar "Transplant-PRODUCT_B/ProductBase/NEATVI/uc.c"
can_join "Transplant-PRODUCT_B/ProductBase/NEATVI/uc.c"
uc_cshape "Transplant-PRODUCT_B/ProductBase/NEATVI/uc.c"
uc_acomb "Transplant-PRODUCT_B/ProductBase/NEATVI/uc.c"
uc_cput "Transplant-PRODUCT_B/ProductBase/NEATVI/uc.c"
uc_shape "Transplant-PRODUCT_B/ProductBase/NEATVI/uc.c"
find "Transplant-PRODUCT_B/ProductBase/NEATVI/uc.c"
uc_isdw "Transplant-PRODUCT_B/ProductBase/NEATVI/uc.c"
uc_iszw "Transplant-PRODUCT_B/ProductBase/NEATVI/uc.c"
uc_wid "Transplant-PRODUCT_B/ProductBase/NEATVI/uc.c"
uc_isbell "Transplant-PRODUCT_B/ProductBase/NEATVI/uc.c"
uc_iscomb "Transplant-PRODUCT_B/ProductBase/NEATVI/uc.c"
re_groupcount "Transplant-PRODUCT_B/ProductBase/NEATVI/rset.c"
rset_make "Transplant-PRODUCT_B/ProductBase/NEATVI/rset.c"
rset_find "Transplant-PRODUCT_B/ProductBase/NEATVI/rset.c"
rset_free "Transplant-PRODUCT_B/ProductBase/NEATVI/rset.c"
re_read "Transplant-PRODUCT_B/ProductBase/NEATVI/rset.c"
ren_position "Transplant-PRODUCT_B/ProductBase/NEATVI/ren.c"
ren_wid "Transplant-PRODUCT_B/ProductBase/NEATVI/ren.c"
pos_next "Transplant-PRODUCT_B/ProductBase/NEATVI/ren.c"
pos_prev "Transplant-PRODUCT_B/ProductBase/NEATVI/ren.c"
ren_pos "Transplant-PRODUCT_B/ProductBase/NEATVI/ren.c"
ren_off "Transplant-PRODUCT_B/ProductBase/NEATVI/ren.c"
ren_cursor "Transplant-PRODUCT_B/ProductBase/NEATVI/ren.c"
ren_noeol "Transplant-PRODUCT_B/ProductBase/NEATVI/ren.c"
ren_next "Transplant-PRODUCT_B/ProductBase/NEATVI/ren.c"
ren_placeholder "Transplant-PRODUCT_B/ProductBase/NEATVI/ren.c"
ren_cwid "Transplant-PRODUCT_B/ProductBase/NEATVI/ren.c"
ren_translate "Transplant-PRODUCT_B/ProductBase/NEATVI/ren.c"
conf_dirmark "Transplant-PRODUCT_B/ProductBase/NEATVI/conf.c"
conf_dircontext "Transplant-PRODUCT_B/ProductBase/NEATVI/conf.c"
conf_placeholder "Transplant-PRODUCT_B/ProductBase/NEATVI/conf.c"
conf_highlight "Transplant-PRODUCT_B/ProductBase/NEATVI/conf.c"
conf_filetype "Transplant-PRODUCT_B/ProductBase/NEATVI/conf.c"
conf_hlrev "Transplant-PRODUCT_B/ProductBase/NEATVI/conf.c"
conf_hlline "Transplant-PRODUCT_B/ProductBase/NEATVI/conf.c"
conf_mode "Transplant-PRODUCT_B/ProductBase/NEATVI/conf.c"
conf_kmap "Transplant-PRODUCT_B/ProductBase/NEATVI/conf.c"
conf_kmapfind "Transplant-PRODUCT_B/ProductBase/NEATVI/conf.c"
conf_digraph "Transplant-PRODUCT_B/ProductBase/NEATVI/conf.c"
syn_find "Transplant-PRODUCT_B/ProductBase/NEATVI/syn.c"
syn_merge "Transplant-PRODUCT_B/ProductBase/NEATVI/syn.c"
syn_context "Transplant-PRODUCT_B/ProductBase/NEATVI/syn.c"
syn_highlight "Transplant-PRODUCT_B/ProductBase/NEATVI/syn.c"
syn_initft "Transplant-PRODUCT_B/ProductBase/NEATVI/syn.c"
syn_filetype "Transplant-PRODUCT_B/ProductBase/NEATVI/syn.c"
syn_init "Transplant-PRODUCT_B/ProductBase/NEATVI/syn.c"
syn_done "Transplant-PRODUCT_B/ProductBase/NEATVI/syn.c"
lbuf_indents "Transplant-PRODUCT_B/ProductBase/NEATVI/mot.c"
uc_nextdir "Transplant-PRODUCT_B/ProductBase/NEATVI/mot.c"
lbuf_findchar "Transplant-PRODUCT_B/ProductBase/NEATVI/mot.c"
lbuf_search "Transplant-PRODUCT_B/ProductBase/NEATVI/mot.c"
lbuf_paragraphbeg "Transplant-PRODUCT_B/ProductBase/NEATVI/mot.c"
lbuf_sectionbeg "Transplant-PRODUCT_B/ProductBase/NEATVI/mot.c"
lbuf_lnnext "Transplant-PRODUCT_B/ProductBase/NEATVI/mot.c"
lbuf_eol "Transplant-PRODUCT_B/ProductBase/NEATVI/mot.c"
lbuf_next "Transplant-PRODUCT_B/ProductBase/NEATVI/mot.c"
lbuf_chr "Transplant-PRODUCT_B/ProductBase/NEATVI/mot.c"
lbuf_wordlast "Transplant-PRODUCT_B/ProductBase/NEATVI/mot.c"
lbuf_wordbeg "Transplant-PRODUCT_B/ProductBase/NEATVI/mot.c"
lbuf_wordend "Transplant-PRODUCT_B/ProductBase/NEATVI/mot.c"
lbuf_pair "Transplant-PRODUCT_B/ProductBase/NEATVI/mot.c"
rnode_make "Transplant-PRODUCT_B/ProductBase/NEATVI/regex.c"
rnode_free "Transplant-PRODUCT_B/ProductBase/NEATVI/regex.c"
uc_len "Transplant-PRODUCT_B/ProductBase/NEATVI/regex.c"
uc_dec "Transplant-PRODUCT_B/ProductBase/NEATVI/regex.c"
ratom_copy "Transplant-PRODUCT_B/ProductBase/NEATVI/regex.c"
brk_len "Transplant-PRODUCT_B/ProductBase/NEATVI/regex.c"
ratom_readbrk "Transplant-PRODUCT_B/ProductBase/NEATVI/regex.c"
ratom_read "Transplant-PRODUCT_B/ProductBase/NEATVI/regex.c"
uc_beg "Transplant-PRODUCT_B/ProductBase/NEATVI/regex.c"
isword "Transplant-PRODUCT_B/ProductBase/NEATVI/regex.c"
brk_match "Transplant-PRODUCT_B/ProductBase/NEATVI/regex.c"
ratom_match "Transplant-PRODUCT_B/ProductBase/NEATVI/regex.c"
rnode_grp "Transplant-PRODUCT_B/ProductBase/NEATVI/regex.c"
rnode_atom "Transplant-PRODUCT_B/ProductBase/NEATVI/regex.c"
rnode_seq "Transplant-PRODUCT_B/ProductBase/NEATVI/regex.c"
rnode_parse "Transplant-PRODUCT_B/ProductBase/NEATVI/regex.c"
rnode_count "Transplant-PRODUCT_B/ProductBase/NEATVI/regex.c"
re_insert "Transplant-PRODUCT_B/ProductBase/NEATVI/regex.c"
rnode_emitnorep "Transplant-PRODUCT_B/ProductBase/NEATVI/regex.c"
rnode_emit "Transplant-PRODUCT_B/ProductBase/NEATVI/regex.c"
regcomp "Transplant-PRODUCT_B/ProductBase/NEATVI/regex.c"
regfree "Transplant-PRODUCT_B/ProductBase/NEATVI/regex.c"
re_rec "Transplant-PRODUCT_B/ProductBase/NEATVI/regex.c"
re_recmatch "Transplant-PRODUCT_B/ProductBase/NEATVI/regex.c"
regexec "Transplant-PRODUCT_B/ProductBase/NEATVI/regex.c"
regerror "Transplant-PRODUCT_B/ProductBase/NEATVI/regex.c"
