NORMAL_DECLARATION
/* GLOBAL_DECL_0 */ struct archive archive = {0};
HEADER_DECL
extern struct archive archive;
FILE: main.c
LINE: 3
-----------------------------------------
/* GLOBAL_DECL_1 */ struct option long_options [] = {{"create", no_argument, 0, 'c'}, {"list", no_argument, 0, 't'}, {"append", no_argument, 0, 'a'}, {"file", required_argument, 0, 'f'}, {0, 0, 0, 0}};
HEADER_DECL
/* STRUCT_WITH_ARRAY */ struct option long_options [];
FILE: config.c
LINE: 11
-----------------------------------------
/* ENUM_DECL_2 */ enum commands {COM_UNKNOWN = 0, COM_APPEND, COM_LIST, COM_CREATE};
HEADER_DECL
extern enum commands ;
FILE: archiver.h
LINE: 22
-----------------------------------------
STRUCT_DECLARATION
/* STRUCT_DECL_0 */ struct descr {
    char file_name [256];
    size_t data_length;
    size_t data_start;
} __attribute__ ((packed));
HEADER_DECL
struct descr;
FILE: archiver.h
LINE: 0
-----------------------------------------
/* STRUCT_DECL_1 */ struct archive {
    enum commands command;
    char *file_name;
    int fmode;
    int fd;
    uint32_t files_count;
    size_t append_files_count;
    size_t headers_offset;
    struct descr *file_descriptors;
};
HEADER_DECL
struct archive;
FILE: archiver.h
LINE: 0
-----------------------------------------
TYPEDEF_DECLARATION
