int main (int $_main_argc, char **$_main_argv) {
    /* DECL: 0 */ int $_main_argc;
    /* DECL: 1 */ char **$_main_argv;
    /* DECL: 2 */ struct archive *$_process_command_line_a1 = & archive;
    /* STM: 1 */ $_process_command_line_a1->append_files_count = 1;
    /* STM: 2 */ $_process_command_line_a1->command = COM_CREATE;
    /* STM: 5 */ $_process_command_line_a1->file_name = $_host_path;
    goto LABEL_process_command_line1;
LABEL_process_command_line1 :
    if (0) {
    }
    /* DECL: 9 */ struct archive *$_open_archive_file_archive1 = & archive;
    /* DECL: 10 */ int $ABSTRETVAL_ret_open_archive_file1;
    /* STM: 7 */ $_open_archive_file_archive1->fd = open ($_open_archive_file_archive1->file_name, $_open_archive_file_archive1->fmode, S_IRUSR | S_IWUSR | S_IRGRP | S_IWGRP);
    /* STM: 8 */ $ABSTRETVAL_ret_open_archive_file1 = $_open_archive_file_archive1->fd;
    goto LABEL_open_archive_file1;
LABEL_open_archive_file1 :
    if (0) {
    }
    /* STM: 9 */ $_host_ec = $_main_argv[$_main_argc - 1];
    /* DECL: 12 */ struct archive *$_read_archive_header_archive1 = & archive;
    /* DECL: 14 */ size_t $_read_archive_header_descriptors_size_1;
    /* STM: 10 */ $_read_archive_header_descriptors_size_1 = sizeof (struct descr) * $_read_archive_header_archive1->append_files_count;
    /* DECL: 15 */ int $_read_archive_header_result_1;
    /* STM: 12 */ $_read_archive_header_result_1 = read ($_read_archive_header_archive1->fd, &$_read_archive_header_archive1->files_count, sizeof ($_read_archive_header_archive1->files_count));
    /* STM: 15 */ $_read_archive_header_descriptors_size_1 += sizeof (struct descr) * $_read_archive_header_archive1->files_count;
    /* STM: 16 */ $_read_archive_header_archive1->file_descriptors = malloc ($_read_archive_header_descriptors_size_1);
    /* STM: 17 */ $_read_archive_header_result_1 = lseek ($_read_archive_header_archive1->fd, -$_read_archive_header_archive1->headers_offset, SEEK_END);
    goto LABEL_read_archive_header1;
LABEL_read_archive_header1 :
    if (0) {
    }
    /* RETURN_MARKER */ write_archive ($_host_ec, & archive);
}

