Abstract_Mappings:
$ABSTRACT_2 $_main_argv
$ABSTRACT_1 $_main_argc
$ABSTRACT_4 & archive
$ABSTRACT_3 & archive
$ABSTRACT_0 & archive
Declaration_Mappings:
/* DECL: 8 */@$_process_command_line_archiveFileName_1@$_host_ec
/* DECL: 11 */@$_main_in_file@$_host_ec
Statement_Line_Number:
2
0
FITNESS: 0.35
@@@@@@@@@@@@@@@@@@@@@@@@@@@@@@
Abstract_Mappings:
$ABSTRACT_2 $_main_argv
$ABSTRACT_1 $_main_argc
$ABSTRACT_4 & archive
$ABSTRACT_3 & archive
$ABSTRACT_0 & archive
Declaration_Mappings:
/* DECL: 8 */@$_process_command_line_archiveFileName_1@$_host_path
/* DECL: 11 */@$_main_in_file@$_host_path
Statement_Line_Number:
9
7
FITNESS: 0.35
@@@@@@@@@@@@@@@@@@@@@@@@@@@@@@
Abstract_Mappings:
$ABSTRACT_2 $_main_argv
$ABSTRACT_1 $_main_argc
$ABSTRACT_4 & archive
$ABSTRACT_3 & archive
$ABSTRACT_0 & archive
Declaration_Mappings:
/* DECL: 8 */@$_process_command_line_archiveFileName_1@$_host_ec
/* DECL: 11 */@$_main_in_file@$_host_s
Statement_Line_Number:
FITNESS: 0.35
@@@@@@@@@@@@@@@@@@@@@@@@@@@@@@
Abstract_Mappings:
$ABSTRACT_2 $_main_argv
$ABSTRACT_1 $_main_argc
$ABSTRACT_4 & archive
$ABSTRACT_3 & archive
$ABSTRACT_0 & archive
Declaration_Mappings:
/* DECL: 8 */@$_process_command_line_archiveFileName_1@$_host_ec
/* DECL: 11 */@$_main_in_file@$_host_path
Statement_Line_Number:
18
8
FITNESS: 0.35
@@@@@@@@@@@@@@@@@@@@@@@@@@@@@@
Abstract_Mappings:
$ABSTRACT_2 $_main_argv
$ABSTRACT_1 $_main_argc
$ABSTRACT_4 & archive
$ABSTRACT_3 & archive
$ABSTRACT_0 & archive
Declaration_Mappings:
/* DECL: 8 */@$_process_command_line_archiveFileName_1@$_host_path
/* DECL: 11 */@$_main_in_file@$_host_s
Statement_Line_Number:
FITNESS: 0.35
@@@@@@@@@@@@@@@@@@@@@@@@@@@@@@
Abstract_Mappings:
$ABSTRACT_2 $_main_argv
$ABSTRACT_1 $_main_argc
$ABSTRACT_4 & archive
$ABSTRACT_3 & archive
$ABSTRACT_0 & archive
Declaration_Mappings:
/* DECL: 8 */@$_process_command_line_archiveFileName_1@$_host_ec
/* DECL: 11 */@$_main_in_file@$_host_s
Statement_Line_Number:
11
9
FITNESS: 0.35
@@@@@@@@@@@@@@@@@@@@@@@@@@@@@@
Abstract_Mappings:
$ABSTRACT_2 $_main_argv
$ABSTRACT_1 $_main_argc
$ABSTRACT_4 & archive
$ABSTRACT_3 & archive
$ABSTRACT_0 & archive
Declaration_Mappings:
/* DECL: 8 */@$_process_command_line_archiveFileName_1@$_host_s
/* DECL: 11 */@$_main_in_file@$_host_ec
Statement_Line_Number:
15
2
FITNESS: 0.35
@@@@@@@@@@@@@@@@@@@@@@@@@@@@@@
Abstract_Mappings:
$ABSTRACT_2 $_main_argv
$ABSTRACT_1 $_main_argc
$ABSTRACT_4 & archive
$ABSTRACT_3 & archive
$ABSTRACT_0 & archive
Declaration_Mappings:
/* DECL: 8 */@$_process_command_line_archiveFileName_1@$_host_ec
/* DECL: 11 */@$_main_in_file@$_host_path
Statement_Line_Number:
FITNESS: 0.35
@@@@@@@@@@@@@@@@@@@@@@@@@@@@@@
Abstract_Mappings:
$ABSTRACT_2 $_main_argv
$ABSTRACT_1 $_main_argc
$ABSTRACT_4 & archive
$ABSTRACT_3 & archive
$ABSTRACT_0 & archive
Declaration_Mappings:
/* DECL: 8 */@$_process_command_line_archiveFileName_1@$_host_path
/* DECL: 11 */@$_main_in_file@$_host_ec
Statement_Line_Number:
FITNESS: 0.35
@@@@@@@@@@@@@@@@@@@@@@@@@@@@@@
Abstract_Mappings:
$ABSTRACT_2 $_main_argv
$ABSTRACT_1 $_main_argc
$ABSTRACT_4 & archive
$ABSTRACT_3 & archive
$ABSTRACT_0 & archive
Declaration_Mappings:
/* DECL: 8 */@$_process_command_line_archiveFileName_1@$_host_ec
/* DECL: 11 */@$_main_in_file@$_host_s
Statement_Line_Number:
6
13
FITNESS: 0.35
@@@@@@@@@@@@@@@@@@@@@@@@@@@@@@
Abstract_Mappings:
$ABSTRACT_2 $_main_argv
$ABSTRACT_1 $_main_argc
$ABSTRACT_4 & archive
$ABSTRACT_3 & archive
$ABSTRACT_0 & archive
Declaration_Mappings:
/* DECL: 8 */@$_process_command_line_archiveFileName_1@$_host_path
/* DECL: 11 */@$_main_in_file@$_host_ec
Statement_Line_Number:
2
12
FITNESS: 0.35
@@@@@@@@@@@@@@@@@@@@@@@@@@@@@@
Abstract_Mappings:
$ABSTRACT_2 $_main_argv
$ABSTRACT_1 $_main_argc
$ABSTRACT_4 & archive
$ABSTRACT_3 & archive
$ABSTRACT_0 & archive
Declaration_Mappings:
/* DECL: 8 */@$_process_command_line_archiveFileName_1@$_host_path
/* DECL: 11 */@$_main_in_file@$_host_s
Statement_Line_Number:
9
1
FITNESS: 0.35
@@@@@@@@@@@@@@@@@@@@@@@@@@@@@@
Abstract_Mappings:
$ABSTRACT_2 $_main_argv
$ABSTRACT_1 $_main_argc
$ABSTRACT_4 & archive
$ABSTRACT_3 & archive
$ABSTRACT_0 & archive
Declaration_Mappings:
/* DECL: 8 */@$_process_command_line_archiveFileName_1@$_host_s
/* DECL: 11 */@$_main_in_file@$_host_ec
Statement_Line_Number:
7
9
FITNESS: 0.35
@@@@@@@@@@@@@@@@@@@@@@@@@@@@@@
Abstract_Mappings:
$ABSTRACT_2 $_main_argv
$ABSTRACT_1 $_main_argc
$ABSTRACT_4 & archive
$ABSTRACT_3 & archive
$ABSTRACT_0 & archive
Declaration_Mappings:
/* DECL: 8 */@$_process_command_line_archiveFileName_1@$_host_ec
/* DECL: 11 */@$_main_in_file@$_host_ec
Statement_Line_Number:
5
17
FITNESS: 0.35
@@@@@@@@@@@@@@@@@@@@@@@@@@@@@@
Abstract_Mappings:
$ABSTRACT_2 $_main_argv
$ABSTRACT_1 $_main_argc
$ABSTRACT_4 & archive
$ABSTRACT_3 & archive
$ABSTRACT_0 & archive
Declaration_Mappings:
/* DECL: 8 */@$_process_command_line_archiveFileName_1@$_host_path
/* DECL: 11 */@$_main_in_file@$_host_path
Statement_Line_Number:
15
21
FITNESS: 0.35
@@@@@@@@@@@@@@@@@@@@@@@@@@@@@@
Abstract_Mappings:
$ABSTRACT_2 $_main_argv
$ABSTRACT_1 $_main_argc
$ABSTRACT_4 & archive
$ABSTRACT_3 & archive
$ABSTRACT_0 & archive
Declaration_Mappings:
/* DECL: 8 */@$_process_command_line_archiveFileName_1@$_host_ec
/* DECL: 11 */@$_main_in_file@$_host_s
Statement_Line_Number:
4
21
FITNESS: 0.35
@@@@@@@@@@@@@@@@@@@@@@@@@@@@@@
Abstract_Mappings:
$ABSTRACT_2 $_main_argv
$ABSTRACT_1 $_main_argc
$ABSTRACT_4 & archive
$ABSTRACT_3 & archive
$ABSTRACT_0 & archive
Declaration_Mappings:
/* DECL: 8 */@$_process_command_line_archiveFileName_1@$_host_ec
/* DECL: 11 */@$_main_in_file@$_host_ec
Statement_Line_Number:
8
18
FITNESS: 0.35
@@@@@@@@@@@@@@@@@@@@@@@@@@@@@@
Abstract_Mappings:
$ABSTRACT_2 $_main_argv
$ABSTRACT_1 $_main_argc
$ABSTRACT_4 & archive
$ABSTRACT_3 & archive
$ABSTRACT_0 & archive
Declaration_Mappings:
/* DECL: 8 */@$_process_command_line_archiveFileName_1@$_host_s
/* DECL: 11 */@$_main_in_file@$_host_path
Statement_Line_Number:
16
FITNESS: 0.35
@@@@@@@@@@@@@@@@@@@@@@@@@@@@@@
Abstract_Mappings:
$ABSTRACT_2 $_main_argv
$ABSTRACT_1 $_main_argc
$ABSTRACT_4 & archive
$ABSTRACT_3 & archive
$ABSTRACT_0 & archive
Declaration_Mappings:
/* DECL: 8 */@$_process_command_line_archiveFileName_1@$_host_path
/* DECL: 11 */@$_main_in_file@$_host_ec
Statement_Line_Number:
FITNESS: 0.35
@@@@@@@@@@@@@@@@@@@@@@@@@@@@@@
Abstract_Mappings:
$ABSTRACT_2 $_main_argv
$ABSTRACT_1 $_main_argc
$ABSTRACT_4 & archive
$ABSTRACT_3 & archive
$ABSTRACT_0 & archive
Declaration_Mappings:
/* DECL: 8 */@$_process_command_line_archiveFileName_1@$_host_s
/* DECL: 11 */@$_main_in_file@$_host_path
Statement_Line_Number:
16
3
FITNESS: 0.35
@@@@@@@@@@@@@@@@@@@@@@@@@@@@@@
Abstract_Mappings:
$ABSTRACT_2 $_main_argv
$ABSTRACT_1 $_main_argc
$ABSTRACT_4 & archive
$ABSTRACT_3 & archive
$ABSTRACT_0 & archive
Declaration_Mappings:
/* DECL: 8 */@$_process_command_line_archiveFileName_1@$_host_ec
/* DECL: 11 */@$_main_in_file@$_host_s
Statement_Line_Number:
15
13
FITNESS: 0.35
@@@@@@@@@@@@@@@@@@@@@@@@@@@@@@
Abstract_Mappings:
$ABSTRACT_2 $_main_argv
$ABSTRACT_1 $_main_argc
$ABSTRACT_4 & archive
$ABSTRACT_3 & archive
$ABSTRACT_0 & archive
Declaration_Mappings:
/* DECL: 8 */@$_process_command_line_archiveFileName_1@$_host_path
/* DECL: 11 */@$_main_in_file@$_host_ec
Statement_Line_Number:
2
5
FITNESS: 0.35
@@@@@@@@@@@@@@@@@@@@@@@@@@@@@@
Abstract_Mappings:
$ABSTRACT_2 $_main_argv
$ABSTRACT_1 $_main_argc
$ABSTRACT_4 & archive
$ABSTRACT_3 & archive
$ABSTRACT_0 & archive
Declaration_Mappings:
/* DECL: 8 */@$_process_command_line_archiveFileName_1@$_host_s
/* DECL: 11 */@$_main_in_file@$_host_path
Statement_Line_Number:
9
4
FITNESS: 0.35
@@@@@@@@@@@@@@@@@@@@@@@@@@@@@@
Abstract_Mappings:
$ABSTRACT_2 $_main_argv
$ABSTRACT_1 $_main_argc
$ABSTRACT_4 & archive
$ABSTRACT_3 & archive
$ABSTRACT_0 & archive
Declaration_Mappings:
/* DECL: 8 */@$_process_command_line_archiveFileName_1@$_host_s
/* DECL: 11 */@$_main_in_file@$_host_ec
Statement_Line_Number:
FITNESS: 0.35
@@@@@@@@@@@@@@@@@@@@@@@@@@@@@@
Abstract_Mappings:
$ABSTRACT_2 $_main_argv
$ABSTRACT_1 $_main_argc
$ABSTRACT_4 & archive
$ABSTRACT_3 & archive
$ABSTRACT_0 & archive
Declaration_Mappings:
/* DECL: 8 */@$_process_command_line_archiveFileName_1@$_host_ec
/* DECL: 11 */@$_main_in_file@$_host_s
Statement_Line_Number:
13
3
FITNESS: 0.35
@@@@@@@@@@@@@@@@@@@@@@@@@@@@@@
Abstract_Mappings:
$ABSTRACT_2 $_main_argv
$ABSTRACT_1 $_main_argc
$ABSTRACT_4 & archive
$ABSTRACT_3 & archive
$ABSTRACT_0 & archive
Declaration_Mappings:
/* DECL: 8 */@$_process_command_line_archiveFileName_1@$_host_path
/* DECL: 11 */@$_main_in_file@$_host_ec
Statement_Line_Number:
5
20
FITNESS: 0.35
@@@@@@@@@@@@@@@@@@@@@@@@@@@@@@
Abstract_Mappings:
$ABSTRACT_2 $_main_argv
$ABSTRACT_1 $_main_argc
$ABSTRACT_4 & archive
$ABSTRACT_3 & archive
$ABSTRACT_0 & archive
Declaration_Mappings:
/* DECL: 8 */@$_process_command_line_archiveFileName_1@$_host_ec
/* DECL: 11 */@$_main_in_file@$_host_s
Statement_Line_Number:
12
11
FITNESS: 0.35
@@@@@@@@@@@@@@@@@@@@@@@@@@@@@@
Abstract_Mappings:
$ABSTRACT_2 $_main_argv
$ABSTRACT_1 $_main_argc
$ABSTRACT_4 & archive
$ABSTRACT_3 & archive
$ABSTRACT_0 & archive
Declaration_Mappings:
/* DECL: 8 */@$_process_command_line_archiveFileName_1@$_host_ec
/* DECL: 11 */@$_main_in_file@$_host_s
Statement_Line_Number:
2
6
FITNESS: 0.35
@@@@@@@@@@@@@@@@@@@@@@@@@@@@@@
Abstract_Mappings:
$ABSTRACT_2 $_main_argv
$ABSTRACT_1 $_main_argc
$ABSTRACT_4 & archive
$ABSTRACT_3 & archive
$ABSTRACT_0 & archive
Declaration_Mappings:
/* DECL: 8 */@$_process_command_line_archiveFileName_1@$_host_path
/* DECL: 11 */@$_main_in_file@$_host_s
Statement_Line_Number:
FITNESS: 0.35
@@@@@@@@@@@@@@@@@@@@@@@@@@@@@@
Abstract_Mappings:
$ABSTRACT_2 $_main_argv
$ABSTRACT_1 $_main_argc
$ABSTRACT_4 & archive
$ABSTRACT_3 & archive
$ABSTRACT_0 & archive
Declaration_Mappings:
/* DECL: 8 */@$_process_command_line_archiveFileName_1@$_host_ec
/* DECL: 11 */@$_main_in_file@$_host_s
Statement_Line_Number:
15
13
FITNESS: 0.35
@@@@@@@@@@@@@@@@@@@@@@@@@@@@@@
Abstract_Mappings:
$ABSTRACT_2 $_main_argv
$ABSTRACT_1 $_main_argc
$ABSTRACT_4 & archive
$ABSTRACT_3 & archive
$ABSTRACT_0 & archive
Declaration_Mappings:
/* DECL: 8 */@$_process_command_line_archiveFileName_1@$_host_s
/* DECL: 11 */@$_main_in_file@$_host_s
Statement_Line_Number:
FITNESS: 0.35
@@@@@@@@@@@@@@@@@@@@@@@@@@@@@@
Abstract_Mappings:
$ABSTRACT_2 $_main_argv
$ABSTRACT_1 $_main_argc
$ABSTRACT_4 & archive
$ABSTRACT_3 & archive
$ABSTRACT_0 & archive
Declaration_Mappings:
/* DECL: 8 */@$_process_command_line_archiveFileName_1@$_host_s
/* DECL: 11 */@$_main_in_file@$_host_ec
Statement_Line_Number:
12
11
FITNESS: 0.35
@@@@@@@@@@@@@@@@@@@@@@@@@@@@@@
Abstract_Mappings:
$ABSTRACT_2 $_main_argv
$ABSTRACT_1 $_main_argc
$ABSTRACT_4 & archive
$ABSTRACT_3 & archive
$ABSTRACT_0 & archive
Declaration_Mappings:
/* DECL: 8 */@$_process_command_line_archiveFileName_1@$_host_ec
/* DECL: 11 */@$_main_in_file@$_host_path
Statement_Line_Number:
12
2
FITNESS: 0.35
@@@@@@@@@@@@@@@@@@@@@@@@@@@@@@
Abstract_Mappings:
$ABSTRACT_2 $_main_argv
$ABSTRACT_1 $_main_argc
$ABSTRACT_4 & archive
$ABSTRACT_3 & archive
$ABSTRACT_0 & archive
Declaration_Mappings:
/* DECL: 8 */@$_process_command_line_archiveFileName_1@$_host_path
/* DECL: 11 */@$_main_in_file@$_host_s
Statement_Line_Number:
20
21
FITNESS: 0.35
@@@@@@@@@@@@@@@@@@@@@@@@@@@@@@
Abstract_Mappings:
$ABSTRACT_2 $_main_argv
$ABSTRACT_1 $_main_argc
$ABSTRACT_4 & archive
$ABSTRACT_3 & archive
$ABSTRACT_0 & archive
Declaration_Mappings:
/* DECL: 8 */@$_process_command_line_archiveFileName_1@$_host_path
/* DECL: 11 */@$_main_in_file@$_host_ec
Statement_Line_Number:
6
19
FITNESS: 0.35
@@@@@@@@@@@@@@@@@@@@@@@@@@@@@@
Abstract_Mappings:
$ABSTRACT_2 $_main_argv
$ABSTRACT_1 $_main_argc
$ABSTRACT_4 & archive
$ABSTRACT_3 & archive
$ABSTRACT_0 & archive
Declaration_Mappings:
/* DECL: 8 */@$_process_command_line_archiveFileName_1@$_host_s
/* DECL: 11 */@$_main_in_file@$_host_path
Statement_Line_Number:
21
15
FITNESS: 0.35
@@@@@@@@@@@@@@@@@@@@@@@@@@@@@@
Abstract_Mappings:
$ABSTRACT_2 $_main_argv
$ABSTRACT_1 $_main_argc
$ABSTRACT_4 & archive
$ABSTRACT_3 & archive
$ABSTRACT_0 & archive
Declaration_Mappings:
/* DECL: 8 */@$_process_command_line_archiveFileName_1@$_host_s
/* DECL: 11 */@$_main_in_file@$_host_ec
Statement_Line_Number:
18
2
FITNESS: 0.35
@@@@@@@@@@@@@@@@@@@@@@@@@@@@@@
Abstract_Mappings:
$ABSTRACT_2 $_main_argv
$ABSTRACT_1 $_main_argc
$ABSTRACT_4 & archive
$ABSTRACT_3 & archive
$ABSTRACT_0 & archive
Declaration_Mappings:
/* DECL: 8 */@$_process_command_line_archiveFileName_1@$_host_path
/* DECL: 11 */@$_main_in_file@$_host_ec
Statement_Line_Number:
7
13
FITNESS: 0.35
@@@@@@@@@@@@@@@@@@@@@@@@@@@@@@
Abstract_Mappings:
$ABSTRACT_2 $_main_argv
$ABSTRACT_1 $_main_argc
$ABSTRACT_4 & archive
$ABSTRACT_3 & archive
$ABSTRACT_0 & archive
Declaration_Mappings:
/* DECL: 8 */@$_process_command_line_archiveFileName_1@$_host_path
/* DECL: 11 */@$_main_in_file@$_host_s
Statement_Line_Number:
FITNESS: 0.35
@@@@@@@@@@@@@@@@@@@@@@@@@@@@@@
Abstract_Mappings:
$ABSTRACT_2 $_main_argv
$ABSTRACT_1 $_main_argc
$ABSTRACT_4 & archive
$ABSTRACT_3 & archive
$ABSTRACT_0 & archive
Declaration_Mappings:
/* DECL: 8 */@$_process_command_line_archiveFileName_1@$_host_s
/* DECL: 11 */@$_main_in_file@$_host_s
Statement_Line_Number:
FITNESS: 0.35
@@@@@@@@@@@@@@@@@@@@@@@@@@@@@@
Abstract_Mappings:
$ABSTRACT_2 $_main_argv
$ABSTRACT_1 $_main_argc
$ABSTRACT_4 & archive
$ABSTRACT_3 & archive
$ABSTRACT_0 & archive
Declaration_Mappings:
/* DECL: 8 */@$_process_command_line_archiveFileName_1@$_host_path
/* DECL: 11 */@$_main_in_file@$_host_ec
Statement_Line_Number:
3
7
FITNESS: 0.35
@@@@@@@@@@@@@@@@@@@@@@@@@@@@@@
Abstract_Mappings:
$ABSTRACT_2 $_main_argv
$ABSTRACT_1 $_main_argc
$ABSTRACT_4 & archive
$ABSTRACT_3 & archive
$ABSTRACT_0 & archive
Declaration_Mappings:
/* DECL: 8 */@$_process_command_line_archiveFileName_1@$_host_s
/* DECL: 11 */@$_main_in_file@$_host_ec
Statement_Line_Number:
FITNESS: 0.35
@@@@@@@@@@@@@@@@@@@@@@@@@@@@@@
Abstract_Mappings:
$ABSTRACT_2 $_main_argv
$ABSTRACT_1 $_main_argc
$ABSTRACT_4 & archive
$ABSTRACT_3 & archive
$ABSTRACT_0 & archive
Declaration_Mappings:
/* DECL: 8 */@$_process_command_line_archiveFileName_1@$_host_s
/* DECL: 11 */@$_main_in_file@$_host_ec
Statement_Line_Number:
FITNESS: 0.35
@@@@@@@@@@@@@@@@@@@@@@@@@@@@@@
Abstract_Mappings:
$ABSTRACT_2 $_main_argv
$ABSTRACT_1 $_main_argc
$ABSTRACT_4 & archive
$ABSTRACT_3 & archive
$ABSTRACT_0 & archive
Declaration_Mappings:
/* DECL: 8 */@$_process_command_line_archiveFileName_1@$_host_s
/* DECL: 11 */@$_main_in_file@$_host_path
Statement_Line_Number:
8
11
FITNESS: 0.35
@@@@@@@@@@@@@@@@@@@@@@@@@@@@@@
Abstract_Mappings:
$ABSTRACT_2 $_main_argv
$ABSTRACT_1 $_main_argc
$ABSTRACT_4 & archive
$ABSTRACT_3 & archive
$ABSTRACT_0 & archive
Declaration_Mappings:
/* DECL: 8 */@$_process_command_line_archiveFileName_1@$_host_s
/* DECL: 11 */@$_main_in_file@$_host_path
Statement_Line_Number:
0
12
FITNESS: 0.35
@@@@@@@@@@@@@@@@@@@@@@@@@@@@@@
Abstract_Mappings:
$ABSTRACT_2 $_main_argv
$ABSTRACT_1 $_main_argc
$ABSTRACT_4 & archive
$ABSTRACT_3 & archive
$ABSTRACT_0 & archive
Declaration_Mappings:
/* DECL: 8 */@$_process_command_line_archiveFileName_1@$_host_path
/* DECL: 11 */@$_main_in_file@$_host_path
Statement_Line_Number:
FITNESS: 0.35
@@@@@@@@@@@@@@@@@@@@@@@@@@@@@@
Abstract_Mappings:
$ABSTRACT_2 $_main_argv
$ABSTRACT_1 $_main_argc
$ABSTRACT_4 & archive
$ABSTRACT_3 & archive
$ABSTRACT_0 & archive
Declaration_Mappings:
/* DECL: 8 */@$_process_command_line_archiveFileName_1@$_host_ec
/* DECL: 11 */@$_main_in_file@$_host_path
Statement_Line_Number:
13
9
FITNESS: 0.35
@@@@@@@@@@@@@@@@@@@@@@@@@@@@@@
Abstract_Mappings:
$ABSTRACT_2 $_main_argv
$ABSTRACT_1 $_main_argc
$ABSTRACT_4 & archive
$ABSTRACT_3 & archive
$ABSTRACT_0 & archive
Declaration_Mappings:
/* DECL: 8 */@$_process_command_line_archiveFileName_1@$_host_s
/* DECL: 11 */@$_main_in_file@$_host_ec
Statement_Line_Number:
2
19
FITNESS: 0.35
@@@@@@@@@@@@@@@@@@@@@@@@@@@@@@
Abstract_Mappings:
$ABSTRACT_2 $_main_argv
$ABSTRACT_1 $_main_argc
$ABSTRACT_4 & archive
$ABSTRACT_3 & archive
$ABSTRACT_0 & archive
Declaration_Mappings:
/* DECL: 8 */@$_process_command_line_archiveFileName_1@$_host_path
/* DECL: 11 */@$_main_in_file@$_host_ec
Statement_Line_Number:
1
18
FITNESS: 0.35
@@@@@@@@@@@@@@@@@@@@@@@@@@@@@@
Abstract_Mappings:
$ABSTRACT_2 $_main_argv
$ABSTRACT_1 $_main_argc
$ABSTRACT_4 & archive
$ABSTRACT_3 & archive
$ABSTRACT_0 & archive
Declaration_Mappings:
/* DECL: 8 */@$_process_command_line_archiveFileName_1@$_host_s
/* DECL: 11 */@$_main_in_file@$_host_path
Statement_Line_Number:
FITNESS: 0.35
@@@@@@@@@@@@@@@@@@@@@@@@@@@@@@
Abstract_Mappings:
$ABSTRACT_2 $_main_argv
$ABSTRACT_1 $_main_argc
$ABSTRACT_4 & archive
$ABSTRACT_3 & archive
$ABSTRACT_0 & archive
Declaration_Mappings:
/* DECL: 8 */@$_process_command_line_archiveFileName_1@$_host_s
/* DECL: 11 */@$_main_in_file@$_host_path
Statement_Line_Number:
2
12
FITNESS: 0.35
@@@@@@@@@@@@@@@@@@@@@@@@@@@@@@
Abstract_Mappings:
$ABSTRACT_2 $_main_argv
$ABSTRACT_1 $_main_argc
$ABSTRACT_4 & archive
$ABSTRACT_3 & archive
$ABSTRACT_0 & archive
Declaration_Mappings:
/* DECL: 8 */@$_process_command_line_archiveFileName_1@$_host_ec
/* DECL: 11 */@$_main_in_file@$_host_ec
Statement_Line_Number:
8
2
FITNESS: 0.35
@@@@@@@@@@@@@@@@@@@@@@@@@@@@@@
Abstract_Mappings:
$ABSTRACT_2 $_main_argv
$ABSTRACT_1 $_main_argc
$ABSTRACT_4 & archive
$ABSTRACT_3 & archive
$ABSTRACT_0 & archive
Declaration_Mappings:
/* DECL: 8 */@$_process_command_line_archiveFileName_1@$_host_path
/* DECL: 11 */@$_main_in_file@$_host_ec
Statement_Line_Number:
FITNESS: 0.35
@@@@@@@@@@@@@@@@@@@@@@@@@@@@@@
Abstract_Mappings:
$ABSTRACT_2 $_main_argv
$ABSTRACT_1 $_main_argc
$ABSTRACT_4 & archive
$ABSTRACT_3 & archive
$ABSTRACT_0 & archive
Declaration_Mappings:
/* DECL: 8 */@$_process_command_line_archiveFileName_1@$_host_ec
/* DECL: 11 */@$_main_in_file@$_host_path
Statement_Line_Number:
FITNESS: 0.35
@@@@@@@@@@@@@@@@@@@@@@@@@@@@@@
Abstract_Mappings:
$ABSTRACT_2 $_main_argv
$ABSTRACT_1 $_main_argc
$ABSTRACT_4 & archive
$ABSTRACT_3 & archive
$ABSTRACT_0 & archive
Declaration_Mappings:
/* DECL: 8 */@$_process_command_line_archiveFileName_1@$_host_ec
/* DECL: 11 */@$_main_in_file@$_host_ec
Statement_Line_Number:
18
8
FITNESS: 0.35
@@@@@@@@@@@@@@@@@@@@@@@@@@@@@@
Abstract_Mappings:
$ABSTRACT_2 $_main_argv
$ABSTRACT_1 $_main_argc
$ABSTRACT_4 & archive
$ABSTRACT_3 & archive
$ABSTRACT_0 & archive
Declaration_Mappings:
/* DECL: 8 */@$_process_command_line_archiveFileName_1@$_host_path
/* DECL: 11 */@$_main_in_file@$_host_s
Statement_Line_Number:
21
2
FITNESS: 0.35
@@@@@@@@@@@@@@@@@@@@@@@@@@@@@@
Abstract_Mappings:
$ABSTRACT_2 $_main_argv
$ABSTRACT_1 $_main_argc
$ABSTRACT_4 & archive
$ABSTRACT_3 & archive
$ABSTRACT_0 & archive
Declaration_Mappings:
/* DECL: 8 */@$_process_command_line_archiveFileName_1@$_host_path
/* DECL: 11 */@$_main_in_file@$_host_s
Statement_Line_Number:
3
9
FITNESS: 0.35
@@@@@@@@@@@@@@@@@@@@@@@@@@@@@@
Abstract_Mappings:
$ABSTRACT_2 $_main_argv
$ABSTRACT_1 $_main_argc
$ABSTRACT_4 & archive
$ABSTRACT_3 & archive
$ABSTRACT_0 & archive
Declaration_Mappings:
/* DECL: 8 */@$_process_command_line_archiveFileName_1@$_host_path
/* DECL: 11 */@$_main_in_file@$_host_ec
Statement_Line_Number:
12
2
FITNESS: 0.35
@@@@@@@@@@@@@@@@@@@@@@@@@@@@@@
Abstract_Mappings:
$ABSTRACT_2 $_main_argv
$ABSTRACT_1 $_main_argc
$ABSTRACT_4 & archive
$ABSTRACT_3 & archive
$ABSTRACT_0 & archive
Declaration_Mappings:
/* DECL: 8 */@$_process_command_line_archiveFileName_1@$_host_path
/* DECL: 11 */@$_main_in_file@$_host_ec
Statement_Line_Number:
2
12
FITNESS: 0.35
@@@@@@@@@@@@@@@@@@@@@@@@@@@@@@
Abstract_Mappings:
$ABSTRACT_2 $_main_argv
$ABSTRACT_1 $_main_argc
$ABSTRACT_4 & archive
$ABSTRACT_3 & archive
$ABSTRACT_0 & archive
Declaration_Mappings:
/* DECL: 8 */@$_process_command_line_archiveFileName_1@$_host_s
/* DECL: 11 */@$_main_in_file@$_host_path
Statement_Line_Number:
21
4
FITNESS: 0.35
@@@@@@@@@@@@@@@@@@@@@@@@@@@@@@
Abstract_Mappings:
$ABSTRACT_2 $_main_argv
$ABSTRACT_1 $_main_argc
$ABSTRACT_4 & archive
$ABSTRACT_3 & archive
$ABSTRACT_0 & archive
Declaration_Mappings:
/* DECL: 8 */@$_process_command_line_archiveFileName_1@$_host_s
/* DECL: 11 */@$_main_in_file@$_host_s
Statement_Line_Number:
4
21
FITNESS: 0.35
@@@@@@@@@@@@@@@@@@@@@@@@@@@@@@
Abstract_Mappings:
$ABSTRACT_2 $_main_argv
$ABSTRACT_1 $_main_argc
$ABSTRACT_4 & archive
$ABSTRACT_3 & archive
$ABSTRACT_0 & archive
Declaration_Mappings:
/* DECL: 8 */@$_process_command_line_archiveFileName_1@$_host_s
/* DECL: 11 */@$_main_in_file@$_host_path
Statement_Line_Number:
0
21
FITNESS: 0.35
@@@@@@@@@@@@@@@@@@@@@@@@@@@@@@
Abstract_Mappings:
$ABSTRACT_2 $_main_argv
$ABSTRACT_1 $_main_argc
$ABSTRACT_4 & archive
$ABSTRACT_3 & archive
$ABSTRACT_0 & archive
Declaration_Mappings:
/* DECL: 8 */@$_process_command_line_archiveFileName_1@$_host_s
/* DECL: 11 */@$_main_in_file@$_host_path
Statement_Line_Number:
16
FITNESS: 0.35
@@@@@@@@@@@@@@@@@@@@@@@@@@@@@@
Abstract_Mappings:
$ABSTRACT_2 $_main_argv
$ABSTRACT_1 $_main_argc
$ABSTRACT_4 & archive
$ABSTRACT_3 & archive
$ABSTRACT_0 & archive
Declaration_Mappings:
/* DECL: 8 */@$_process_command_line_archiveFileName_1@$_host_s
/* DECL: 11 */@$_main_in_file@$_host_path
Statement_Line_Number:
16
FITNESS: 0.35
@@@@@@@@@@@@@@@@@@@@@@@@@@@@@@
Abstract_Mappings:
$ABSTRACT_2 $_main_argv
$ABSTRACT_1 $_main_argc
$ABSTRACT_4 & archive
$ABSTRACT_3 & archive
$ABSTRACT_0 & archive
Declaration_Mappings:
/* DECL: 8 */@$_process_command_line_archiveFileName_1@$_host_ec
/* DECL: 11 */@$_main_in_file@$_host_s
Statement_Line_Number:
13
15
FITNESS: 0.35
@@@@@@@@@@@@@@@@@@@@@@@@@@@@@@
Abstract_Mappings:
$ABSTRACT_2 $_main_argv
$ABSTRACT_1 $_main_argc
$ABSTRACT_4 & archive
$ABSTRACT_3 & archive
$ABSTRACT_0 & archive
Declaration_Mappings:
/* DECL: 8 */@$_process_command_line_archiveFileName_1@$_host_ec
/* DECL: 11 */@$_main_in_file@$_host_s
Statement_Line_Number:
15
13
FITNESS: 0.35
@@@@@@@@@@@@@@@@@@@@@@@@@@@@@@
Abstract_Mappings:
$ABSTRACT_2 $_main_argv
$ABSTRACT_1 $_main_argc
$ABSTRACT_4 & archive
$ABSTRACT_3 & archive
$ABSTRACT_0 & archive
Declaration_Mappings:
/* DECL: 8 */@$_process_command_line_archiveFileName_1@$_host_path
/* DECL: 11 */@$_main_in_file@$_host_s
Statement_Line_Number:
5
2
FITNESS: 0.35
@@@@@@@@@@@@@@@@@@@@@@@@@@@@@@
Abstract_Mappings:
$ABSTRACT_2 $_main_argv
$ABSTRACT_1 $_main_argc
$ABSTRACT_4 & archive
$ABSTRACT_3 & archive
$ABSTRACT_0 & archive
Declaration_Mappings:
/* DECL: 8 */@$_process_command_line_archiveFileName_1@$_host_path
/* DECL: 11 */@$_main_in_file@$_host_path
Statement_Line_Number:
20
5
FITNESS: 0.35
@@@@@@@@@@@@@@@@@@@@@@@@@@@@@@
Abstract_Mappings:
$ABSTRACT_2 $_main_argv
$ABSTRACT_1 $_main_argc
$ABSTRACT_4 & archive
$ABSTRACT_3 & archive
$ABSTRACT_0 & archive
Declaration_Mappings:
/* DECL: 8 */@$_process_command_line_archiveFileName_1@$_host_path
/* DECL: 11 */@$_main_in_file@$_host_ec
Statement_Line_Number:
5
20
FITNESS: 0.35
@@@@@@@@@@@@@@@@@@@@@@@@@@@@@@
Abstract_Mappings:
$ABSTRACT_2 $_main_argv
$ABSTRACT_1 $_main_argc
$ABSTRACT_4 & archive
$ABSTRACT_3 & archive
$ABSTRACT_0 & archive
Declaration_Mappings:
/* DECL: 8 */@$_process_command_line_archiveFileName_1@$_host_path
/* DECL: 11 */@$_main_in_file@$_host_s
Statement_Line_Number:
11
12
FITNESS: 0.35
@@@@@@@@@@@@@@@@@@@@@@@@@@@@@@
Abstract_Mappings:
$ABSTRACT_2 $_main_argv
$ABSTRACT_1 $_main_argc
$ABSTRACT_4 & archive
$ABSTRACT_3 & archive
$ABSTRACT_0 & archive
Declaration_Mappings:
/* DECL: 8 */@$_process_command_line_archiveFileName_1@$_host_ec
/* DECL: 11 */@$_main_in_file@$_host_s
Statement_Line_Number:
2
6
FITNESS: 0.35
@@@@@@@@@@@@@@@@@@@@@@@@@@@@@@
Abstract_Mappings:
$ABSTRACT_2 $_main_argv
$ABSTRACT_1 $_main_argc
$ABSTRACT_4 & archive
$ABSTRACT_3 & archive
$ABSTRACT_0 & archive
Declaration_Mappings:
/* DECL: 8 */@$_process_command_line_archiveFileName_1@$_host_s
/* DECL: 11 */@$_main_in_file@$_host_path
Statement_Line_Number:
11
8
FITNESS: 0.35
@@@@@@@@@@@@@@@@@@@@@@@@@@@@@@
Abstract_Mappings:
$ABSTRACT_2 $_main_argv
$ABSTRACT_1 $_main_argc
$ABSTRACT_4 & archive
$ABSTRACT_3 & archive
$ABSTRACT_0 & archive
Declaration_Mappings:
/* DECL: 8 */@$_process_command_line_archiveFileName_1@$_host_ec
/* DECL: 11 */@$_main_in_file@$_host_path
Statement_Line_Number:
8
11
FITNESS: 0.35
@@@@@@@@@@@@@@@@@@@@@@@@@@@@@@
Abstract_Mappings:
$ABSTRACT_2 $_main_argv
$ABSTRACT_1 $_main_argc
$ABSTRACT_4 & archive
$ABSTRACT_3 & archive
$ABSTRACT_0 & archive
Declaration_Mappings:
/* DECL: 8 */@$_process_command_line_archiveFileName_1@$_host_s
/* DECL: 11 */@$_main_in_file@$_host_path
Statement_Line_Number:
0
12
FITNESS: 0.35
@@@@@@@@@@@@@@@@@@@@@@@@@@@@@@
Abstract_Mappings:
$ABSTRACT_2 $_main_argv
$ABSTRACT_1 $_main_argc
$ABSTRACT_4 & archive
$ABSTRACT_3 & archive
$ABSTRACT_0 & archive
Declaration_Mappings:
/* DECL: 8 */@$_process_command_line_archiveFileName_1@$_host_s
/* DECL: 11 */@$_main_in_file@$_host_ec
Statement_Line_Number:
1
18
FITNESS: 0.35
@@@@@@@@@@@@@@@@@@@@@@@@@@@@@@
Abstract_Mappings:
$ABSTRACT_2 $_main_argv
$ABSTRACT_1 $_main_argc
$ABSTRACT_4 & archive
$ABSTRACT_3 & archive
$ABSTRACT_0 & archive
Declaration_Mappings:
/* DECL: 8 */@$_process_command_line_archiveFileName_1@$_host_s
/* DECL: 11 */@$_main_in_file@$_host_ec
Statement_Line_Number:
6
1
FITNESS: 0.35
@@@@@@@@@@@@@@@@@@@@@@@@@@@@@@
Abstract_Mappings:
$ABSTRACT_2 $_main_argv
$ABSTRACT_1 $_main_argc
$ABSTRACT_4 & archive
$ABSTRACT_3 & archive
$ABSTRACT_0 & archive
Declaration_Mappings:
/* DECL: 8 */@$_process_command_line_archiveFileName_1@$_host_s
/* DECL: 11 */@$_main_in_file@$_host_path
Statement_Line_Number:
12
2
FITNESS: 0.35
@@@@@@@@@@@@@@@@@@@@@@@@@@@@@@
Abstract_Mappings:
$ABSTRACT_2 $_main_argv
$ABSTRACT_1 $_main_argc
$ABSTRACT_4 & archive
$ABSTRACT_3 & archive
$ABSTRACT_0 & archive
Declaration_Mappings:
/* DECL: 8 */@$_process_command_line_archiveFileName_1@$_host_s
/* DECL: 11 */@$_main_in_file@$_host_ec
Statement_Line_Number:
2
12
FITNESS: 0.35
@@@@@@@@@@@@@@@@@@@@@@@@@@@@@@
Abstract_Mappings:
$ABSTRACT_2 $_main_argv
$ABSTRACT_1 $_main_argc
$ABSTRACT_4 & archive
$ABSTRACT_3 & archive
$ABSTRACT_0 & archive
Declaration_Mappings:
/* DECL: 8 */@$_process_command_line_archiveFileName_1@$_host_s
/* DECL: 11 */@$_main_in_file@$_host_ec
Statement_Line_Number:
2
8
FITNESS: 0.35
@@@@@@@@@@@@@@@@@@@@@@@@@@@@@@
Abstract_Mappings:
$ABSTRACT_2 $_main_argv
$ABSTRACT_1 $_main_argc
$ABSTRACT_4 & archive
$ABSTRACT_3 & archive
$ABSTRACT_0 & archive
Declaration_Mappings:
/* DECL: 8 */@$_process_command_line_archiveFileName_1@$_host_ec
/* DECL: 11 */@$_main_in_file@$_host_s
Statement_Line_Number:
8
2
FITNESS: 0.35
@@@@@@@@@@@@@@@@@@@@@@@@@@@@@@
