Abstract_Mappings:
$ABSTRACT_2 $_main_argv
$ABSTRACT_1 $_main_argc
$ABSTRACT_4 & archive
$ABSTRACT_3 & archive
$ABSTRACT_0 & archive
Declaration_Mappings:
/* DECL: 8 */@$_process_command_line_archiveFileName_1@$_host_ec
/* DECL: 11 */@$_main_in_file@$_host_ec
Statement_Line_Number:
10
1
16
14
0
FITNESS: 0.35
@@@@@@@@@@@@@@@@@@@@@@@@@@@@@@
Abstract_Mappings:
$ABSTRACT_2 $_main_argv
$ABSTRACT_1 $_main_argc
$ABSTRACT_4 & archive
$ABSTRACT_3 & archive
$ABSTRACT_0 & archive
Declaration_Mappings:
/* DECL: 8 */@$_process_command_line_archiveFileName_1@$_host_s
/* DECL: 11 */@$_main_in_file@$_host_path
Statement_Line_Number:
8
18
9
3
15
21
11
FITNESS: 0.35
@@@@@@@@@@@@@@@@@@@@@@@@@@@@@@
Abstract_Mappings:
$ABSTRACT_2 $_main_argv
$ABSTRACT_1 $_main_argc
$ABSTRACT_4 & archive
$ABSTRACT_3 & archive
$ABSTRACT_0 & archive
Declaration_Mappings:
/* DECL: 8 */@$_process_command_line_archiveFileName_1@$_host_path
/* DECL: 11 */@$_main_in_file@$_host_ec
Statement_Line_Number:
17
9
6
21
FITNESS: 0.35
@@@@@@@@@@@@@@@@@@@@@@@@@@@@@@
Abstract_Mappings:
$ABSTRACT_2 $_main_argv
$ABSTRACT_1 $_main_argc
$ABSTRACT_4 & archive
$ABSTRACT_3 & archive
$ABSTRACT_0 & archive
Declaration_Mappings:
/* DECL: 8 */@$_process_command_line_archiveFileName_1@$_host_s
/* DECL: 11 */@$_main_in_file@$_host_path
Statement_Line_Number:
2
0
FITNESS: 0.35
@@@@@@@@@@@@@@@@@@@@@@@@@@@@@@
Abstract_Mappings:
$ABSTRACT_2 $_main_argv
$ABSTRACT_1 $_main_argc
$ABSTRACT_4 & archive
$ABSTRACT_3 & archive
$ABSTRACT_0 & archive
Declaration_Mappings:
/* DECL: 8 */@$_process_command_line_archiveFileName_1@$_host_s
/* DECL: 11 */@$_main_in_file@$_host_s
Statement_Line_Number:
12
15
16
13
7
FITNESS: 0.35
@@@@@@@@@@@@@@@@@@@@@@@@@@@@@@
Abstract_Mappings:
$ABSTRACT_2 $_main_argv
$ABSTRACT_1 $_main_argc
$ABSTRACT_4 & archive
$ABSTRACT_3 & archive
$ABSTRACT_0 & archive
Declaration_Mappings:
/* DECL: 8 */@$_process_command_line_archiveFileName_1@$_host_ec
/* DECL: 11 */@$_main_in_file@$_host_s
Statement_Line_Number:
12
21
2
4
10
FITNESS: 0.35
@@@@@@@@@@@@@@@@@@@@@@@@@@@@@@
Abstract_Mappings:
$ABSTRACT_2 $_main_argv
$ABSTRACT_1 $_main_argc
$ABSTRACT_4 & archive
$ABSTRACT_3 & archive
$ABSTRACT_0 & archive
Declaration_Mappings:
/* DECL: 8 */@$_process_command_line_archiveFileName_1@$_host_s
/* DECL: 11 */@$_main_in_file@$_host_ec
Statement_Line_Number:
FITNESS: 0.35
@@@@@@@@@@@@@@@@@@@@@@@@@@@@@@
Abstract_Mappings:
$ABSTRACT_2 $_main_argv
$ABSTRACT_1 $_main_argc
$ABSTRACT_4 & archive
$ABSTRACT_3 & archive
$ABSTRACT_0 & archive
Declaration_Mappings:
/* DECL: 8 */@$_process_command_line_archiveFileName_1@$_host_path
/* DECL: 11 */@$_main_in_file@$_host_s
Statement_Line_Number:
11
9
13
14
FITNESS: 0.35
@@@@@@@@@@@@@@@@@@@@@@@@@@@@@@
Abstract_Mappings:
$ABSTRACT_2 $_main_argv
$ABSTRACT_1 $_main_argc
$ABSTRACT_4 & archive
$ABSTRACT_3 & archive
$ABSTRACT_0 & archive
Declaration_Mappings:
/* DECL: 8 */@$_process_command_line_archiveFileName_1@$_host_s
/* DECL: 11 */@$_main_in_file@$_host_path
Statement_Line_Number:
18
13
21
19
3
4
FITNESS: 0.35
@@@@@@@@@@@@@@@@@@@@@@@@@@@@@@
Abstract_Mappings:
$ABSTRACT_2 $_main_argv
$ABSTRACT_1 $_main_argc
$ABSTRACT_4 & archive
$ABSTRACT_3 & archive
$ABSTRACT_0 & archive
Declaration_Mappings:
/* DECL: 8 */@$_process_command_line_archiveFileName_1@$_host_path
/* DECL: 11 */@$_main_in_file@$_host_s
Statement_Line_Number:
7
9
20
2
3
FITNESS: 0.35
@@@@@@@@@@@@@@@@@@@@@@@@@@@@@@
Abstract_Mappings:
$ABSTRACT_2 $_main_argv
$ABSTRACT_1 $_main_argc
$ABSTRACT_4 & archive
$ABSTRACT_3 & archive
$ABSTRACT_0 & archive
Declaration_Mappings:
/* DECL: 8 */@$_process_command_line_archiveFileName_1@$_host_s
/* DECL: 11 */@$_main_in_file@$_host_ec
Statement_Line_Number:
1
5
17
9
FITNESS: 0.35
@@@@@@@@@@@@@@@@@@@@@@@@@@@@@@
Abstract_Mappings:
$ABSTRACT_2 $_main_argv
$ABSTRACT_1 $_main_argc
$ABSTRACT_4 & archive
$ABSTRACT_3 & archive
$ABSTRACT_0 & archive
Declaration_Mappings:
/* DECL: 8 */@$_process_command_line_archiveFileName_1@$_host_path
/* DECL: 11 */@$_main_in_file@$_host_ec
Statement_Line_Number:
0
7
12
6
FITNESS: 0.35
@@@@@@@@@@@@@@@@@@@@@@@@@@@@@@
Abstract_Mappings:
$ABSTRACT_2 $_main_argv
$ABSTRACT_1 $_main_argc
$ABSTRACT_4 & archive
$ABSTRACT_3 & archive
$ABSTRACT_0 & archive
Declaration_Mappings:
/* DECL: 8 */@$_process_command_line_archiveFileName_1@$_host_path
/* DECL: 11 */@$_main_in_file@$_host_path
Statement_Line_Number:
2
12
13
20
15
FITNESS: 0.35
@@@@@@@@@@@@@@@@@@@@@@@@@@@@@@
Abstract_Mappings:
$ABSTRACT_2 $_main_argv
$ABSTRACT_1 $_main_argc
$ABSTRACT_4 & archive
$ABSTRACT_3 & archive
$ABSTRACT_0 & archive
Declaration_Mappings:
/* DECL: 8 */@$_process_command_line_archiveFileName_1@$_host_s
/* DECL: 11 */@$_main_in_file@$_host_path
Statement_Line_Number:
4
2
3
1
FITNESS: 0.35
@@@@@@@@@@@@@@@@@@@@@@@@@@@@@@
Abstract_Mappings:
$ABSTRACT_2 $_main_argv
$ABSTRACT_1 $_main_argc
$ABSTRACT_4 & archive
$ABSTRACT_3 & archive
$ABSTRACT_0 & archive
Declaration_Mappings:
/* DECL: 8 */@$_process_command_line_archiveFileName_1@$_host_s
/* DECL: 11 */@$_main_in_file@$_host_path
Statement_Line_Number:
10
6
16
0
FITNESS: 0.35
@@@@@@@@@@@@@@@@@@@@@@@@@@@@@@
Abstract_Mappings:
$ABSTRACT_2 $_main_argv
$ABSTRACT_1 $_main_argc
$ABSTRACT_4 & archive
$ABSTRACT_3 & archive
$ABSTRACT_0 & archive
Declaration_Mappings:
/* DECL: 8 */@$_process_command_line_archiveFileName_1@$_host_s
/* DECL: 11 */@$_main_in_file@$_host_ec
Statement_Line_Number:
1
8
3
5
FITNESS: 0.35
@@@@@@@@@@@@@@@@@@@@@@@@@@@@@@
Abstract_Mappings:
$ABSTRACT_2 $_main_argv
$ABSTRACT_1 $_main_argc
$ABSTRACT_4 & archive
$ABSTRACT_3 & archive
$ABSTRACT_0 & archive
Declaration_Mappings:
/* DECL: 8 */@$_process_command_line_archiveFileName_1@$_host_path
/* DECL: 11 */@$_main_in_file@$_host_ec
Statement_Line_Number:
1
8
3
FITNESS: 0.35
@@@@@@@@@@@@@@@@@@@@@@@@@@@@@@
Abstract_Mappings:
$ABSTRACT_2 $_main_argv
$ABSTRACT_1 $_main_argc
$ABSTRACT_4 & archive
$ABSTRACT_3 & archive
$ABSTRACT_0 & archive
Declaration_Mappings:
/* DECL: 8 */@$_process_command_line_archiveFileName_1@$_host_ec
/* DECL: 11 */@$_main_in_file@$_host_ec
Statement_Line_Number:
7
1
9
10
4
13
15
FITNESS: 0.35
@@@@@@@@@@@@@@@@@@@@@@@@@@@@@@
Abstract_Mappings:
$ABSTRACT_2 $_main_argv
$ABSTRACT_1 $_main_argc
$ABSTRACT_4 & archive
$ABSTRACT_3 & archive
$ABSTRACT_0 & archive
Declaration_Mappings:
/* DECL: 8 */@$_process_command_line_archiveFileName_1@$_host_s
/* DECL: 11 */@$_main_in_file@$_host_ec
Statement_Line_Number:
15
6
2
18
7
3
FITNESS: 0.35
@@@@@@@@@@@@@@@@@@@@@@@@@@@@@@
Abstract_Mappings:
$ABSTRACT_2 $_main_argv
$ABSTRACT_1 $_main_argc
$ABSTRACT_4 & archive
$ABSTRACT_3 & archive
$ABSTRACT_0 & archive
Declaration_Mappings:
/* DECL: 8 */@$_process_command_line_archiveFileName_1@$_host_s
/* DECL: 11 */@$_main_in_file@$_host_path
Statement_Line_Number:
17
FITNESS: 0.35
@@@@@@@@@@@@@@@@@@@@@@@@@@@@@@
Abstract_Mappings:
$ABSTRACT_2 $_main_argv
$ABSTRACT_1 $_main_argc
$ABSTRACT_4 & archive
$ABSTRACT_3 & archive
$ABSTRACT_0 & archive
Declaration_Mappings:
/* DECL: 8 */@$_process_command_line_archiveFileName_1@$_host_path
/* DECL: 11 */@$_main_in_file@$_host_path
Statement_Line_Number:
4
1
12
11
9
FITNESS: 0.35
@@@@@@@@@@@@@@@@@@@@@@@@@@@@@@
Abstract_Mappings:
$ABSTRACT_2 $_main_argv
$ABSTRACT_1 $_main_argc
$ABSTRACT_4 & archive
$ABSTRACT_3 & archive
$ABSTRACT_0 & archive
Declaration_Mappings:
/* DECL: 8 */@$_process_command_line_archiveFileName_1@$_host_s
/* DECL: 11 */@$_main_in_file@$_host_path
Statement_Line_Number:
15
9
16
21
FITNESS: 0.35
@@@@@@@@@@@@@@@@@@@@@@@@@@@@@@
Abstract_Mappings:
$ABSTRACT_2 $_main_argv
$ABSTRACT_1 $_main_argc
$ABSTRACT_4 & archive
$ABSTRACT_3 & archive
$ABSTRACT_0 & archive
Declaration_Mappings:
/* DECL: 8 */@$_process_command_line_archiveFileName_1@$_host_ec
/* DECL: 11 */@$_main_in_file@$_host_ec
Statement_Line_Number:
20
11
6
7
8
FITNESS: 0.35
@@@@@@@@@@@@@@@@@@@@@@@@@@@@@@
Abstract_Mappings:
$ABSTRACT_2 $_main_argv
$ABSTRACT_1 $_main_argc
$ABSTRACT_4 & archive
$ABSTRACT_3 & archive
$ABSTRACT_0 & archive
Declaration_Mappings:
/* DECL: 8 */@$_process_command_line_archiveFileName_1@$_host_s
/* DECL: 11 */@$_main_in_file@$_host_ec
Statement_Line_Number:
2
8
13
17
FITNESS: 0.35
@@@@@@@@@@@@@@@@@@@@@@@@@@@@@@
Abstract_Mappings:
$ABSTRACT_2 $_main_argv
$ABSTRACT_1 $_main_argc
$ABSTRACT_4 & archive
$ABSTRACT_3 & archive
$ABSTRACT_0 & archive
Declaration_Mappings:
/* DECL: 8 */@$_process_command_line_archiveFileName_1@$_host_ec
/* DECL: 11 */@$_main_in_file@$_host_path
Statement_Line_Number:
8
18
9
7
3
11
FITNESS: 0.35
@@@@@@@@@@@@@@@@@@@@@@@@@@@@@@
Abstract_Mappings:
$ABSTRACT_2 $_main_argv
$ABSTRACT_1 $_main_argc
$ABSTRACT_4 & archive
$ABSTRACT_3 & archive
$ABSTRACT_0 & archive
Declaration_Mappings:
/* DECL: 8 */@$_process_command_line_archiveFileName_1@$_host_s
/* DECL: 11 */@$_main_in_file@$_host_path
Statement_Line_Number:
1
2
18
15
13
21
8
20
FITNESS: 0.35
@@@@@@@@@@@@@@@@@@@@@@@@@@@@@@
Abstract_Mappings:
$ABSTRACT_2 $_main_argv
$ABSTRACT_1 $_main_argc
$ABSTRACT_4 & archive
$ABSTRACT_3 & archive
$ABSTRACT_0 & archive
Declaration_Mappings:
/* DECL: 8 */@$_process_command_line_archiveFileName_1@$_host_path
/* DECL: 11 */@$_main_in_file@$_host_path
Statement_Line_Number:
2
21
8
4
FITNESS: 0.35
@@@@@@@@@@@@@@@@@@@@@@@@@@@@@@
Abstract_Mappings:
$ABSTRACT_2 $_main_argv
$ABSTRACT_1 $_main_argc
$ABSTRACT_4 & archive
$ABSTRACT_3 & archive
$ABSTRACT_0 & archive
Declaration_Mappings:
/* DECL: 8 */@$_process_command_line_archiveFileName_1@$_host_s
/* DECL: 11 */@$_main_in_file@$_host_path
Statement_Line_Number:
12
10
21
FITNESS: 0.35
@@@@@@@@@@@@@@@@@@@@@@@@@@@@@@
Abstract_Mappings:
$ABSTRACT_2 $_main_argv
$ABSTRACT_1 $_main_argc
$ABSTRACT_4 & archive
$ABSTRACT_3 & archive
$ABSTRACT_0 & archive
Declaration_Mappings:
/* DECL: 8 */@$_process_command_line_archiveFileName_1@$_host_path
/* DECL: 11 */@$_main_in_file@$_host_ec
Statement_Line_Number:
9
12
21
13
20
FITNESS: 0.35
@@@@@@@@@@@@@@@@@@@@@@@@@@@@@@
Abstract_Mappings:
$ABSTRACT_2 $_main_argv
$ABSTRACT_1 $_main_argc
$ABSTRACT_4 & archive
$ABSTRACT_3 & archive
$ABSTRACT_0 & archive
Declaration_Mappings:
/* DECL: 8 */@$_process_command_line_archiveFileName_1@$_host_path
/* DECL: 11 */@$_main_in_file@$_host_ec
Statement_Line_Number:
20
0
7
FITNESS: 0.35
@@@@@@@@@@@@@@@@@@@@@@@@@@@@@@
Abstract_Mappings:
$ABSTRACT_2 $_main_argv
$ABSTRACT_1 $_main_argc
$ABSTRACT_4 & archive
$ABSTRACT_3 & archive
$ABSTRACT_0 & archive
Declaration_Mappings:
/* DECL: 8 */@$_process_command_line_archiveFileName_1@$_host_s
/* DECL: 11 */@$_main_in_file@$_host_path
Statement_Line_Number:
4
1
7
2
8
13
5
0
17
12
3
FITNESS: 0.35
@@@@@@@@@@@@@@@@@@@@@@@@@@@@@@
Abstract_Mappings:
$ABSTRACT_2 $_main_argv
$ABSTRACT_1 $_main_argc
$ABSTRACT_4 & archive
$ABSTRACT_3 & archive
$ABSTRACT_0 & archive
Declaration_Mappings:
/* DECL: 8 */@$_process_command_line_archiveFileName_1@$_host_ec
/* DECL: 11 */@$_main_in_file@$_host_ec
Statement_Line_Number:
13
1
7
3
20
0
11
6
2
4
FITNESS: 0.35
@@@@@@@@@@@@@@@@@@@@@@@@@@@@@@
Abstract_Mappings:
$ABSTRACT_2 $_main_argv
$ABSTRACT_1 $_main_argc
$ABSTRACT_4 & archive
$ABSTRACT_3 & archive
$ABSTRACT_0 & archive
Declaration_Mappings:
/* DECL: 8 */@$_process_command_line_archiveFileName_1@$_host_s
/* DECL: 11 */@$_main_in_file@$_host_ec
Statement_Line_Number:
2
19
9
10
6
11
FITNESS: 0.35
@@@@@@@@@@@@@@@@@@@@@@@@@@@@@@
Abstract_Mappings:
$ABSTRACT_2 $_main_argv
$ABSTRACT_1 $_main_argc
$ABSTRACT_4 & archive
$ABSTRACT_3 & archive
$ABSTRACT_0 & archive
Declaration_Mappings:
/* DECL: 8 */@$_process_command_line_archiveFileName_1@$_host_s
/* DECL: 11 */@$_main_in_file@$_host_s
Statement_Line_Number:
1
5
8
13
7
12
FITNESS: 0.35
@@@@@@@@@@@@@@@@@@@@@@@@@@@@@@
Abstract_Mappings:
$ABSTRACT_2 $_main_argv
$ABSTRACT_1 $_main_argc
$ABSTRACT_4 & archive
$ABSTRACT_3 & archive
$ABSTRACT_0 & archive
Declaration_Mappings:
/* DECL: 8 */@$_process_command_line_archiveFileName_1@$_host_path
/* DECL: 11 */@$_main_in_file@$_host_ec
Statement_Line_Number:
18
8
6
13
17
11
21
FITNESS: 0.35
@@@@@@@@@@@@@@@@@@@@@@@@@@@@@@
Abstract_Mappings:
$ABSTRACT_2 $_main_argv
$ABSTRACT_1 $_main_argc
$ABSTRACT_4 & archive
$ABSTRACT_3 & archive
$ABSTRACT_0 & archive
Declaration_Mappings:
/* DECL: 8 */@$_process_command_line_archiveFileName_1@$_host_s
/* DECL: 11 */@$_main_in_file@$_host_s
Statement_Line_Number:
12
15
16
17
11
4
21
18
8
6
13
19
20
10
FITNESS: 0.35
@@@@@@@@@@@@@@@@@@@@@@@@@@@@@@
Abstract_Mappings:
$ABSTRACT_2 $_main_argv
$ABSTRACT_1 $_main_argc
$ABSTRACT_4 & archive
$ABSTRACT_3 & archive
$ABSTRACT_0 & archive
Declaration_Mappings:
/* DECL: 8 */@$_process_command_line_archiveFileName_1@$_host_ec
/* DECL: 11 */@$_main_in_file@$_host_ec
Statement_Line_Number:
9
16
20
10
4
FITNESS: 0.35
@@@@@@@@@@@@@@@@@@@@@@@@@@@@@@
Abstract_Mappings:
$ABSTRACT_2 $_main_argv
$ABSTRACT_1 $_main_argc
$ABSTRACT_4 & archive
$ABSTRACT_3 & archive
$ABSTRACT_0 & archive
Declaration_Mappings:
/* DECL: 8 */@$_process_command_line_archiveFileName_1@$_host_ec
/* DECL: 11 */@$_main_in_file@$_host_ec
Statement_Line_Number:
12
21
2
16
20
10
4
9
13
15
19
FITNESS: 0.35
@@@@@@@@@@@@@@@@@@@@@@@@@@@@@@
Abstract_Mappings:
$ABSTRACT_2 $_main_argv
$ABSTRACT_1 $_main_argc
$ABSTRACT_4 & archive
$ABSTRACT_3 & archive
$ABSTRACT_0 & archive
Declaration_Mappings:
/* DECL: 8 */@$_process_command_line_archiveFileName_1@$_host_path
/* DECL: 11 */@$_main_in_file@$_host_ec
Statement_Line_Number:
4
1
8
FITNESS: 0.35
@@@@@@@@@@@@@@@@@@@@@@@@@@@@@@
Abstract_Mappings:
$ABSTRACT_2 $_main_argv
$ABSTRACT_1 $_main_argc
$ABSTRACT_4 & archive
$ABSTRACT_3 & archive
$ABSTRACT_0 & archive
Declaration_Mappings:
/* DECL: 8 */@$_process_command_line_archiveFileName_1@$_host_path
/* DECL: 11 */@$_main_in_file@$_host_ec
Statement_Line_Number:
1
15
21
13
FITNESS: 0.35
@@@@@@@@@@@@@@@@@@@@@@@@@@@@@@
Abstract_Mappings:
$ABSTRACT_2 $_main_argv
$ABSTRACT_1 $_main_argc
$ABSTRACT_4 & archive
$ABSTRACT_3 & archive
$ABSTRACT_0 & archive
Declaration_Mappings:
/* DECL: 8 */@$_process_command_line_archiveFileName_1@$_host_s
/* DECL: 11 */@$_main_in_file@$_host_ec
Statement_Line_Number:
15
12
20
18
FITNESS: 0.35
@@@@@@@@@@@@@@@@@@@@@@@@@@@@@@
Abstract_Mappings:
$ABSTRACT_2 $_main_argv
$ABSTRACT_1 $_main_argc
$ABSTRACT_4 & archive
$ABSTRACT_3 & archive
$ABSTRACT_0 & archive
Declaration_Mappings:
/* DECL: 8 */@$_process_command_line_archiveFileName_1@$_host_s
/* DECL: 11 */@$_main_in_file@$_host_ec
Statement_Line_Number:
0
12
20
21
FITNESS: 0.35
@@@@@@@@@@@@@@@@@@@@@@@@@@@@@@
Abstract_Mappings:
$ABSTRACT_2 $_main_argv
$ABSTRACT_1 $_main_argc
$ABSTRACT_4 & archive
$ABSTRACT_3 & archive
$ABSTRACT_0 & archive
Declaration_Mappings:
/* DECL: 8 */@$_process_command_line_archiveFileName_1@$_host_s
/* DECL: 11 */@$_main_in_file@$_host_path
Statement_Line_Number:
2
15
6
3
10
FITNESS: 0.35
@@@@@@@@@@@@@@@@@@@@@@@@@@@@@@
Abstract_Mappings:
$ABSTRACT_2 $_main_argv
$ABSTRACT_1 $_main_argc
$ABSTRACT_4 & archive
$ABSTRACT_3 & archive
$ABSTRACT_0 & archive
Declaration_Mappings:
/* DECL: 8 */@$_process_command_line_archiveFileName_1@$_host_s
/* DECL: 11 */@$_main_in_file@$_host_ec
Statement_Line_Number:
20
0
5
17
9
21
FITNESS: 0.35
@@@@@@@@@@@@@@@@@@@@@@@@@@@@@@
Abstract_Mappings:
$ABSTRACT_2 $_main_argv
$ABSTRACT_1 $_main_argc
$ABSTRACT_4 & archive
$ABSTRACT_3 & archive
$ABSTRACT_0 & archive
Declaration_Mappings:
/* DECL: 8 */@$_process_command_line_archiveFileName_1@$_host_s
/* DECL: 11 */@$_main_in_file@$_host_ec
Statement_Line_Number:
2
8
13
5
6
16
0
FITNESS: 0.35
@@@@@@@@@@@@@@@@@@@@@@@@@@@@@@
Abstract_Mappings:
$ABSTRACT_2 $_main_argv
$ABSTRACT_1 $_main_argc
$ABSTRACT_4 & archive
$ABSTRACT_3 & archive
$ABSTRACT_0 & archive
Declaration_Mappings:
/* DECL: 8 */@$_process_command_line_archiveFileName_1@$_host_ec
/* DECL: 11 */@$_main_in_file@$_host_ec
Statement_Line_Number:
13
18
21
8
6
2
16
14
FITNESS: 0.35
@@@@@@@@@@@@@@@@@@@@@@@@@@@@@@
Abstract_Mappings:
$ABSTRACT_2 $_main_argv
$ABSTRACT_1 $_main_argc
$ABSTRACT_4 & archive
$ABSTRACT_3 & archive
$ABSTRACT_0 & archive
Declaration_Mappings:
/* DECL: 8 */@$_process_command_line_archiveFileName_1@$_host_s
/* DECL: 11 */@$_main_in_file@$_host_ec
Statement_Line_Number:
2
19
13
7
17
FITNESS: 0.35
@@@@@@@@@@@@@@@@@@@@@@@@@@@@@@
Abstract_Mappings:
$ABSTRACT_2 $_main_argv
$ABSTRACT_1 $_main_argc
$ABSTRACT_4 & archive
$ABSTRACT_3 & archive
$ABSTRACT_0 & archive
Declaration_Mappings:
/* DECL: 8 */@$_process_command_line_archiveFileName_1@$_host_s
/* DECL: 11 */@$_main_in_file@$_host_ec
Statement_Line_Number:
12
10
13
7
4
9
15
FITNESS: 0.35
@@@@@@@@@@@@@@@@@@@@@@@@@@@@@@
Abstract_Mappings:
$ABSTRACT_2 $_main_argv
$ABSTRACT_1 $_main_argc
$ABSTRACT_4 & archive
$ABSTRACT_3 & archive
$ABSTRACT_0 & archive
Declaration_Mappings:
/* DECL: 8 */@$_process_command_line_archiveFileName_1@$_host_path
/* DECL: 11 */@$_main_in_file@$_host_ec
Statement_Line_Number:
8
15
0
FITNESS: 0.35
@@@@@@@@@@@@@@@@@@@@@@@@@@@@@@
Abstract_Mappings:
$ABSTRACT_2 $_main_argv
$ABSTRACT_1 $_main_argc
$ABSTRACT_4 & archive
$ABSTRACT_3 & archive
$ABSTRACT_0 & archive
Declaration_Mappings:
/* DECL: 8 */@$_process_command_line_archiveFileName_1@$_host_path
/* DECL: 11 */@$_main_in_file@$_host_ec
Statement_Line_Number:
7
8
19
16
15
1
10
18
FITNESS: 0.35
@@@@@@@@@@@@@@@@@@@@@@@@@@@@@@
Abstract_Mappings:
$ABSTRACT_2 $_main_argv
$ABSTRACT_1 $_main_argc
$ABSTRACT_4 & archive
$ABSTRACT_3 & archive
$ABSTRACT_0 & archive
Declaration_Mappings:
/* DECL: 8 */@$_process_command_line_archiveFileName_1@$_host_path
/* DECL: 11 */@$_main_in_file@$_host_path
Statement_Line_Number:
17
9
5
7
4
12
6
21
FITNESS: 0.35
@@@@@@@@@@@@@@@@@@@@@@@@@@@@@@
Abstract_Mappings:
$ABSTRACT_2 $_main_argv
$ABSTRACT_1 $_main_argc
$ABSTRACT_4 & archive
$ABSTRACT_3 & archive
$ABSTRACT_0 & archive
Declaration_Mappings:
/* DECL: 8 */@$_process_command_line_archiveFileName_1@$_host_path
/* DECL: 11 */@$_main_in_file@$_host_path
Statement_Line_Number:
17
9
20
19
18
FITNESS: 0.35
@@@@@@@@@@@@@@@@@@@@@@@@@@@@@@
Abstract_Mappings:
$ABSTRACT_2 $_main_argv
$ABSTRACT_1 $_main_argc
$ABSTRACT_4 & archive
$ABSTRACT_3 & archive
$ABSTRACT_0 & archive
Declaration_Mappings:
/* DECL: 8 */@$_process_command_line_archiveFileName_1@$_host_path
/* DECL: 11 */@$_main_in_file@$_host_path
Statement_Line_Number:
7
9
20
15
4
13
2
3
FITNESS: 0.35
@@@@@@@@@@@@@@@@@@@@@@@@@@@@@@
Abstract_Mappings:
$ABSTRACT_2 $_main_argv
$ABSTRACT_1 $_main_argc
$ABSTRACT_4 & archive
$ABSTRACT_3 & archive
$ABSTRACT_0 & archive
Declaration_Mappings:
/* DECL: 8 */@$_process_command_line_archiveFileName_1@$_host_s
/* DECL: 11 */@$_main_in_file@$_host_s
Statement_Line_Number:
20
0
12
15
FITNESS: 0.35
@@@@@@@@@@@@@@@@@@@@@@@@@@@@@@
Abstract_Mappings:
$ABSTRACT_2 $_main_argv
$ABSTRACT_1 $_main_argc
$ABSTRACT_4 & archive
$ABSTRACT_3 & archive
$ABSTRACT_0 & archive
Declaration_Mappings:
/* DECL: 8 */@$_process_command_line_archiveFileName_1@$_host_s
/* DECL: 11 */@$_main_in_file@$_host_ec
Statement_Line_Number:
8
2
12
13
7
14
FITNESS: 0.35
@@@@@@@@@@@@@@@@@@@@@@@@@@@@@@
Abstract_Mappings:
$ABSTRACT_2 $_main_argv
$ABSTRACT_1 $_main_argc
$ABSTRACT_4 & archive
$ABSTRACT_3 & archive
$ABSTRACT_0 & archive
Declaration_Mappings:
/* DECL: 8 */@$_process_command_line_archiveFileName_1@$_host_s
/* DECL: 11 */@$_main_in_file@$_host_path
Statement_Line_Number:
10
11
13
2
15
6
16
0
FITNESS: 0.35
@@@@@@@@@@@@@@@@@@@@@@@@@@@@@@
Abstract_Mappings:
$ABSTRACT_2 $_main_argv
$ABSTRACT_1 $_main_argc
$ABSTRACT_4 & archive
$ABSTRACT_3 & archive
$ABSTRACT_0 & archive
Declaration_Mappings:
/* DECL: 8 */@$_process_command_line_archiveFileName_1@$_host_s
/* DECL: 11 */@$_main_in_file@$_host_ec
Statement_Line_Number:
1
13
17
FITNESS: 0.35
@@@@@@@@@@@@@@@@@@@@@@@@@@@@@@
Abstract_Mappings:
$ABSTRACT_2 $_main_argv
$ABSTRACT_1 $_main_argc
$ABSTRACT_4 & archive
$ABSTRACT_3 & archive
$ABSTRACT_0 & archive
Declaration_Mappings:
/* DECL: 8 */@$_process_command_line_archiveFileName_1@$_host_ec
/* DECL: 11 */@$_main_in_file@$_host_path
Statement_Line_Number:
20
0
13
8
4
11
FITNESS: 0.35
@@@@@@@@@@@@@@@@@@@@@@@@@@@@@@
Abstract_Mappings:
$ABSTRACT_2 $_main_argv
$ABSTRACT_1 $_main_argc
$ABSTRACT_4 & archive
$ABSTRACT_3 & archive
$ABSTRACT_0 & archive
Declaration_Mappings:
/* DECL: 8 */@$_process_command_line_archiveFileName_1@$_host_path
/* DECL: 11 */@$_main_in_file@$_host_ec
Statement_Line_Number:
7
8
19
20
14
FITNESS: 0.35
@@@@@@@@@@@@@@@@@@@@@@@@@@@@@@
Abstract_Mappings:
$ABSTRACT_2 $_main_argv
$ABSTRACT_1 $_main_argc
$ABSTRACT_4 & archive
$ABSTRACT_3 & archive
$ABSTRACT_0 & archive
Declaration_Mappings:
/* DECL: 8 */@$_process_command_line_archiveFileName_1@$_host_path
/* DECL: 11 */@$_main_in_file@$_host_ec
Statement_Line_Number:
7
9
20
14
8
19
16
15
1
10
FITNESS: 0.35
@@@@@@@@@@@@@@@@@@@@@@@@@@@@@@
Abstract_Mappings:
$ABSTRACT_2 $_main_argv
$ABSTRACT_1 $_main_argc
$ABSTRACT_4 & archive
$ABSTRACT_3 & archive
$ABSTRACT_0 & archive
Declaration_Mappings:
/* DECL: 8 */@$_process_command_line_archiveFileName_1@$_host_s
/* DECL: 11 */@$_main_in_file@$_host_path
Statement_Line_Number:
0
12
1
16
21
FITNESS: 0.35
@@@@@@@@@@@@@@@@@@@@@@@@@@@@@@
Abstract_Mappings:
$ABSTRACT_2 $_main_argv
$ABSTRACT_1 $_main_argc
$ABSTRACT_4 & archive
$ABSTRACT_3 & archive
$ABSTRACT_0 & archive
Declaration_Mappings:
/* DECL: 8 */@$_process_command_line_archiveFileName_1@$_host_ec
/* DECL: 11 */@$_main_in_file@$_host_ec
Statement_Line_Number:
9
13
16
4
15
10
6
FITNESS: 0.35
@@@@@@@@@@@@@@@@@@@@@@@@@@@@@@
Abstract_Mappings:
$ABSTRACT_2 $_main_argv
$ABSTRACT_1 $_main_argc
$ABSTRACT_4 & archive
$ABSTRACT_3 & archive
$ABSTRACT_0 & archive
Declaration_Mappings:
/* DECL: 8 */@$_process_command_line_archiveFileName_1@$_host_ec
/* DECL: 11 */@$_main_in_file@$_host_ec
Statement_Line_Number:
8
2
12
13
4
15
10
9
6
16
20
FITNESS: 0.35
@@@@@@@@@@@@@@@@@@@@@@@@@@@@@@
Abstract_Mappings:
$ABSTRACT_2 $_main_argv
$ABSTRACT_1 $_main_argc
$ABSTRACT_4 & archive
$ABSTRACT_3 & archive
$ABSTRACT_0 & archive
Declaration_Mappings:
/* DECL: 8 */@$_process_command_line_archiveFileName_1@$_host_s
/* DECL: 11 */@$_main_in_file@$_host_ec
Statement_Line_Number:
7
9
6
15
10
FITNESS: 0.35
@@@@@@@@@@@@@@@@@@@@@@@@@@@@@@
Abstract_Mappings:
$ABSTRACT_2 $_main_argv
$ABSTRACT_1 $_main_argc
$ABSTRACT_4 & archive
$ABSTRACT_3 & archive
$ABSTRACT_0 & archive
Declaration_Mappings:
/* DECL: 8 */@$_process_command_line_archiveFileName_1@$_host_s
/* DECL: 11 */@$_main_in_file@$_host_ec
Statement_Line_Number:
2
19
16
6
15
10
7
9
20
14
FITNESS: 0.35
@@@@@@@@@@@@@@@@@@@@@@@@@@@@@@
Abstract_Mappings:
$ABSTRACT_2 $_main_argv
$ABSTRACT_1 $_main_argc
$ABSTRACT_4 & archive
$ABSTRACT_3 & archive
$ABSTRACT_0 & archive
Declaration_Mappings:
/* DECL: 8 */@$_process_command_line_archiveFileName_1@$_host_s
/* DECL: 11 */@$_main_in_file@$_host_path
Statement_Line_Number:
2
19
16
6
15
FITNESS: 0.35
@@@@@@@@@@@@@@@@@@@@@@@@@@@@@@
Abstract_Mappings:
$ABSTRACT_2 $_main_argv
$ABSTRACT_1 $_main_argc
$ABSTRACT_4 & archive
$ABSTRACT_3 & archive
$ABSTRACT_0 & archive
Declaration_Mappings:
/* DECL: 8 */@$_process_command_line_archiveFileName_1@$_host_s
/* DECL: 11 */@$_main_in_file@$_host_path
Statement_Line_Number:
12
10
16
6
15
2
19
21
FITNESS: 0.35
@@@@@@@@@@@@@@@@@@@@@@@@@@@@@@
Abstract_Mappings:
$ABSTRACT_2 $_main_argv
$ABSTRACT_1 $_main_argc
$ABSTRACT_4 & archive
$ABSTRACT_3 & archive
$ABSTRACT_0 & archive
Declaration_Mappings:
/* DECL: 8 */@$_process_command_line_archiveFileName_1@$_host_s
/* DECL: 11 */@$_main_in_file@$_host_path
Statement_Line_Number:
13
1
12
2
21
FITNESS: 0.35
@@@@@@@@@@@@@@@@@@@@@@@@@@@@@@
Abstract_Mappings:
$ABSTRACT_2 $_main_argv
$ABSTRACT_1 $_main_argc
$ABSTRACT_4 & archive
$ABSTRACT_3 & archive
$ABSTRACT_0 & archive
Declaration_Mappings:
/* DECL: 8 */@$_process_command_line_archiveFileName_1@$_host_s
/* DECL: 11 */@$_main_in_file@$_host_path
Statement_Line_Number:
15
6
2
18
13
3
FITNESS: 0.35
@@@@@@@@@@@@@@@@@@@@@@@@@@@@@@
Abstract_Mappings:
$ABSTRACT_2 $_main_argv
$ABSTRACT_1 $_main_argc
$ABSTRACT_4 & archive
$ABSTRACT_3 & archive
$ABSTRACT_0 & archive
Declaration_Mappings:
/* DECL: 8 */@$_process_command_line_archiveFileName_1@$_host_s
/* DECL: 11 */@$_main_in_file@$_host_path
Statement_Line_Number:
4
2
11
13
6
15
3
18
8
FITNESS: 0.35
@@@@@@@@@@@@@@@@@@@@@@@@@@@@@@
Abstract_Mappings:
$ABSTRACT_2 $_main_argv
$ABSTRACT_1 $_main_argc
$ABSTRACT_4 & archive
$ABSTRACT_3 & archive
$ABSTRACT_0 & archive
Declaration_Mappings:
/* DECL: 8 */@$_process_command_line_archiveFileName_1@$_host_path
/* DECL: 11 */@$_main_in_file@$_host_ec
Statement_Line_Number:
9
12
13
17
FITNESS: 0.35
@@@@@@@@@@@@@@@@@@@@@@@@@@@@@@
Abstract_Mappings:
$ABSTRACT_2 $_main_argv
$ABSTRACT_1 $_main_argc
$ABSTRACT_4 & archive
$ABSTRACT_3 & archive
$ABSTRACT_0 & archive
Declaration_Mappings:
/* DECL: 8 */@$_process_command_line_archiveFileName_1@$_host_path
/* DECL: 11 */@$_main_in_file@$_host_ec
Statement_Line_Number:
1
15
12
13
17
9
21
FITNESS: 0.35
@@@@@@@@@@@@@@@@@@@@@@@@@@@@@@
Abstract_Mappings:
$ABSTRACT_2 $_main_argv
$ABSTRACT_1 $_main_argc
$ABSTRACT_4 & archive
$ABSTRACT_3 & archive
$ABSTRACT_0 & archive
Declaration_Mappings:
/* DECL: 8 */@$_process_command_line_archiveFileName_1@$_host_s
/* DECL: 11 */@$_main_in_file@$_host_ec
Statement_Line_Number:
2
19
15
8
17
FITNESS: 0.35
@@@@@@@@@@@@@@@@@@@@@@@@@@@@@@
Abstract_Mappings:
$ABSTRACT_2 $_main_argv
$ABSTRACT_1 $_main_argc
$ABSTRACT_4 & archive
$ABSTRACT_3 & archive
$ABSTRACT_0 & archive
Declaration_Mappings:
/* DECL: 8 */@$_process_command_line_archiveFileName_1@$_host_s
/* DECL: 11 */@$_main_in_file@$_host_ec
Statement_Line_Number:
0
12
20
15
8
17
2
19
21
FITNESS: 0.35
@@@@@@@@@@@@@@@@@@@@@@@@@@@@@@
Abstract_Mappings:
$ABSTRACT_2 $_main_argv
$ABSTRACT_1 $_main_argc
$ABSTRACT_4 & archive
$ABSTRACT_3 & archive
$ABSTRACT_0 & archive
Declaration_Mappings:
/* DECL: 8 */@$_process_command_line_archiveFileName_1@$_host_path
/* DECL: 11 */@$_main_in_file@$_host_ec
Statement_Line_Number:
13
18
21
8
6
2
15
7
19
16
9
20
10
1
14
FITNESS: 0.35
@@@@@@@@@@@@@@@@@@@@@@@@@@@@@@
Abstract_Mappings:
$ABSTRACT_2 $_main_argv
$ABSTRACT_1 $_main_argc
$ABSTRACT_4 & archive
$ABSTRACT_3 & archive
$ABSTRACT_0 & archive
Declaration_Mappings:
/* DECL: 8 */@$_process_command_line_archiveFileName_1@$_host_s
/* DECL: 11 */@$_main_in_file@$_host_path
Statement_Line_Number:
2
8
13
7
FITNESS: 0.35
@@@@@@@@@@@@@@@@@@@@@@@@@@@@@@
Abstract_Mappings:
$ABSTRACT_2 $_main_argv
$ABSTRACT_1 $_main_argc
$ABSTRACT_4 & archive
$ABSTRACT_3 & archive
$ABSTRACT_0 & archive
Declaration_Mappings:
/* DECL: 8 */@$_process_command_line_archiveFileName_1@$_host_s
/* DECL: 11 */@$_main_in_file@$_host_ec
Statement_Line_Number:
12
21
2
16
20
19
6
15
FITNESS: 0.35
@@@@@@@@@@@@@@@@@@@@@@@@@@@@@@
Abstract_Mappings:
$ABSTRACT_2 $_main_argv
$ABSTRACT_1 $_main_argc
$ABSTRACT_4 & archive
$ABSTRACT_3 & archive
$ABSTRACT_0 & archive
Declaration_Mappings:
/* DECL: 8 */@$_process_command_line_archiveFileName_1@$_host_s
/* DECL: 11 */@$_main_in_file@$_host_ec
Statement_Line_Number:
12
10
13
7
2
19
16
6
15
21
20
4
9
FITNESS: 0.35
@@@@@@@@@@@@@@@@@@@@@@@@@@@@@@
Abstract_Mappings:
$ABSTRACT_2 $_main_argv
$ABSTRACT_1 $_main_argc
$ABSTRACT_4 & archive
$ABSTRACT_3 & archive
$ABSTRACT_0 & archive
Declaration_Mappings:
/* DECL: 8 */@$_process_command_line_archiveFileName_1@$_host_path
/* DECL: 11 */@$_main_in_file@$_host_ec
Statement_Line_Number:
0
19
16
FITNESS: 0.35
@@@@@@@@@@@@@@@@@@@@@@@@@@@@@@
Abstract_Mappings:
$ABSTRACT_2 $_main_argv
$ABSTRACT_1 $_main_argc
$ABSTRACT_4 & archive
$ABSTRACT_3 & archive
$ABSTRACT_0 & archive
Declaration_Mappings:
/* DECL: 8 */@$_process_command_line_archiveFileName_1@$_host_path
/* DECL: 11 */@$_main_in_file@$_host_ec
Statement_Line_Number:
8
15
19
16
0
FITNESS: 0.35
@@@@@@@@@@@@@@@@@@@@@@@@@@@@@@
