Abstract_Mappings:
$ABSTRACT_2 $_main_argv
$ABSTRACT_1 $_main_argc
$ABSTRACT_4 & archive
$ABSTRACT_3 & archive
$ABSTRACT_0 & archive
Declaration_Mappings:
/* DECL: 8 */@$_process_command_line_archiveFileName_1@$_host_ec
/* DECL: 11 */@$_main_in_file@$_host_ec
Statement_Line_Number:
1
16
20
0
15
8
5
FITNESS: 0.35
@@@@@@@@@@@@@@@@@@@@@@@@@@@@@@
Abstract_Mappings:
$ABSTRACT_2 $_main_argv
$ABSTRACT_1 $_main_argc
$ABSTRACT_4 & archive
$ABSTRACT_3 & archive
$ABSTRACT_0 & archive
Declaration_Mappings:
/* DECL: 8 */@$_process_command_line_archiveFileName_1@$_host_s
/* DECL: 11 */@$_main_in_file@$_host_path
Statement_Line_Number:
9
3
15
7
4
FITNESS: 0.35
@@@@@@@@@@@@@@@@@@@@@@@@@@@@@@
Abstract_Mappings:
$ABSTRACT_2 $_main_argv
$ABSTRACT_1 $_main_argc
$ABSTRACT_4 & archive
$ABSTRACT_3 & archive
$ABSTRACT_0 & archive
Declaration_Mappings:
/* DECL: 8 */@$_process_command_line_archiveFileName_1@$_host_ec
/* DECL: 11 */@$_main_in_file@$_host_path
Statement_Line_Number:
2
12
13
6
19
16
5
FITNESS: 0.35
@@@@@@@@@@@@@@@@@@@@@@@@@@@@@@
Abstract_Mappings:
$ABSTRACT_2 $_main_argv
$ABSTRACT_1 $_main_argc
$ABSTRACT_4 & archive
$ABSTRACT_3 & archive
$ABSTRACT_0 & archive
Declaration_Mappings:
/* DECL: 8 */@$_process_command_line_archiveFileName_1@$_host_s
/* DECL: 11 */@$_main_in_file@$_host_s
Statement_Line_Number:
8
18
9
20
13
19
10
0
1
FITNESS: 0.35
@@@@@@@@@@@@@@@@@@@@@@@@@@@@@@
Abstract_Mappings:
$ABSTRACT_2 $_main_argv
$ABSTRACT_1 $_main_argc
$ABSTRACT_4 & archive
$ABSTRACT_3 & archive
$ABSTRACT_0 & archive
Declaration_Mappings:
/* DECL: 8 */@$_process_command_line_archiveFileName_1@$_host_path
/* DECL: 11 */@$_main_in_file@$_host_path
Statement_Line_Number:
2
21
8
6
FITNESS: 0.35
@@@@@@@@@@@@@@@@@@@@@@@@@@@@@@
Abstract_Mappings:
$ABSTRACT_2 $_main_argv
$ABSTRACT_1 $_main_argc
$ABSTRACT_4 & archive
$ABSTRACT_3 & archive
$ABSTRACT_0 & archive
Declaration_Mappings:
/* DECL: 8 */@$_process_command_line_archiveFileName_1@$_host_s
/* DECL: 11 */@$_main_in_file@$_host_ec
Statement_Line_Number:
2
8
13
16
6
21
20
17
FITNESS: 0.35
@@@@@@@@@@@@@@@@@@@@@@@@@@@@@@
Abstract_Mappings:
$ABSTRACT_2 $_main_argv
$ABSTRACT_1 $_main_argc
$ABSTRACT_4 & archive
$ABSTRACT_3 & archive
$ABSTRACT_0 & archive
Declaration_Mappings:
/* DECL: 8 */@$_process_command_line_archiveFileName_1@$_host_path
/* DECL: 11 */@$_main_in_file@$_host_path
Statement_Line_Number:
4
2
13
6
10
16
0
1
19
FITNESS: 0.35
@@@@@@@@@@@@@@@@@@@@@@@@@@@@@@
Abstract_Mappings:
$ABSTRACT_2 $_main_argv
$ABSTRACT_1 $_main_argc
$ABSTRACT_4 & archive
$ABSTRACT_3 & archive
$ABSTRACT_0 & archive
Declaration_Mappings:
/* DECL: 8 */@$_process_command_line_archiveFileName_1@$_host_s
/* DECL: 11 */@$_main_in_file@$_host_ec
Statement_Line_Number:
9
12
4
15
10
6
2
7
FITNESS: 0.35
@@@@@@@@@@@@@@@@@@@@@@@@@@@@@@
Abstract_Mappings:
$ABSTRACT_2 $_main_argv
$ABSTRACT_1 $_main_argc
$ABSTRACT_4 & archive
$ABSTRACT_3 & archive
$ABSTRACT_0 & archive
Declaration_Mappings:
/* DECL: 8 */@$_process_command_line_archiveFileName_1@$_host_path
/* DECL: 11 */@$_main_in_file@$_host_ec
Statement_Line_Number:
1
15
17
0
19
16
12
21
FITNESS: 0.35
@@@@@@@@@@@@@@@@@@@@@@@@@@@@@@
Abstract_Mappings:
$ABSTRACT_2 $_main_argv
$ABSTRACT_1 $_main_argc
$ABSTRACT_4 & archive
$ABSTRACT_3 & archive
$ABSTRACT_0 & archive
Declaration_Mappings:
/* DECL: 8 */@$_process_command_line_archiveFileName_1@$_host_s
/* DECL: 11 */@$_main_in_file@$_host_ec
Statement_Line_Number:
19
7
15
8
17
10
FITNESS: 0.35
@@@@@@@@@@@@@@@@@@@@@@@@@@@@@@
Abstract_Mappings:
$ABSTRACT_2 $_main_argv
$ABSTRACT_1 $_main_argc
$ABSTRACT_4 & archive
$ABSTRACT_3 & archive
$ABSTRACT_0 & archive
Declaration_Mappings:
/* DECL: 8 */@$_process_command_line_archiveFileName_1@$_host_s
/* DECL: 11 */@$_main_in_file@$_host_ec
Statement_Line_Number:
0
12
8
9
21
20
1
18
FITNESS: 0.35
@@@@@@@@@@@@@@@@@@@@@@@@@@@@@@
Abstract_Mappings:
$ABSTRACT_2 $_main_argv
$ABSTRACT_1 $_main_argc
$ABSTRACT_4 & archive
$ABSTRACT_3 & archive
$ABSTRACT_0 & archive
Declaration_Mappings:
/* DECL: 8 */@$_process_command_line_archiveFileName_1@$_host_s
/* DECL: 11 */@$_main_in_file@$_host_s
Statement_Line_Number:
12
21
20
0
15
8
10
FITNESS: 0.35
@@@@@@@@@@@@@@@@@@@@@@@@@@@@@@
Abstract_Mappings:
$ABSTRACT_2 $_main_argv
$ABSTRACT_1 $_main_argc
$ABSTRACT_4 & archive
$ABSTRACT_3 & archive
$ABSTRACT_0 & archive
Declaration_Mappings:
/* DECL: 8 */@$_process_command_line_archiveFileName_1@$_host_path
/* DECL: 11 */@$_main_in_file@$_host_ec
Statement_Line_Number:
9
12
21
13
20
10
6
16
0
1
4
19
FITNESS: 0.35
@@@@@@@@@@@@@@@@@@@@@@@@@@@@@@
Abstract_Mappings:
$ABSTRACT_2 $_main_argv
$ABSTRACT_1 $_main_argc
$ABSTRACT_4 & archive
$ABSTRACT_3 & archive
$ABSTRACT_0 & archive
Declaration_Mappings:
/* DECL: 8 */@$_process_command_line_archiveFileName_1@$_host_s
/* DECL: 11 */@$_main_in_file@$_host_ec
Statement_Line_Number:
2
8
13
5
6
16
0
9
12
21
20
1
18
11
FITNESS: 0.35
@@@@@@@@@@@@@@@@@@@@@@@@@@@@@@
Abstract_Mappings:
$ABSTRACT_2 $_main_argv
$ABSTRACT_1 $_main_argc
$ABSTRACT_4 & archive
$ABSTRACT_3 & archive
$ABSTRACT_0 & archive
Declaration_Mappings:
/* DECL: 8 */@$_process_command_line_archiveFileName_1@$_host_s
/* DECL: 11 */@$_main_in_file@$_host_ec
Statement_Line_Number:
7
9
4
15
19
20
0
FITNESS: 0.35
@@@@@@@@@@@@@@@@@@@@@@@@@@@@@@
Abstract_Mappings:
$ABSTRACT_2 $_main_argv
$ABSTRACT_1 $_main_argc
$ABSTRACT_4 & archive
$ABSTRACT_3 & archive
$ABSTRACT_0 & archive
Declaration_Mappings:
/* DECL: 8 */@$_process_command_line_archiveFileName_1@$_host_s
/* DECL: 11 */@$_main_in_file@$_host_ec
Statement_Line_Number:
2
19
16
6
10
7
0
3
20
21
FITNESS: 0.35
@@@@@@@@@@@@@@@@@@@@@@@@@@@@@@
Abstract_Mappings:
$ABSTRACT_2 $_main_argv
$ABSTRACT_1 $_main_argc
$ABSTRACT_4 & archive
$ABSTRACT_3 & archive
$ABSTRACT_0 & archive
Declaration_Mappings:
/* DECL: 8 */@$_process_command_line_archiveFileName_1@$_host_path
/* DECL: 11 */@$_main_in_file@$_host_path
Statement_Line_Number:
8
18
9
16
15
10
13
12
FITNESS: 0.35
@@@@@@@@@@@@@@@@@@@@@@@@@@@@@@
Abstract_Mappings:
$ABSTRACT_2 $_main_argv
$ABSTRACT_1 $_main_argc
$ABSTRACT_4 & archive
$ABSTRACT_3 & archive
$ABSTRACT_0 & archive
Declaration_Mappings:
/* DECL: 8 */@$_process_command_line_archiveFileName_1@$_host_path
/* DECL: 11 */@$_main_in_file@$_host_ec
Statement_Line_Number:
0
19
16
7
8
10
9
21
FITNESS: 0.35
@@@@@@@@@@@@@@@@@@@@@@@@@@@@@@
Abstract_Mappings:
$ABSTRACT_2 $_main_argv
$ABSTRACT_1 $_main_argc
$ABSTRACT_4 & archive
$ABSTRACT_3 & archive
$ABSTRACT_0 & archive
Declaration_Mappings:
/* DECL: 8 */@$_process_command_line_archiveFileName_1@$_host_path
/* DECL: 11 */@$_main_in_file@$_host_ec
Statement_Line_Number:
20
11
6
8
21
FITNESS: 0.35
@@@@@@@@@@@@@@@@@@@@@@@@@@@@@@
Abstract_Mappings:
$ABSTRACT_2 $_main_argv
$ABSTRACT_1 $_main_argc
$ABSTRACT_4 & archive
$ABSTRACT_3 & archive
$ABSTRACT_0 & archive
Declaration_Mappings:
/* DECL: 8 */@$_process_command_line_archiveFileName_1@$_host_s
/* DECL: 11 */@$_main_in_file@$_host_path
Statement_Line_Number:
1
5
8
13
7
12
11
2
3
20
21
18
FITNESS: 0.35
@@@@@@@@@@@@@@@@@@@@@@@@@@@@@@
Abstract_Mappings:
$ABSTRACT_2 $_main_argv
$ABSTRACT_1 $_main_argc
$ABSTRACT_4 & archive
$ABSTRACT_3 & archive
$ABSTRACT_0 & archive
Declaration_Mappings:
/* DECL: 8 */@$_process_command_line_archiveFileName_1@$_host_ec
/* DECL: 11 */@$_main_in_file@$_host_ec
Statement_Line_Number:
20
0
19
17
9
14
16
15
10
6
FITNESS: 0.35
@@@@@@@@@@@@@@@@@@@@@@@@@@@@@@
Abstract_Mappings:
$ABSTRACT_2 $_main_argv
$ABSTRACT_1 $_main_argc
$ABSTRACT_4 & archive
$ABSTRACT_3 & archive
$ABSTRACT_0 & archive
Declaration_Mappings:
/* DECL: 8 */@$_process_command_line_archiveFileName_1@$_host_s
/* DECL: 11 */@$_main_in_file@$_host_s
Statement_Line_Number:
9
16
20
10
7
14
12
13
4
17
FITNESS: 0.35
@@@@@@@@@@@@@@@@@@@@@@@@@@@@@@
Abstract_Mappings:
$ABSTRACT_2 $_main_argv
$ABSTRACT_1 $_main_argc
$ABSTRACT_4 & archive
$ABSTRACT_3 & archive
$ABSTRACT_0 & archive
Declaration_Mappings:
/* DECL: 8 */@$_process_command_line_archiveFileName_1@$_host_ec
/* DECL: 11 */@$_main_in_file@$_host_s
Statement_Line_Number:
12
21
2
8
4
11
14
17
FITNESS: 0.35
@@@@@@@@@@@@@@@@@@@@@@@@@@@@@@
Abstract_Mappings:
$ABSTRACT_2 $_main_argv
$ABSTRACT_1 $_main_argc
$ABSTRACT_4 & archive
$ABSTRACT_3 & archive
$ABSTRACT_0 & archive
Declaration_Mappings:
/* DECL: 8 */@$_process_command_line_archiveFileName_1@$_host_s
/* DECL: 11 */@$_main_in_file@$_host_path
Statement_Line_Number:
13
1
12
10
6
11
14
20
FITNESS: 0.35
@@@@@@@@@@@@@@@@@@@@@@@@@@@@@@
Abstract_Mappings:
$ABSTRACT_2 $_main_argv
$ABSTRACT_1 $_main_argc
$ABSTRACT_4 & archive
$ABSTRACT_3 & archive
$ABSTRACT_0 & archive
Declaration_Mappings:
/* DECL: 8 */@$_process_command_line_archiveFileName_1@$_host_s
/* DECL: 11 */@$_main_in_file@$_host_ec
Statement_Line_Number:
2
19
13
7
17
9
20
6
8
3
18
FITNESS: 0.35
@@@@@@@@@@@@@@@@@@@@@@@@@@@@@@
Abstract_Mappings:
$ABSTRACT_2 $_main_argv
$ABSTRACT_1 $_main_argc
$ABSTRACT_4 & archive
$ABSTRACT_3 & archive
$ABSTRACT_0 & archive
Declaration_Mappings:
/* DECL: 8 */@$_process_command_line_archiveFileName_1@$_host_path
/* DECL: 11 */@$_main_in_file@$_host_ec
Statement_Line_Number:
12
10
21
0
11
FITNESS: 0.35
@@@@@@@@@@@@@@@@@@@@@@@@@@@@@@
Abstract_Mappings:
$ABSTRACT_2 $_main_argv
$ABSTRACT_1 $_main_argc
$ABSTRACT_4 & archive
$ABSTRACT_3 & archive
$ABSTRACT_0 & archive
Declaration_Mappings:
/* DECL: 8 */@$_process_command_line_archiveFileName_1@$_host_path
/* DECL: 11 */@$_main_in_file@$_host_path
Statement_Line_Number:
2
19
16
6
15
10
12
9
5
1
FITNESS: 0.35
@@@@@@@@@@@@@@@@@@@@@@@@@@@@@@
Abstract_Mappings:
$ABSTRACT_2 $_main_argv
$ABSTRACT_1 $_main_argc
$ABSTRACT_4 & archive
$ABSTRACT_3 & archive
$ABSTRACT_0 & archive
Declaration_Mappings:
/* DECL: 8 */@$_process_command_line_archiveFileName_1@$_host_path
/* DECL: 11 */@$_main_in_file@$_host_s
Statement_Line_Number:
4
1
12
9
5
19
16
6
15
10
7
20
14
13
FITNESS: 0.35
@@@@@@@@@@@@@@@@@@@@@@@@@@@@@@
Abstract_Mappings:
$ABSTRACT_2 $_main_argv
$ABSTRACT_1 $_main_argc
$ABSTRACT_4 & archive
$ABSTRACT_3 & archive
$ABSTRACT_0 & archive
Declaration_Mappings:
/* DECL: 8 */@$_process_command_line_archiveFileName_1@$_host_s
/* DECL: 11 */@$_main_in_file@$_host_ec
Statement_Line_Number:
0
12
2
8
20
15
FITNESS: 0.35
@@@@@@@@@@@@@@@@@@@@@@@@@@@@@@
Abstract_Mappings:
$ABSTRACT_2 $_main_argv
$ABSTRACT_1 $_main_argc
$ABSTRACT_4 & archive
$ABSTRACT_3 & archive
$ABSTRACT_0 & archive
Declaration_Mappings:
/* DECL: 8 */@$_process_command_line_archiveFileName_1@$_host_ec
/* DECL: 11 */@$_main_in_file@$_host_ec
Statement_Line_Number:
18
21
8
6
2
16
14
20
0
12
19
5
13
FITNESS: 0.35
@@@@@@@@@@@@@@@@@@@@@@@@@@@@@@
Abstract_Mappings:
$ABSTRACT_2 $_main_argv
$ABSTRACT_1 $_main_argc
$ABSTRACT_4 & archive
$ABSTRACT_3 & archive
$ABSTRACT_0 & archive
Declaration_Mappings:
/* DECL: 8 */@$_process_command_line_archiveFileName_1@$_host_s
/* DECL: 11 */@$_main_in_file@$_host_ec
Statement_Line_Number:
9
12
21
13
7
4
FITNESS: 0.35
@@@@@@@@@@@@@@@@@@@@@@@@@@@@@@
Abstract_Mappings:
$ABSTRACT_2 $_main_argv
$ABSTRACT_1 $_main_argc
$ABSTRACT_4 & archive
$ABSTRACT_3 & archive
$ABSTRACT_0 & archive
Declaration_Mappings:
/* DECL: 8 */@$_process_command_line_archiveFileName_1@$_host_s
/* DECL: 11 */@$_main_in_file@$_host_path
Statement_Line_Number:
4
2
13
6
15
3
18
8
12
9
21
20
10
16
0
1
17
FITNESS: 0.35
@@@@@@@@@@@@@@@@@@@@@@@@@@@@@@
Abstract_Mappings:
$ABSTRACT_2 $_main_argv
$ABSTRACT_1 $_main_argc
$ABSTRACT_4 & archive
$ABSTRACT_3 & archive
$ABSTRACT_0 & archive
Declaration_Mappings:
/* DECL: 8 */@$_process_command_line_archiveFileName_1@$_host_path
/* DECL: 11 */@$_main_in_file@$_host_ec
Statement_Line_Number:
20
3
10
11
FITNESS: 0.35
@@@@@@@@@@@@@@@@@@@@@@@@@@@@@@
Abstract_Mappings:
$ABSTRACT_2 $_main_argv
$ABSTRACT_1 $_main_argc
$ABSTRACT_4 & archive
$ABSTRACT_3 & archive
$ABSTRACT_0 & archive
Declaration_Mappings:
/* DECL: 8 */@$_process_command_line_archiveFileName_1@$_host_s
/* DECL: 11 */@$_main_in_file@$_host_path
Statement_Line_Number:
9
12
2
19
16
6
21
20
18
13
FITNESS: 0.35
@@@@@@@@@@@@@@@@@@@@@@@@@@@@@@
Abstract_Mappings:
$ABSTRACT_2 $_main_argv
$ABSTRACT_1 $_main_argc
$ABSTRACT_4 & archive
$ABSTRACT_3 & archive
$ABSTRACT_0 & archive
Declaration_Mappings:
/* DECL: 8 */@$_process_command_line_archiveFileName_1@$_host_ec
/* DECL: 11 */@$_main_in_file@$_host_ec
Statement_Line_Number:
2
19
15
10
18
9
20
4
3
6
FITNESS: 0.35
@@@@@@@@@@@@@@@@@@@@@@@@@@@@@@
Abstract_Mappings:
$ABSTRACT_2 $_main_argv
$ABSTRACT_1 $_main_argc
$ABSTRACT_4 & archive
$ABSTRACT_3 & archive
$ABSTRACT_0 & archive
Declaration_Mappings:
/* DECL: 8 */@$_process_command_line_archiveFileName_1@$_host_s
/* DECL: 11 */@$_main_in_file@$_host_ec
Statement_Line_Number:
7
8
19
16
15
1
10
18
9
20
4
3
2
6
21
12
FITNESS: 0.35
@@@@@@@@@@@@@@@@@@@@@@@@@@@@@@
Abstract_Mappings:
$ABSTRACT_2 $_main_argv
$ABSTRACT_1 $_main_argc
$ABSTRACT_4 & archive
$ABSTRACT_3 & archive
$ABSTRACT_0 & archive
Declaration_Mappings:
/* DECL: 8 */@$_process_command_line_archiveFileName_1@$_host_path
/* DECL: 11 */@$_main_in_file@$_host_ec
Statement_Line_Number:
7
9
4
15
10
16
6
20
14
13
FITNESS: 0.35
@@@@@@@@@@@@@@@@@@@@@@@@@@@@@@
Abstract_Mappings:
$ABSTRACT_2 $_main_argv
$ABSTRACT_1 $_main_argc
$ABSTRACT_4 & archive
$ABSTRACT_3 & archive
$ABSTRACT_0 & archive
Declaration_Mappings:
/* DECL: 8 */@$_process_command_line_archiveFileName_1@$_host_s
/* DECL: 11 */@$_main_in_file@$_host_ec
Statement_Line_Number:
9
12
16
15
6
10
FITNESS: 0.35
@@@@@@@@@@@@@@@@@@@@@@@@@@@@@@
Abstract_Mappings:
$ABSTRACT_2 $_main_argv
$ABSTRACT_1 $_main_argc
$ABSTRACT_4 & archive
$ABSTRACT_3 & archive
$ABSTRACT_0 & archive
Declaration_Mappings:
/* DECL: 8 */@$_process_command_line_archiveFileName_1@$_host_path
/* DECL: 11 */@$_main_in_file@$_host_ec
Statement_Line_Number:
2
8
13
10
0
19
16
12
21
18
FITNESS: 0.35
@@@@@@@@@@@@@@@@@@@@@@@@@@@@@@
Abstract_Mappings:
$ABSTRACT_2 $_main_argv
$ABSTRACT_1 $_main_argc
$ABSTRACT_4 & archive
$ABSTRACT_3 & archive
$ABSTRACT_0 & archive
Declaration_Mappings:
/* DECL: 8 */@$_process_command_line_archiveFileName_1@$_host_path
/* DECL: 11 */@$_main_in_file@$_host_path
Statement_Line_Number:
8
18
9
2
13
7
14
3
FITNESS: 0.35
@@@@@@@@@@@@@@@@@@@@@@@@@@@@@@
Abstract_Mappings:
$ABSTRACT_2 $_main_argv
$ABSTRACT_1 $_main_argc
$ABSTRACT_4 & archive
$ABSTRACT_3 & archive
$ABSTRACT_0 & archive
Declaration_Mappings:
/* DECL: 8 */@$_process_command_line_archiveFileName_1@$_host_path
/* DECL: 11 */@$_main_in_file@$_host_path
Statement_Line_Number:
9
12
16
0
8
2
6
FITNESS: 0.35
@@@@@@@@@@@@@@@@@@@@@@@@@@@@@@
Abstract_Mappings:
$ABSTRACT_2 $_main_argv
$ABSTRACT_1 $_main_argc
$ABSTRACT_4 & archive
$ABSTRACT_3 & archive
$ABSTRACT_0 & archive
Declaration_Mappings:
/* DECL: 8 */@$_process_command_line_archiveFileName_1@$_host_path
/* DECL: 11 */@$_main_in_file@$_host_ec
Statement_Line_Number:
8
18
9
19
17
20
14
16
15
10
0
FITNESS: 0.35
@@@@@@@@@@@@@@@@@@@@@@@@@@@@@@
Abstract_Mappings:
$ABSTRACT_2 $_main_argv
$ABSTRACT_1 $_main_argc
$ABSTRACT_4 & archive
$ABSTRACT_3 & archive
$ABSTRACT_0 & archive
Declaration_Mappings:
/* DECL: 8 */@$_process_command_line_archiveFileName_1@$_host_s
/* DECL: 11 */@$_main_in_file@$_host_ec
Statement_Line_Number:
20
0
10
4
19
1
5
8
13
7
12
11
2
17
9
14
16
FITNESS: 0.35
@@@@@@@@@@@@@@@@@@@@@@@@@@@@@@
Abstract_Mappings:
$ABSTRACT_2 $_main_argv
$ABSTRACT_1 $_main_argc
$ABSTRACT_4 & archive
$ABSTRACT_3 & archive
$ABSTRACT_0 & archive
Declaration_Mappings:
/* DECL: 8 */@$_process_command_line_archiveFileName_1@$_host_ec
/* DECL: 11 */@$_main_in_file@$_host_ec
Statement_Line_Number:
2
19
16
6
15
10
4
0
7
3
FITNESS: 0.35
@@@@@@@@@@@@@@@@@@@@@@@@@@@@@@
Abstract_Mappings:
$ABSTRACT_2 $_main_argv
$ABSTRACT_1 $_main_argc
$ABSTRACT_4 & archive
$ABSTRACT_3 & archive
$ABSTRACT_0 & archive
Declaration_Mappings:
/* DECL: 8 */@$_process_command_line_archiveFileName_1@$_host_ec
/* DECL: 11 */@$_main_in_file@$_host_path
Statement_Line_Number:
1
12
21
2
16
3
FITNESS: 0.35
@@@@@@@@@@@@@@@@@@@@@@@@@@@@@@
Abstract_Mappings:
$ABSTRACT_2 $_main_argv
$ABSTRACT_1 $_main_argc
$ABSTRACT_4 & archive
$ABSTRACT_3 & archive
$ABSTRACT_0 & archive
Declaration_Mappings:
/* DECL: 8 */@$_process_command_line_archiveFileName_1@$_host_path
/* DECL: 11 */@$_main_in_file@$_host_path
Statement_Line_Number:
2
8
13
10
0
4
15
17
FITNESS: 0.35
@@@@@@@@@@@@@@@@@@@@@@@@@@@@@@
Abstract_Mappings:
$ABSTRACT_2 $_main_argv
$ABSTRACT_1 $_main_argc
$ABSTRACT_4 & archive
$ABSTRACT_3 & archive
$ABSTRACT_0 & archive
Declaration_Mappings:
/* DECL: 8 */@$_process_command_line_archiveFileName_1@$_host_path
/* DECL: 11 */@$_main_in_file@$_host_ec
Statement_Line_Number:
7
16
6
15
21
20
4
18
19
FITNESS: 0.35
@@@@@@@@@@@@@@@@@@@@@@@@@@@@@@
Abstract_Mappings:
$ABSTRACT_2 $_main_argv
$ABSTRACT_1 $_main_argc
$ABSTRACT_4 & archive
$ABSTRACT_3 & archive
$ABSTRACT_0 & archive
Declaration_Mappings:
/* DECL: 8 */@$_process_command_line_archiveFileName_1@$_host_s
/* DECL: 11 */@$_main_in_file@$_host_path
Statement_Line_Number:
0
12
21
11
1
FITNESS: 0.35
@@@@@@@@@@@@@@@@@@@@@@@@@@@@@@
Abstract_Mappings:
$ABSTRACT_2 $_main_argv
$ABSTRACT_1 $_main_argc
$ABSTRACT_4 & archive
$ABSTRACT_3 & archive
$ABSTRACT_0 & archive
Declaration_Mappings:
/* DECL: 8 */@$_process_command_line_archiveFileName_1@$_host_s
/* DECL: 11 */@$_main_in_file@$_host_path
Statement_Line_Number:
9
3
15
21
11
1
0
12
7
4
FITNESS: 0.35
@@@@@@@@@@@@@@@@@@@@@@@@@@@@@@
Abstract_Mappings:
$ABSTRACT_2 $_main_argv
$ABSTRACT_1 $_main_argc
$ABSTRACT_4 & archive
$ABSTRACT_3 & archive
$ABSTRACT_0 & archive
Declaration_Mappings:
/* DECL: 8 */@$_process_command_line_archiveFileName_1@$_host_path
/* DECL: 11 */@$_main_in_file@$_host_s
Statement_Line_Number:
12
15
16
17
11
4
21
2
3
7
FITNESS: 0.35
@@@@@@@@@@@@@@@@@@@@@@@@@@@@@@
Abstract_Mappings:
$ABSTRACT_2 $_main_argv
$ABSTRACT_1 $_main_argc
$ABSTRACT_4 & archive
$ABSTRACT_3 & archive
$ABSTRACT_0 & archive
Declaration_Mappings:
/* DECL: 8 */@$_process_command_line_archiveFileName_1@$_host_path
/* DECL: 11 */@$_main_in_file@$_host_s
Statement_Line_Number:
8
18
9
20
2
3
7
11
12
15
16
17
4
21
13
19
10
0
1
FITNESS: 0.35
@@@@@@@@@@@@@@@@@@@@@@@@@@@@@@
Abstract_Mappings:
$ABSTRACT_2 $_main_argv
$ABSTRACT_1 $_main_argc
$ABSTRACT_4 & archive
$ABSTRACT_3 & archive
$ABSTRACT_0 & archive
Declaration_Mappings:
/* DECL: 8 */@$_process_command_line_archiveFileName_1@$_host_s
/* DECL: 11 */@$_main_in_file@$_host_path
Statement_Line_Number:
1
5
8
13
7
18
19
20
10
0
FITNESS: 0.35
@@@@@@@@@@@@@@@@@@@@@@@@@@@@@@
Abstract_Mappings:
$ABSTRACT_2 $_main_argv
$ABSTRACT_1 $_main_argc
$ABSTRACT_4 & archive
$ABSTRACT_3 & archive
$ABSTRACT_0 & archive
Declaration_Mappings:
/* DECL: 8 */@$_process_command_line_archiveFileName_1@$_host_s
/* DECL: 11 */@$_main_in_file@$_host_s
Statement_Line_Number:
12
15
16
17
11
4
21
18
8
13
19
20
10
0
1
5
7
2
3
FITNESS: 0.35
@@@@@@@@@@@@@@@@@@@@@@@@@@@@@@
Abstract_Mappings:
$ABSTRACT_2 $_main_argv
$ABSTRACT_1 $_main_argc
$ABSTRACT_4 & archive
$ABSTRACT_3 & archive
$ABSTRACT_0 & archive
Declaration_Mappings:
/* DECL: 8 */@$_process_command_line_archiveFileName_1@$_host_path
/* DECL: 11 */@$_main_in_file@$_host_path
Statement_Line_Number:
18
21
8
6
19
16
5
9
12
0
7
10
FITNESS: 0.35
@@@@@@@@@@@@@@@@@@@@@@@@@@@@@@
Abstract_Mappings:
$ABSTRACT_2 $_main_argv
$ABSTRACT_1 $_main_argc
$ABSTRACT_4 & archive
$ABSTRACT_3 & archive
$ABSTRACT_0 & archive
Declaration_Mappings:
/* DECL: 8 */@$_process_command_line_archiveFileName_1@$_host_path
/* DECL: 11 */@$_main_in_file@$_host_s
Statement_Line_Number:
2
8
13
10
15
7
4
FITNESS: 0.35
@@@@@@@@@@@@@@@@@@@@@@@@@@@@@@
Abstract_Mappings:
$ABSTRACT_2 $_main_argv
$ABSTRACT_1 $_main_argc
$ABSTRACT_4 & archive
$ABSTRACT_3 & archive
$ABSTRACT_0 & archive
Declaration_Mappings:
/* DECL: 8 */@$_process_command_line_archiveFileName_1@$_host_s
/* DECL: 11 */@$_main_in_file@$_host_ec
Statement_Line_Number:
2
8
13
21
20
18
3
10
FITNESS: 0.35
@@@@@@@@@@@@@@@@@@@@@@@@@@@@@@
Abstract_Mappings:
$ABSTRACT_2 $_main_argv
$ABSTRACT_1 $_main_argc
$ABSTRACT_4 & archive
$ABSTRACT_3 & archive
$ABSTRACT_0 & archive
Declaration_Mappings:
/* DECL: 8 */@$_process_command_line_archiveFileName_1@$_host_s
/* DECL: 11 */@$_main_in_file@$_host_ec
Statement_Line_Number:
6
2
18
3
10
8
13
21
20
11
19
15
16
FITNESS: 0.35
@@@@@@@@@@@@@@@@@@@@@@@@@@@@@@
Abstract_Mappings:
$ABSTRACT_2 $_main_argv
$ABSTRACT_1 $_main_argc
$ABSTRACT_4 & archive
$ABSTRACT_3 & archive
$ABSTRACT_0 & archive
Declaration_Mappings:
/* DECL: 8 */@$_process_command_line_archiveFileName_1@$_host_s
/* DECL: 11 */@$_main_in_file@$_host_ec
Statement_Line_Number:
2
8
13
5
6
16
3
7
18
FITNESS: 0.35
@@@@@@@@@@@@@@@@@@@@@@@@@@@@@@
Abstract_Mappings:
$ABSTRACT_2 $_main_argv
$ABSTRACT_1 $_main_argc
$ABSTRACT_4 & archive
$ABSTRACT_3 & archive
$ABSTRACT_0 & archive
Declaration_Mappings:
/* DECL: 8 */@$_process_command_line_archiveFileName_1@$_host_s
/* DECL: 11 */@$_main_in_file@$_host_ec
Statement_Line_Number:
0
12
8
3
7
18
2
13
5
6
16
9
21
20
1
FITNESS: 0.35
@@@@@@@@@@@@@@@@@@@@@@@@@@@@@@
Abstract_Mappings:
$ABSTRACT_2 $_main_argv
$ABSTRACT_1 $_main_argc
$ABSTRACT_4 & archive
$ABSTRACT_3 & archive
$ABSTRACT_0 & archive
Declaration_Mappings:
/* DECL: 8 */@$_process_command_line_archiveFileName_1@$_host_s
/* DECL: 11 */@$_main_in_file@$_host_ec
Statement_Line_Number:
0
19
16
7
FITNESS: 0.35
@@@@@@@@@@@@@@@@@@@@@@@@@@@@@@
Abstract_Mappings:
$ABSTRACT_2 $_main_argv
$ABSTRACT_1 $_main_argc
$ABSTRACT_4 & archive
$ABSTRACT_3 & archive
$ABSTRACT_0 & archive
Declaration_Mappings:
/* DECL: 8 */@$_process_command_line_archiveFileName_1@$_host_s
/* DECL: 11 */@$_main_in_file@$_host_ec
Statement_Line_Number:
21
0
7
19
16
8
10
9
FITNESS: 0.35
@@@@@@@@@@@@@@@@@@@@@@@@@@@@@@
Abstract_Mappings:
$ABSTRACT_2 $_main_argv
$ABSTRACT_1 $_main_argc
$ABSTRACT_4 & archive
$ABSTRACT_3 & archive
$ABSTRACT_0 & archive
Declaration_Mappings:
/* DECL: 8 */@$_process_command_line_archiveFileName_1@$_host_path
/* DECL: 11 */@$_main_in_file@$_host_ec
Statement_Line_Number:
2
19
16
6
10
7
9
20
14
12
13
4
0
3
21
FITNESS: 0.35
@@@@@@@@@@@@@@@@@@@@@@@@@@@@@@
Abstract_Mappings:
$ABSTRACT_2 $_main_argv
$ABSTRACT_1 $_main_argc
$ABSTRACT_4 & archive
$ABSTRACT_3 & archive
$ABSTRACT_0 & archive
Declaration_Mappings:
/* DECL: 8 */@$_process_command_line_archiveFileName_1@$_host_path
/* DECL: 11 */@$_main_in_file@$_host_path
Statement_Line_Number:
4
1
7
9
3
20
11
FITNESS: 0.35
@@@@@@@@@@@@@@@@@@@@@@@@@@@@@@
Abstract_Mappings:
$ABSTRACT_2 $_main_argv
$ABSTRACT_1 $_main_argc
$ABSTRACT_4 & archive
$ABSTRACT_3 & archive
$ABSTRACT_0 & archive
Declaration_Mappings:
/* DECL: 8 */@$_process_command_line_archiveFileName_1@$_host_s
/* DECL: 11 */@$_main_in_file@$_host_path
Statement_Line_Number:
1
9
10
19
3
4
20
11
7
14
12
13
FITNESS: 0.35
@@@@@@@@@@@@@@@@@@@@@@@@@@@@@@
Abstract_Mappings:
$ABSTRACT_2 $_main_argv
$ABSTRACT_1 $_main_argc
$ABSTRACT_4 & archive
$ABSTRACT_3 & archive
$ABSTRACT_0 & archive
Declaration_Mappings:
/* DECL: 8 */@$_process_command_line_archiveFileName_1@$_host_s
/* DECL: 11 */@$_main_in_file@$_host_path
Statement_Line_Number:
2
8
13
5
6
16
15
19
FITNESS: 0.35
@@@@@@@@@@@@@@@@@@@@@@@@@@@@@@
Abstract_Mappings:
$ABSTRACT_2 $_main_argv
$ABSTRACT_1 $_main_argc
$ABSTRACT_4 & archive
$ABSTRACT_3 & archive
$ABSTRACT_0 & archive
Declaration_Mappings:
/* DECL: 8 */@$_process_command_line_archiveFileName_1@$_host_s
/* DECL: 11 */@$_main_in_file@$_host_path
Statement_Line_Number:
20
0
4
13
15
19
6
2
8
5
16
9
12
21
1
18
FITNESS: 0.35
@@@@@@@@@@@@@@@@@@@@@@@@@@@@@@
Abstract_Mappings:
$ABSTRACT_2 $_main_argv
$ABSTRACT_1 $_main_argc
$ABSTRACT_4 & archive
$ABSTRACT_3 & archive
$ABSTRACT_0 & archive
Declaration_Mappings:
/* DECL: 8 */@$_process_command_line_archiveFileName_1@$_host_path
/* DECL: 11 */@$_main_in_file@$_host_path
Statement_Line_Number:
1
5
8
20
14
3
21
17
FITNESS: 0.35
@@@@@@@@@@@@@@@@@@@@@@@@@@@@@@
Abstract_Mappings:
$ABSTRACT_2 $_main_argv
$ABSTRACT_1 $_main_argc
$ABSTRACT_4 & archive
$ABSTRACT_3 & archive
$ABSTRACT_0 & archive
Declaration_Mappings:
/* DECL: 8 */@$_process_command_line_archiveFileName_1@$_host_s
/* DECL: 11 */@$_main_in_file@$_host_ec
Statement_Line_Number:
12
15
16
17
11
4
21
9
FITNESS: 0.35
@@@@@@@@@@@@@@@@@@@@@@@@@@@@@@
Abstract_Mappings:
$ABSTRACT_2 $_main_argv
$ABSTRACT_1 $_main_argc
$ABSTRACT_4 & archive
$ABSTRACT_3 & archive
$ABSTRACT_0 & archive
Declaration_Mappings:
/* DECL: 8 */@$_process_command_line_archiveFileName_1@$_host_s
/* DECL: 11 */@$_main_in_file@$_host_s
Statement_Line_Number:
12
10
13
4
9
15
16
17
11
21
18
8
19
20
0
1
FITNESS: 0.35
@@@@@@@@@@@@@@@@@@@@@@@@@@@@@@
Abstract_Mappings:
$ABSTRACT_2 $_main_argv
$ABSTRACT_1 $_main_argc
$ABSTRACT_4 & archive
$ABSTRACT_3 & archive
$ABSTRACT_0 & archive
Declaration_Mappings:
/* DECL: 8 */@$_process_command_line_archiveFileName_1@$_host_s
/* DECL: 11 */@$_main_in_file@$_host_ec
Statement_Line_Number:
1
8
14
0
3
FITNESS: 0.35
@@@@@@@@@@@@@@@@@@@@@@@@@@@@@@
Abstract_Mappings:
$ABSTRACT_2 $_main_argv
$ABSTRACT_1 $_main_argc
$ABSTRACT_4 & archive
$ABSTRACT_3 & archive
$ABSTRACT_0 & archive
Declaration_Mappings:
/* DECL: 8 */@$_process_command_line_archiveFileName_1@$_host_path
/* DECL: 11 */@$_main_in_file@$_host_ec
Statement_Line_Number:
9
12
0
21
11
FITNESS: 0.35
@@@@@@@@@@@@@@@@@@@@@@@@@@@@@@
Abstract_Mappings:
$ABSTRACT_2 $_main_argv
$ABSTRACT_1 $_main_argc
$ABSTRACT_4 & archive
$ABSTRACT_3 & archive
$ABSTRACT_0 & archive
Declaration_Mappings:
/* DECL: 8 */@$_process_command_line_archiveFileName_1@$_host_s
/* DECL: 11 */@$_main_in_file@$_host_s
Statement_Line_Number:
1
5
8
20
14
16
15
10
13
12
FITNESS: 0.35
@@@@@@@@@@@@@@@@@@@@@@@@@@@@@@
Abstract_Mappings:
$ABSTRACT_2 $_main_argv
$ABSTRACT_1 $_main_argc
$ABSTRACT_4 & archive
$ABSTRACT_3 & archive
$ABSTRACT_0 & archive
Declaration_Mappings:
/* DECL: 8 */@$_process_command_line_archiveFileName_1@$_host_path
/* DECL: 11 */@$_main_in_file@$_host_ec
Statement_Line_Number:
1
5
16
14
20
FITNESS: 0.35
@@@@@@@@@@@@@@@@@@@@@@@@@@@@@@
Abstract_Mappings:
$ABSTRACT_2 $_main_argv
$ABSTRACT_1 $_main_argc
$ABSTRACT_4 & archive
$ABSTRACT_3 & archive
$ABSTRACT_0 & archive
Declaration_Mappings:
/* DECL: 8 */@$_process_command_line_archiveFileName_1@$_host_path
/* DECL: 11 */@$_main_in_file@$_host_s
Statement_Line_Number:
0
12
2
16
14
20
1
5
8
15
FITNESS: 0.35
@@@@@@@@@@@@@@@@@@@@@@@@@@@@@@
Abstract_Mappings:
$ABSTRACT_2 $_main_argv
$ABSTRACT_1 $_main_argc
$ABSTRACT_4 & archive
$ABSTRACT_3 & archive
$ABSTRACT_0 & archive
Declaration_Mappings:
/* DECL: 8 */@$_process_command_line_archiveFileName_1@$_host_path
/* DECL: 11 */@$_main_in_file@$_host_s
Statement_Line_Number:
7
9
4
15
10
6
19
13
20
0
21
1
12
5
2
16
14
FITNESS: 0.35
@@@@@@@@@@@@@@@@@@@@@@@@@@@@@@
Abstract_Mappings:
$ABSTRACT_2 $_main_argv
$ABSTRACT_1 $_main_argc
$ABSTRACT_4 & archive
$ABSTRACT_3 & archive
$ABSTRACT_0 & archive
Declaration_Mappings:
/* DECL: 8 */@$_process_command_line_archiveFileName_1@$_host_path
/* DECL: 11 */@$_main_in_file@$_host_path
Statement_Line_Number:
2
21
13
7
14
18
3
20
FITNESS: 0.35
@@@@@@@@@@@@@@@@@@@@@@@@@@@@@@
Abstract_Mappings:
$ABSTRACT_2 $_main_argv
$ABSTRACT_1 $_main_argc
$ABSTRACT_4 & archive
$ABSTRACT_3 & archive
$ABSTRACT_0 & archive
Declaration_Mappings:
/* DECL: 8 */@$_process_command_line_archiveFileName_1@$_host_path
/* DECL: 11 */@$_main_in_file@$_host_path
Statement_Line_Number:
9
12
16
0
8
2
13
7
14
18
3
20
21
6
FITNESS: 0.35
@@@@@@@@@@@@@@@@@@@@@@@@@@@@@@
Abstract_Mappings:
$ABSTRACT_2 $_main_argv
$ABSTRACT_1 $_main_argc
$ABSTRACT_4 & archive
$ABSTRACT_3 & archive
$ABSTRACT_0 & archive
Declaration_Mappings:
/* DECL: 8 */@$_process_command_line_archiveFileName_1@$_host_s
/* DECL: 11 */@$_main_in_file@$_host_ec
Statement_Line_Number:
9
16
20
10
4
19
0
7
2
6
15
14
12
13
FITNESS: 0.35
@@@@@@@@@@@@@@@@@@@@@@@@@@@@@@
Abstract_Mappings:
$ABSTRACT_2 $_main_argv
$ABSTRACT_1 $_main_argc
$ABSTRACT_4 & archive
$ABSTRACT_3 & archive
$ABSTRACT_0 & archive
Declaration_Mappings:
/* DECL: 8 */@$_process_command_line_archiveFileName_1@$_host_s
/* DECL: 11 */@$_main_in_file@$_host_ec
Statement_Line_Number:
12
10
13
0
4
15
2
11
21
FITNESS: 0.35
@@@@@@@@@@@@@@@@@@@@@@@@@@@@@@
Abstract_Mappings:
$ABSTRACT_2 $_main_argv
$ABSTRACT_1 $_main_argc
$ABSTRACT_4 & archive
$ABSTRACT_3 & archive
$ABSTRACT_0 & archive
Declaration_Mappings:
/* DECL: 8 */@$_process_command_line_archiveFileName_1@$_host_s
/* DECL: 11 */@$_main_in_file@$_host_ec
Statement_Line_Number:
7
8
19
20
14
10
0
4
13
15
2
11
21
12
9
16
FITNESS: 0.35
@@@@@@@@@@@@@@@@@@@@@@@@@@@@@@
