Abstract_Mappings:
$ABSTRACT_2 $_main_argv
$ABSTRACT_1 $_main_argc
$ABSTRACT_4 & archive
$ABSTRACT_3 & archive
$ABSTRACT_0 & archive
Declaration_Mappings:
/* DECL: 8 */@$_process_command_line_archiveFileName_1@$_host_s
/* DECL: 11 */@$_main_in_file@$_host_s
Statement_Line_Number:
1
16
20
0
15
8
6
19
FITNESS: 0.35
@@@@@@@@@@@@@@@@@@@@@@@@@@@@@@
Abstract_Mappings:
$ABSTRACT_2 $_main_argv
$ABSTRACT_1 $_main_argc
$ABSTRACT_4 & archive
$ABSTRACT_3 & archive
$ABSTRACT_0 & archive
Declaration_Mappings:
/* DECL: 8 */@$_process_command_line_archiveFileName_1@$_host_s
/* DECL: 11 */@$_main_in_file@$_host_path
Statement_Line_Number:
9
3
4
0
8
16
FITNESS: 0.35
@@@@@@@@@@@@@@@@@@@@@@@@@@@@@@
Abstract_Mappings:
$ABSTRACT_2 $_main_argv
$ABSTRACT_1 $_main_argc
$ABSTRACT_4 & archive
$ABSTRACT_3 & archive
$ABSTRACT_0 & archive
Declaration_Mappings:
/* DECL: 8 */@$_process_command_line_archiveFileName_1@$_host_path
/* DECL: 11 */@$_main_in_file@$_host_ec
Statement_Line_Number:
2
12
13
6
8
5
1
14
17
18
FITNESS: 0.35
@@@@@@@@@@@@@@@@@@@@@@@@@@@@@@
Abstract_Mappings:
$ABSTRACT_2 $_main_argv
$ABSTRACT_1 $_main_argc
$ABSTRACT_4 & archive
$ABSTRACT_3 & archive
$ABSTRACT_0 & archive
Declaration_Mappings:
/* DECL: 8 */@$_process_command_line_archiveFileName_1@$_host_s
/* DECL: 11 */@$_main_in_file@$_host_path
Statement_Line_Number:
12
2
19
16
6
21
20
13
11
18
17
FITNESS: 0.35
@@@@@@@@@@@@@@@@@@@@@@@@@@@@@@
Abstract_Mappings:
$ABSTRACT_2 $_main_argv
$ABSTRACT_1 $_main_argc
$ABSTRACT_4 & archive
$ABSTRACT_3 & archive
$ABSTRACT_0 & archive
Declaration_Mappings:
/* DECL: 8 */@$_process_command_line_archiveFileName_1@$_host_s
/* DECL: 11 */@$_main_in_file@$_host_ec
Statement_Line_Number:
7
16
6
20
4
FITNESS: 0.35
@@@@@@@@@@@@@@@@@@@@@@@@@@@@@@
Abstract_Mappings:
$ABSTRACT_2 $_main_argv
$ABSTRACT_1 $_main_argc
$ABSTRACT_4 & archive
$ABSTRACT_3 & archive
$ABSTRACT_0 & archive
Declaration_Mappings:
/* DECL: 8 */@$_process_command_line_archiveFileName_1@$_host_s
/* DECL: 11 */@$_main_in_file@$_host_ec
Statement_Line_Number:
5
8
13
16
10
9
18
21
2
FITNESS: 0.35
@@@@@@@@@@@@@@@@@@@@@@@@@@@@@@
Abstract_Mappings:
$ABSTRACT_2 $_main_argv
$ABSTRACT_1 $_main_argc
$ABSTRACT_4 & archive
$ABSTRACT_3 & archive
$ABSTRACT_0 & archive
Declaration_Mappings:
/* DECL: 8 */@$_process_command_line_archiveFileName_1@$_host_path
/* DECL: 11 */@$_main_in_file@$_host_path
Statement_Line_Number:
4
1
7
6
3
18
19
15
20
FITNESS: 0.35
@@@@@@@@@@@@@@@@@@@@@@@@@@@@@@
Abstract_Mappings:
$ABSTRACT_2 $_main_argv
$ABSTRACT_1 $_main_argc
$ABSTRACT_4 & archive
$ABSTRACT_3 & archive
$ABSTRACT_0 & archive
Declaration_Mappings:
/* DECL: 8 */@$_process_command_line_archiveFileName_1@$_host_s
/* DECL: 11 */@$_main_in_file@$_host_path
Statement_Line_Number:
1
5
8
14
9
19
10
3
7
FITNESS: 0.35
@@@@@@@@@@@@@@@@@@@@@@@@@@@@@@
Abstract_Mappings:
$ABSTRACT_2 $_main_argv
$ABSTRACT_1 $_main_argc
$ABSTRACT_4 & archive
$ABSTRACT_3 & archive
$ABSTRACT_0 & archive
Declaration_Mappings:
/* DECL: 8 */@$_process_command_line_archiveFileName_1@$_host_s
/* DECL: 11 */@$_main_in_file@$_host_s
Statement_Line_Number:
12
10
13
4
9
15
16
17
19
0
1
5
21
20
3
FITNESS: 0.35
@@@@@@@@@@@@@@@@@@@@@@@@@@@@@@
Abstract_Mappings:
$ABSTRACT_2 $_main_argv
$ABSTRACT_1 $_main_argc
$ABSTRACT_4 & archive
$ABSTRACT_3 & archive
$ABSTRACT_0 & archive
Declaration_Mappings:
/* DECL: 8 */@$_process_command_line_archiveFileName_1@$_host_s
/* DECL: 11 */@$_main_in_file@$_host_ec
Statement_Line_Number:
1
14
0
11
19
10
6
FITNESS: 0.35
@@@@@@@@@@@@@@@@@@@@@@@@@@@@@@
Abstract_Mappings:
$ABSTRACT_2 $_main_argv
$ABSTRACT_1 $_main_argc
$ABSTRACT_4 & archive
$ABSTRACT_3 & archive
$ABSTRACT_0 & archive
Declaration_Mappings:
/* DECL: 8 */@$_process_command_line_archiveFileName_1@$_host_path
/* DECL: 11 */@$_main_in_file@$_host_ec
Statement_Line_Number:
1
5
21
7
4
9
FITNESS: 0.35
@@@@@@@@@@@@@@@@@@@@@@@@@@@@@@
Abstract_Mappings:
$ABSTRACT_2 $_main_argv
$ABSTRACT_1 $_main_argc
$ABSTRACT_4 & archive
$ABSTRACT_3 & archive
$ABSTRACT_0 & archive
Declaration_Mappings:
/* DECL: 8 */@$_process_command_line_archiveFileName_1@$_host_path
/* DECL: 11 */@$_main_in_file@$_host_ec
Statement_Line_Number:
2
21
13
7
4
9
15
6
10
FITNESS: 0.35
@@@@@@@@@@@@@@@@@@@@@@@@@@@@@@
Abstract_Mappings:
$ABSTRACT_2 $_main_argv
$ABSTRACT_1 $_main_argc
$ABSTRACT_4 & archive
$ABSTRACT_3 & archive
$ABSTRACT_0 & archive
Declaration_Mappings:
/* DECL: 8 */@$_process_command_line_archiveFileName_1@$_host_path
/* DECL: 11 */@$_main_in_file@$_host_path
Statement_Line_Number:
7
16
6
15
21
3
FITNESS: 0.35
@@@@@@@@@@@@@@@@@@@@@@@@@@@@@@
Abstract_Mappings:
$ABSTRACT_2 $_main_argv
$ABSTRACT_1 $_main_argc
$ABSTRACT_4 & archive
$ABSTRACT_3 & archive
$ABSTRACT_0 & archive
Declaration_Mappings:
/* DECL: 8 */@$_process_command_line_archiveFileName_1@$_host_s
/* DECL: 11 */@$_main_in_file@$_host_ec
Statement_Line_Number:
12
21
20
0
15
8
5
1
14
17
FITNESS: 0.35
@@@@@@@@@@@@@@@@@@@@@@@@@@@@@@
Abstract_Mappings:
$ABSTRACT_2 $_main_argv
$ABSTRACT_1 $_main_argc
$ABSTRACT_4 & archive
$ABSTRACT_3 & archive
$ABSTRACT_0 & archive
Declaration_Mappings:
/* DECL: 8 */@$_process_command_line_archiveFileName_1@$_host_s
/* DECL: 11 */@$_main_in_file@$_host_ec
Statement_Line_Number:
1
5
8
20
18
16
FITNESS: 0.35
@@@@@@@@@@@@@@@@@@@@@@@@@@@@@@
Abstract_Mappings:
$ABSTRACT_2 $_main_argv
$ABSTRACT_1 $_main_argc
$ABSTRACT_4 & archive
$ABSTRACT_3 & archive
$ABSTRACT_0 & archive
Declaration_Mappings:
/* DECL: 8 */@$_process_command_line_archiveFileName_1@$_host_path
/* DECL: 11 */@$_main_in_file@$_host_path
Statement_Line_Number:
2
19
16
6
15
10
12
20
14
13
3
7
17
4
FITNESS: 0.35
@@@@@@@@@@@@@@@@@@@@@@@@@@@@@@
Abstract_Mappings:
$ABSTRACT_2 $_main_argv
$ABSTRACT_1 $_main_argc
$ABSTRACT_4 & archive
$ABSTRACT_3 & archive
$ABSTRACT_0 & archive
Declaration_Mappings:
/* DECL: 8 */@$_process_command_line_archiveFileName_1@$_host_path
/* DECL: 11 */@$_main_in_file@$_host_path
Statement_Line_Number:
12
15
16
20
10
0
21
9
5
FITNESS: 0.35
@@@@@@@@@@@@@@@@@@@@@@@@@@@@@@
Abstract_Mappings:
$ABSTRACT_2 $_main_argv
$ABSTRACT_1 $_main_argc
$ABSTRACT_4 & archive
$ABSTRACT_3 & archive
$ABSTRACT_0 & archive
Declaration_Mappings:
/* DECL: 8 */@$_process_command_line_archiveFileName_1@$_host_s
/* DECL: 11 */@$_main_in_file@$_host_s
Statement_Line_Number:
9
20
10
5
8
15
13
11
FITNESS: 0.35
@@@@@@@@@@@@@@@@@@@@@@@@@@@@@@
Abstract_Mappings:
$ABSTRACT_2 $_main_argv
$ABSTRACT_1 $_main_argc
$ABSTRACT_4 & archive
$ABSTRACT_3 & archive
$ABSTRACT_0 & archive
Declaration_Mappings:
/* DECL: 8 */@$_process_command_line_archiveFileName_1@$_host_s
/* DECL: 11 */@$_main_in_file@$_host_ec
Statement_Line_Number:
2
19
16
6
15
10
4
0
7
9
17
FITNESS: 0.35
@@@@@@@@@@@@@@@@@@@@@@@@@@@@@@
Abstract_Mappings:
$ABSTRACT_2 $_main_argv
$ABSTRACT_1 $_main_argc
$ABSTRACT_4 & archive
$ABSTRACT_3 & archive
$ABSTRACT_0 & archive
Declaration_Mappings:
/* DECL: 8 */@$_process_command_line_archiveFileName_1@$_host_path
/* DECL: 11 */@$_main_in_file@$_host_ec
Statement_Line_Number:
4
7
9
3
20
11
2
8
6
16
14
19
5
1
17
FITNESS: 0.35
@@@@@@@@@@@@@@@@@@@@@@@@@@@@@@
Abstract_Mappings:
$ABSTRACT_2 $_main_argv
$ABSTRACT_1 $_main_argc
$ABSTRACT_4 & archive
$ABSTRACT_3 & archive
$ABSTRACT_0 & archive
Declaration_Mappings:
/* DECL: 8 */@$_process_command_line_archiveFileName_1@$_host_path
/* DECL: 11 */@$_main_in_file@$_host_ec
Statement_Line_Number:
1
5
16
7
4
6
10
8
FITNESS: 0.35
@@@@@@@@@@@@@@@@@@@@@@@@@@@@@@
Abstract_Mappings:
$ABSTRACT_2 $_main_argv
$ABSTRACT_1 $_main_argc
$ABSTRACT_4 & archive
$ABSTRACT_3 & archive
$ABSTRACT_0 & archive
Declaration_Mappings:
/* DECL: 8 */@$_process_command_line_archiveFileName_1@$_host_path
/* DECL: 11 */@$_main_in_file@$_host_ec
Statement_Line_Number:
4
2
13
6
20
0
11
FITNESS: 0.35
@@@@@@@@@@@@@@@@@@@@@@@@@@@@@@
Abstract_Mappings:
$ABSTRACT_2 $_main_argv
$ABSTRACT_1 $_main_argc
$ABSTRACT_4 & archive
$ABSTRACT_3 & archive
$ABSTRACT_0 & archive
Declaration_Mappings:
/* DECL: 8 */@$_process_command_line_archiveFileName_1@$_host_s
/* DECL: 11 */@$_main_in_file@$_host_s
Statement_Line_Number:
8
18
9
14
13
4
17
FITNESS: 0.35
@@@@@@@@@@@@@@@@@@@@@@@@@@@@@@
Abstract_Mappings:
$ABSTRACT_2 $_main_argv
$ABSTRACT_1 $_main_argc
$ABSTRACT_4 & archive
$ABSTRACT_3 & archive
$ABSTRACT_0 & archive
Declaration_Mappings:
/* DECL: 8 */@$_process_command_line_archiveFileName_1@$_host_path
/* DECL: 11 */@$_main_in_file@$_host_path
Statement_Line_Number:
13
12
10
6
11
14
20
4
3
7
18
19
9
16
FITNESS: 0.35
@@@@@@@@@@@@@@@@@@@@@@@@@@@@@@
Abstract_Mappings:
$ABSTRACT_2 $_main_argv
$ABSTRACT_1 $_main_argc
$ABSTRACT_4 & archive
$ABSTRACT_3 & archive
$ABSTRACT_0 & archive
Declaration_Mappings:
/* DECL: 8 */@$_process_command_line_archiveFileName_1@$_host_path
/* DECL: 11 */@$_main_in_file@$_host_s
Statement_Line_Number:
1
5
8
19
15
17
14
2
FITNESS: 0.35
@@@@@@@@@@@@@@@@@@@@@@@@@@@@@@
Abstract_Mappings:
$ABSTRACT_2 $_main_argv
$ABSTRACT_1 $_main_argc
$ABSTRACT_4 & archive
$ABSTRACT_3 & archive
$ABSTRACT_0 & archive
Declaration_Mappings:
/* DECL: 8 */@$_process_command_line_archiveFileName_1@$_host_s
/* DECL: 11 */@$_main_in_file@$_host_path
Statement_Line_Number:
12
10
4
1
5
15
17
14
FITNESS: 0.35
@@@@@@@@@@@@@@@@@@@@@@@@@@@@@@
Abstract_Mappings:
$ABSTRACT_2 $_main_argv
$ABSTRACT_1 $_main_argc
$ABSTRACT_4 & archive
$ABSTRACT_3 & archive
$ABSTRACT_0 & archive
Declaration_Mappings:
/* DECL: 8 */@$_process_command_line_archiveFileName_1@$_host_s
/* DECL: 11 */@$_main_in_file@$_host_s
Statement_Line_Number:
9
16
20
10
7
14
13
17
8
18
FITNESS: 0.35
@@@@@@@@@@@@@@@@@@@@@@@@@@@@@@
Abstract_Mappings:
$ABSTRACT_2 $_main_argv
$ABSTRACT_1 $_main_argc
$ABSTRACT_4 & archive
$ABSTRACT_3 & archive
$ABSTRACT_0 & archive
Declaration_Mappings:
/* DECL: 8 */@$_process_command_line_archiveFileName_1@$_host_s
/* DECL: 11 */@$_main_in_file@$_host_path
Statement_Line_Number:
8
18
9
20
7
4
6
12
FITNESS: 0.35
@@@@@@@@@@@@@@@@@@@@@@@@@@@@@@
Abstract_Mappings:
$ABSTRACT_2 $_main_argv
$ABSTRACT_1 $_main_argc
$ABSTRACT_4 & archive
$ABSTRACT_3 & archive
$ABSTRACT_0 & archive
Declaration_Mappings:
/* DECL: 8 */@$_process_command_line_archiveFileName_1@$_host_path
/* DECL: 11 */@$_main_in_file@$_host_path
Statement_Line_Number:
9
3
15
21
11
4
1
0
19
16
7
17
20
14
10
5
13
FITNESS: 0.35
@@@@@@@@@@@@@@@@@@@@@@@@@@@@@@
Abstract_Mappings:
$ABSTRACT_2 $_main_argv
$ABSTRACT_1 $_main_argc
$ABSTRACT_4 & archive
$ABSTRACT_3 & archive
$ABSTRACT_0 & archive
Declaration_Mappings:
/* DECL: 8 */@$_process_command_line_archiveFileName_1@$_host_path
/* DECL: 11 */@$_main_in_file@$_host_path
Statement_Line_Number:
8
18
9
19
17
2
21
3
7
10
FITNESS: 0.35
@@@@@@@@@@@@@@@@@@@@@@@@@@@@@@
Abstract_Mappings:
$ABSTRACT_2 $_main_argv
$ABSTRACT_1 $_main_argc
$ABSTRACT_4 & archive
$ABSTRACT_3 & archive
$ABSTRACT_0 & archive
Declaration_Mappings:
/* DECL: 8 */@$_process_command_line_archiveFileName_1@$_host_path
/* DECL: 11 */@$_main_in_file@$_host_ec
Statement_Line_Number:
19
16
6
10
9
1
3
7
FITNESS: 0.35
@@@@@@@@@@@@@@@@@@@@@@@@@@@@@@
Abstract_Mappings:
$ABSTRACT_2 $_main_argv
$ABSTRACT_1 $_main_argc
$ABSTRACT_4 & archive
$ABSTRACT_3 & archive
$ABSTRACT_0 & archive
Declaration_Mappings:
/* DECL: 8 */@$_process_command_line_archiveFileName_1@$_host_ec
/* DECL: 11 */@$_main_in_file@$_host_ec
Statement_Line_Number:
5
8
13
7
0
10
15
11
20
2
3
FITNESS: 0.35
@@@@@@@@@@@@@@@@@@@@@@@@@@@@@@
Abstract_Mappings:
$ABSTRACT_2 $_main_argv
$ABSTRACT_1 $_main_argc
$ABSTRACT_4 & archive
$ABSTRACT_3 & archive
$ABSTRACT_0 & archive
Declaration_Mappings:
/* DECL: 8 */@$_process_command_line_archiveFileName_1@$_host_path
/* DECL: 11 */@$_main_in_file@$_host_s
Statement_Line_Number:
12
21
20
0
3
10
1
13
4
15
17
FITNESS: 0.35
@@@@@@@@@@@@@@@@@@@@@@@@@@@@@@
Abstract_Mappings:
$ABSTRACT_2 $_main_argv
$ABSTRACT_1 $_main_argc
$ABSTRACT_4 & archive
$ABSTRACT_3 & archive
$ABSTRACT_0 & archive
Declaration_Mappings:
/* DECL: 8 */@$_process_command_line_archiveFileName_1@$_host_path
/* DECL: 11 */@$_main_in_file@$_host_ec
Statement_Line_Number:
9
12
21
0
19
5
13
11
1
17
3
FITNESS: 0.35
@@@@@@@@@@@@@@@@@@@@@@@@@@@@@@
Abstract_Mappings:
$ABSTRACT_2 $_main_argv
$ABSTRACT_1 $_main_argc
$ABSTRACT_4 & archive
$ABSTRACT_3 & archive
$ABSTRACT_0 & archive
Declaration_Mappings:
/* DECL: 8 */@$_process_command_line_archiveFileName_1@$_host_path
/* DECL: 11 */@$_main_in_file@$_host_ec
Statement_Line_Number:
2
21
8
6
9
19
10
1
3
7
FITNESS: 0.35
@@@@@@@@@@@@@@@@@@@@@@@@@@@@@@
Abstract_Mappings:
$ABSTRACT_2 $_main_argv
$ABSTRACT_1 $_main_argc
$ABSTRACT_4 & archive
$ABSTRACT_3 & archive
$ABSTRACT_0 & archive
Declaration_Mappings:
/* DECL: 8 */@$_process_command_line_archiveFileName_1@$_host_s
/* DECL: 11 */@$_main_in_file@$_host_ec
Statement_Line_Number:
13
12
10
6
11
14
20
4
2
15
8
18
7
FITNESS: 0.35
@@@@@@@@@@@@@@@@@@@@@@@@@@@@@@
Abstract_Mappings:
$ABSTRACT_2 $_main_argv
$ABSTRACT_1 $_main_argc
$ABSTRACT_4 & archive
$ABSTRACT_3 & archive
$ABSTRACT_0 & archive
Declaration_Mappings:
/* DECL: 8 */@$_process_command_line_archiveFileName_1@$_host_s
/* DECL: 11 */@$_main_in_file@$_host_ec
Statement_Line_Number:
12
21
20
11
0
15
5
19
16
8
10
9
18
FITNESS: 0.35
@@@@@@@@@@@@@@@@@@@@@@@@@@@@@@
Abstract_Mappings:
$ABSTRACT_2 $_main_argv
$ABSTRACT_1 $_main_argc
$ABSTRACT_4 & archive
$ABSTRACT_3 & archive
$ABSTRACT_0 & archive
Declaration_Mappings:
/* DECL: 8 */@$_process_command_line_archiveFileName_1@$_host_path
/* DECL: 11 */@$_main_in_file@$_host_ec
Statement_Line_Number:
9
12
21
16
10
0
11
13
FITNESS: 0.35
@@@@@@@@@@@@@@@@@@@@@@@@@@@@@@
Abstract_Mappings:
$ABSTRACT_2 $_main_argv
$ABSTRACT_1 $_main_argc
$ABSTRACT_4 & archive
$ABSTRACT_3 & archive
$ABSTRACT_0 & archive
Declaration_Mappings:
/* DECL: 8 */@$_process_command_line_archiveFileName_1@$_host_path
/* DECL: 11 */@$_main_in_file@$_host_path
Statement_Line_Number:
9
12
16
0
8
2
13
7
17
14
15
10
20
FITNESS: 0.35
@@@@@@@@@@@@@@@@@@@@@@@@@@@@@@
Abstract_Mappings:
$ABSTRACT_2 $_main_argv
$ABSTRACT_1 $_main_argc
$ABSTRACT_4 & archive
$ABSTRACT_3 & archive
$ABSTRACT_0 & archive
Declaration_Mappings:
/* DECL: 8 */@$_process_command_line_archiveFileName_1@$_host_path
/* DECL: 11 */@$_main_in_file@$_host_path
Statement_Line_Number:
0
19
16
7
17
14
15
10
9
12
8
2
13
18
3
20
21
6
4
11
FITNESS: 0.35
@@@@@@@@@@@@@@@@@@@@@@@@@@@@@@
Abstract_Mappings:
$ABSTRACT_2 $_main_argv
$ABSTRACT_1 $_main_argc
$ABSTRACT_4 & archive
$ABSTRACT_3 & archive
$ABSTRACT_0 & archive
Declaration_Mappings:
/* DECL: 8 */@$_process_command_line_archiveFileName_1@$_host_path
/* DECL: 11 */@$_main_in_file@$_host_ec
Statement_Line_Number:
2
21
13
4
18
19
5
6
FITNESS: 0.35
@@@@@@@@@@@@@@@@@@@@@@@@@@@@@@
Abstract_Mappings:
$ABSTRACT_2 $_main_argv
$ABSTRACT_1 $_main_argc
$ABSTRACT_4 & archive
$ABSTRACT_3 & archive
$ABSTRACT_0 & archive
Declaration_Mappings:
/* DECL: 8 */@$_process_command_line_archiveFileName_1@$_host_path
/* DECL: 11 */@$_main_in_file@$_host_path
Statement_Line_Number:
2
8
13
10
0
3
20
21
6
4
FITNESS: 0.35
@@@@@@@@@@@@@@@@@@@@@@@@@@@@@@
Abstract_Mappings:
$ABSTRACT_2 $_main_argv
$ABSTRACT_1 $_main_argc
$ABSTRACT_4 & archive
$ABSTRACT_3 & archive
$ABSTRACT_0 & archive
Declaration_Mappings:
/* DECL: 8 */@$_process_command_line_archiveFileName_1@$_host_path
/* DECL: 11 */@$_main_in_file@$_host_s
Statement_Line_Number:
18
21
8
6
19
16
5
2
10
1
13
0
4
15
17
20
FITNESS: 0.35
@@@@@@@@@@@@@@@@@@@@@@@@@@@@@@
Abstract_Mappings:
$ABSTRACT_2 $_main_argv
$ABSTRACT_1 $_main_argc
$ABSTRACT_4 & archive
$ABSTRACT_3 & archive
$ABSTRACT_0 & archive
Declaration_Mappings:
/* DECL: 8 */@$_process_command_line_archiveFileName_1@$_host_path
/* DECL: 11 */@$_main_in_file@$_host_ec
Statement_Line_Number:
2
21
13
0
11
19
10
3
FITNESS: 0.35
@@@@@@@@@@@@@@@@@@@@@@@@@@@@@@
Abstract_Mappings:
$ABSTRACT_2 $_main_argv
$ABSTRACT_1 $_main_argc
$ABSTRACT_4 & archive
$ABSTRACT_3 & archive
$ABSTRACT_0 & archive
Declaration_Mappings:
/* DECL: 8 */@$_process_command_line_archiveFileName_1@$_host_path
/* DECL: 11 */@$_main_in_file@$_host_path
Statement_Line_Number:
2
19
16
6
15
10
4
0
7
14
18
3
20
21
11
FITNESS: 0.35
@@@@@@@@@@@@@@@@@@@@@@@@@@@@@@
Abstract_Mappings:
$ABSTRACT_2 $_main_argv
$ABSTRACT_1 $_main_argc
$ABSTRACT_4 & archive
$ABSTRACT_3 & archive
$ABSTRACT_0 & archive
Declaration_Mappings:
/* DECL: 8 */@$_process_command_line_archiveFileName_1@$_host_path
/* DECL: 11 */@$_main_in_file@$_host_s
Statement_Line_Number:
7
16
6
15
0
8
10
2
1
18
9
19
17
21
3
4
FITNESS: 0.35
@@@@@@@@@@@@@@@@@@@@@@@@@@@@@@
Abstract_Mappings:
$ABSTRACT_2 $_main_argv
$ABSTRACT_1 $_main_argc
$ABSTRACT_4 & archive
$ABSTRACT_3 & archive
$ABSTRACT_0 & archive
Declaration_Mappings:
/* DECL: 8 */@$_process_command_line_archiveFileName_1@$_host_path
/* DECL: 11 */@$_main_in_file@$_host_s
Statement_Line_Number:
1
5
8
20
21
2
13
18
3
9
10
15
7
FITNESS: 0.35
@@@@@@@@@@@@@@@@@@@@@@@@@@@@@@
Abstract_Mappings:
$ABSTRACT_2 $_main_argv
$ABSTRACT_1 $_main_argc
$ABSTRACT_4 & archive
$ABSTRACT_3 & archive
$ABSTRACT_0 & archive
Declaration_Mappings:
/* DECL: 8 */@$_process_command_line_archiveFileName_1@$_host_s
/* DECL: 11 */@$_main_in_file@$_host_path
Statement_Line_Number:
8
18
9
15
16
21
6
FITNESS: 0.35
@@@@@@@@@@@@@@@@@@@@@@@@@@@@@@
Abstract_Mappings:
$ABSTRACT_2 $_main_argv
$ABSTRACT_1 $_main_argc
$ABSTRACT_4 & archive
$ABSTRACT_3 & archive
$ABSTRACT_0 & archive
Declaration_Mappings:
/* DECL: 8 */@$_process_command_line_archiveFileName_1@$_host_path
/* DECL: 11 */@$_main_in_file@$_host_path
Statement_Line_Number:
12
10
13
4
9
15
16
21
6
8
18
20
1
5
17
14
2
FITNESS: 0.35
@@@@@@@@@@@@@@@@@@@@@@@@@@@@@@
Abstract_Mappings:
$ABSTRACT_2 $_main_argv
$ABSTRACT_1 $_main_argc
$ABSTRACT_4 & archive
$ABSTRACT_3 & archive
$ABSTRACT_0 & archive
Declaration_Mappings:
/* DECL: 8 */@$_process_command_line_archiveFileName_1@$_host_path
/* DECL: 11 */@$_main_in_file@$_host_ec
Statement_Line_Number:
2
19
16
6
10
5
15
17
14
FITNESS: 0.35
@@@@@@@@@@@@@@@@@@@@@@@@@@@@@@
Abstract_Mappings:
$ABSTRACT_2 $_main_argv
$ABSTRACT_1 $_main_argc
$ABSTRACT_4 & archive
$ABSTRACT_3 & archive
$ABSTRACT_0 & archive
Declaration_Mappings:
/* DECL: 8 */@$_process_command_line_archiveFileName_1@$_host_path
/* DECL: 11 */@$_main_in_file@$_host_s
Statement_Line_Number:
1
9
10
19
3
0
7
14
18
20
21
FITNESS: 0.35
@@@@@@@@@@@@@@@@@@@@@@@@@@@@@@
Abstract_Mappings:
$ABSTRACT_2 $_main_argv
$ABSTRACT_1 $_main_argc
$ABSTRACT_4 & archive
$ABSTRACT_3 & archive
$ABSTRACT_0 & archive
Declaration_Mappings:
/* DECL: 8 */@$_process_command_line_archiveFileName_1@$_host_path
/* DECL: 11 */@$_main_in_file@$_host_path
Statement_Line_Number:
12
2
19
16
5
8
10
7
6
18
4
FITNESS: 0.35
@@@@@@@@@@@@@@@@@@@@@@@@@@@@@@
Abstract_Mappings:
$ABSTRACT_2 $_main_argv
$ABSTRACT_1 $_main_argc
$ABSTRACT_4 & archive
$ABSTRACT_3 & archive
$ABSTRACT_0 & archive
Declaration_Mappings:
/* DECL: 8 */@$_process_command_line_archiveFileName_1@$_host_s
/* DECL: 11 */@$_main_in_file@$_host_path
Statement_Line_Number:
12
15
16
17
11
6
10
18
5
8
13
7
19
20
0
21
9
2
14
FITNESS: 0.35
@@@@@@@@@@@@@@@@@@@@@@@@@@@@@@
Abstract_Mappings:
$ABSTRACT_2 $_main_argv
$ABSTRACT_1 $_main_argc
$ABSTRACT_4 & archive
$ABSTRACT_3 & archive
$ABSTRACT_0 & archive
Declaration_Mappings:
/* DECL: 8 */@$_process_command_line_archiveFileName_1@$_host_ec
/* DECL: 11 */@$_main_in_file@$_host_ec
Statement_Line_Number:
18
21
8
6
2
16
14
20
13
0
11
10
FITNESS: 0.35
@@@@@@@@@@@@@@@@@@@@@@@@@@@@@@
Abstract_Mappings:
$ABSTRACT_2 $_main_argv
$ABSTRACT_1 $_main_argc
$ABSTRACT_4 & archive
$ABSTRACT_3 & archive
$ABSTRACT_0 & archive
Declaration_Mappings:
/* DECL: 8 */@$_process_command_line_archiveFileName_1@$_host_path
/* DECL: 11 */@$_main_in_file@$_host_ec
Statement_Line_Number:
9
12
21
13
20
0
11
18
8
6
2
16
14
19
5
1
FITNESS: 0.35
@@@@@@@@@@@@@@@@@@@@@@@@@@@@@@
Abstract_Mappings:
$ABSTRACT_2 $_main_argv
$ABSTRACT_1 $_main_argc
$ABSTRACT_4 & archive
$ABSTRACT_3 & archive
$ABSTRACT_0 & archive
Declaration_Mappings:
/* DECL: 8 */@$_process_command_line_archiveFileName_1@$_host_path
/* DECL: 11 */@$_main_in_file@$_host_ec
Statement_Line_Number:
2
21
8
6
18
9
19
10
1
5
20
14
16
15
13
3
7
17
12
4
11
FITNESS: 0.35
@@@@@@@@@@@@@@@@@@@@@@@@@@@@@@
Abstract_Mappings:
$ABSTRACT_2 $_main_argv
$ABSTRACT_1 $_main_argc
$ABSTRACT_4 & archive
$ABSTRACT_3 & archive
$ABSTRACT_0 & archive
Declaration_Mappings:
/* DECL: 8 */@$_process_command_line_archiveFileName_1@$_host_ec
/* DECL: 11 */@$_main_in_file@$_host_ec
Statement_Line_Number:
13
12
10
6
11
14
20
2
15
3
18
8
21
19
16
1
5
7
17
9
0
FITNESS: 0.35
@@@@@@@@@@@@@@@@@@@@@@@@@@@@@@
Abstract_Mappings:
$ABSTRACT_2 $_main_argv
$ABSTRACT_1 $_main_argc
$ABSTRACT_4 & archive
$ABSTRACT_3 & archive
$ABSTRACT_0 & archive
Declaration_Mappings:
/* DECL: 8 */@$_process_command_line_archiveFileName_1@$_host_ec
/* DECL: 11 */@$_main_in_file@$_host_s
Statement_Line_Number:
12
21
20
0
15
8
11
18
FITNESS: 0.35
@@@@@@@@@@@@@@@@@@@@@@@@@@@@@@
Abstract_Mappings:
$ABSTRACT_2 $_main_argv
$ABSTRACT_1 $_main_argc
$ABSTRACT_4 & archive
$ABSTRACT_3 & archive
$ABSTRACT_0 & archive
Declaration_Mappings:
/* DECL: 8 */@$_process_command_line_archiveFileName_1@$_host_path
/* DECL: 11 */@$_main_in_file@$_host_ec
Statement_Line_Number:
20
0
10
4
19
15
17
14
2
21
13
11
FITNESS: 0.35
@@@@@@@@@@@@@@@@@@@@@@@@@@@@@@
Abstract_Mappings:
$ABSTRACT_2 $_main_argv
$ABSTRACT_1 $_main_argc
$ABSTRACT_4 & archive
$ABSTRACT_3 & archive
$ABSTRACT_0 & archive
Declaration_Mappings:
/* DECL: 8 */@$_process_command_line_archiveFileName_1@$_host_s
/* DECL: 11 */@$_main_in_file@$_host_ec
Statement_Line_Number:
8
18
9
15
4
FITNESS: 0.35
@@@@@@@@@@@@@@@@@@@@@@@@@@@@@@
Abstract_Mappings:
$ABSTRACT_2 $_main_argv
$ABSTRACT_1 $_main_argc
$ABSTRACT_4 & archive
$ABSTRACT_3 & archive
$ABSTRACT_0 & archive
Declaration_Mappings:
/* DECL: 8 */@$_process_command_line_archiveFileName_1@$_host_s
/* DECL: 11 */@$_main_in_file@$_host_path
Statement_Line_Number:
7
16
6
15
4
9
8
18
20
FITNESS: 0.35
@@@@@@@@@@@@@@@@@@@@@@@@@@@@@@
Abstract_Mappings:
$ABSTRACT_2 $_main_argv
$ABSTRACT_1 $_main_argc
$ABSTRACT_4 & archive
$ABSTRACT_3 & archive
$ABSTRACT_0 & archive
Declaration_Mappings:
/* DECL: 8 */@$_process_command_line_archiveFileName_1@$_host_path
/* DECL: 11 */@$_main_in_file@$_host_path
Statement_Line_Number:
0
19
16
7
17
14
15
10
9
20
1
FITNESS: 0.35
@@@@@@@@@@@@@@@@@@@@@@@@@@@@@@
Abstract_Mappings:
$ABSTRACT_2 $_main_argv
$ABSTRACT_1 $_main_argc
$ABSTRACT_4 & archive
$ABSTRACT_3 & archive
$ABSTRACT_0 & archive
Declaration_Mappings:
/* DECL: 8 */@$_process_command_line_archiveFileName_1@$_host_s
/* DECL: 11 */@$_main_in_file@$_host_ec
Statement_Line_Number:
2
21
8
6
18
15
19
4
FITNESS: 0.35
@@@@@@@@@@@@@@@@@@@@@@@@@@@@@@
Abstract_Mappings:
$ABSTRACT_2 $_main_argv
$ABSTRACT_1 $_main_argc
$ABSTRACT_4 & archive
$ABSTRACT_3 & archive
$ABSTRACT_0 & archive
Declaration_Mappings:
/* DECL: 8 */@$_process_command_line_archiveFileName_1@$_host_s
/* DECL: 11 */@$_main_in_file@$_host_path
Statement_Line_Number:
1
5
8
14
6
15
19
4
2
21
18
9
10
3
7
FITNESS: 0.35
@@@@@@@@@@@@@@@@@@@@@@@@@@@@@@
Abstract_Mappings:
$ABSTRACT_2 $_main_argv
$ABSTRACT_1 $_main_argc
$ABSTRACT_4 & archive
$ABSTRACT_3 & archive
$ABSTRACT_0 & archive
Declaration_Mappings:
/* DECL: 8 */@$_process_command_line_archiveFileName_1@$_host_s
/* DECL: 11 */@$_main_in_file@$_host_s
Statement_Line_Number:
2
12
13
6
10
7
16
18
4
FITNESS: 0.35
@@@@@@@@@@@@@@@@@@@@@@@@@@@@@@
Abstract_Mappings:
$ABSTRACT_2 $_main_argv
$ABSTRACT_1 $_main_argc
$ABSTRACT_4 & archive
$ABSTRACT_3 & archive
$ABSTRACT_0 & archive
Declaration_Mappings:
/* DECL: 8 */@$_process_command_line_archiveFileName_1@$_host_s
/* DECL: 11 */@$_main_in_file@$_host_ec
Statement_Line_Number:
12
21
20
0
15
8
10
7
16
6
18
4
2
13
5
1
14
17
FITNESS: 0.35
@@@@@@@@@@@@@@@@@@@@@@@@@@@@@@
Abstract_Mappings:
$ABSTRACT_2 $_main_argv
$ABSTRACT_1 $_main_argc
$ABSTRACT_4 & archive
$ABSTRACT_3 & archive
$ABSTRACT_0 & archive
Declaration_Mappings:
/* DECL: 8 */@$_process_command_line_archiveFileName_1@$_host_path
/* DECL: 11 */@$_main_in_file@$_host_ec
Statement_Line_Number:
2
21
8
6
18
9
19
10
1
5
20
0
4
14
FITNESS: 0.35
@@@@@@@@@@@@@@@@@@@@@@@@@@@@@@
Abstract_Mappings:
$ABSTRACT_2 $_main_argv
$ABSTRACT_1 $_main_argc
$ABSTRACT_4 & archive
$ABSTRACT_3 & archive
$ABSTRACT_0 & archive
Declaration_Mappings:
/* DECL: 8 */@$_process_command_line_archiveFileName_1@$_host_path
/* DECL: 11 */@$_main_in_file@$_host_ec
Statement_Line_Number:
4
7
9
3
20
11
2
8
13
5
6
16
18
17
21
12
0
14
19
1
FITNESS: 0.35
@@@@@@@@@@@@@@@@@@@@@@@@@@@@@@
Abstract_Mappings:
$ABSTRACT_2 $_main_argv
$ABSTRACT_1 $_main_argc
$ABSTRACT_4 & archive
$ABSTRACT_3 & archive
$ABSTRACT_0 & archive
Declaration_Mappings:
/* DECL: 8 */@$_process_command_line_archiveFileName_1@$_host_path
/* DECL: 11 */@$_main_in_file@$_host_s
Statement_Line_Number:
1
5
8
20
3
10
15
0
4
19
17
14
2
FITNESS: 0.35
@@@@@@@@@@@@@@@@@@@@@@@@@@@@@@
Abstract_Mappings:
$ABSTRACT_2 $_main_argv
$ABSTRACT_1 $_main_argc
$ABSTRACT_4 & archive
$ABSTRACT_3 & archive
$ABSTRACT_0 & archive
Declaration_Mappings:
/* DECL: 8 */@$_process_command_line_archiveFileName_1@$_host_s
/* DECL: 11 */@$_main_in_file@$_host_ec
Statement_Line_Number:
19
16
6
10
7
8
9
18
14
2
21
1
3
FITNESS: 0.35
@@@@@@@@@@@@@@@@@@@@@@@@@@@@@@
Abstract_Mappings:
$ABSTRACT_2 $_main_argv
$ABSTRACT_1 $_main_argc
$ABSTRACT_4 & archive
$ABSTRACT_3 & archive
$ABSTRACT_0 & archive
Declaration_Mappings:
/* DECL: 8 */@$_process_command_line_archiveFileName_1@$_host_s
/* DECL: 11 */@$_main_in_file@$_host_s
Statement_Line_Number:
12
21
20
0
15
8
6
19
16
18
5
2
3
10
1
13
4
17
FITNESS: 0.35
@@@@@@@@@@@@@@@@@@@@@@@@@@@@@@
Abstract_Mappings:
$ABSTRACT_2 $_main_argv
$ABSTRACT_1 $_main_argc
$ABSTRACT_4 & archive
$ABSTRACT_3 & archive
$ABSTRACT_0 & archive
Declaration_Mappings:
/* DECL: 8 */@$_process_command_line_archiveFileName_1@$_host_path
/* DECL: 11 */@$_main_in_file@$_host_ec
Statement_Line_Number:
20
0
10
4
19
5
2
21
13
9
FITNESS: 0.35
@@@@@@@@@@@@@@@@@@@@@@@@@@@@@@
Abstract_Mappings:
$ABSTRACT_2 $_main_argv
$ABSTRACT_1 $_main_argc
$ABSTRACT_4 & archive
$ABSTRACT_3 & archive
$ABSTRACT_0 & archive
Declaration_Mappings:
/* DECL: 8 */@$_process_command_line_archiveFileName_1@$_host_s
/* DECL: 11 */@$_main_in_file@$_host_ec
Statement_Line_Number:
7
16
6
15
4
18
19
5
2
21
13
9
20
0
10
8
17
3
FITNESS: 0.35
@@@@@@@@@@@@@@@@@@@@@@@@@@@@@@
Abstract_Mappings:
$ABSTRACT_2 $_main_argv
$ABSTRACT_1 $_main_argc
$ABSTRACT_4 & archive
$ABSTRACT_3 & archive
$ABSTRACT_0 & archive
Declaration_Mappings:
/* DECL: 8 */@$_process_command_line_archiveFileName_1@$_host_path
/* DECL: 11 */@$_main_in_file@$_host_path
Statement_Line_Number:
0
19
16
7
14
18
4
5
3
1
FITNESS: 0.35
@@@@@@@@@@@@@@@@@@@@@@@@@@@@@@
Abstract_Mappings:
$ABSTRACT_2 $_main_argv
$ABSTRACT_1 $_main_argc
$ABSTRACT_4 & archive
$ABSTRACT_3 & archive
$ABSTRACT_0 & archive
Declaration_Mappings:
/* DECL: 8 */@$_process_command_line_archiveFileName_1@$_host_s
/* DECL: 11 */@$_main_in_file@$_host_ec
Statement_Line_Number:
8
18
9
20
1
15
0
3
FITNESS: 0.35
@@@@@@@@@@@@@@@@@@@@@@@@@@@@@@
Abstract_Mappings:
$ABSTRACT_2 $_main_argv
$ABSTRACT_1 $_main_argc
$ABSTRACT_4 & archive
$ABSTRACT_3 & archive
$ABSTRACT_0 & archive
Declaration_Mappings:
/* DECL: 8 */@$_process_command_line_archiveFileName_1@$_host_s
/* DECL: 11 */@$_main_in_file@$_host_path
Statement_Line_Number:
2
19
16
6
10
18
15
0
3
8
1
9
20
5
17
14
FITNESS: 0.35
@@@@@@@@@@@@@@@@@@@@@@@@@@@@@@
Abstract_Mappings:
$ABSTRACT_2 $_main_argv
$ABSTRACT_1 $_main_argc
$ABSTRACT_4 & archive
$ABSTRACT_3 & archive
$ABSTRACT_0 & archive
Declaration_Mappings:
/* DECL: 8 */@$_process_command_line_archiveFileName_1@$_host_path
/* DECL: 11 */@$_main_in_file@$_host_s
Statement_Line_Number:
2
19
16
6
15
10
4
20
18
0
7
11
FITNESS: 0.35
@@@@@@@@@@@@@@@@@@@@@@@@@@@@@@
Abstract_Mappings:
$ABSTRACT_2 $_main_argv
$ABSTRACT_1 $_main_argc
$ABSTRACT_4 & archive
$ABSTRACT_3 & archive
$ABSTRACT_0 & archive
Declaration_Mappings:
/* DECL: 8 */@$_process_command_line_archiveFileName_1@$_host_path
/* DECL: 11 */@$_main_in_file@$_host_path
Statement_Line_Number:
1
9
10
19
3
20
18
0
7
15
11
2
16
6
4
14
21
FITNESS: 0.35
@@@@@@@@@@@@@@@@@@@@@@@@@@@@@@
Abstract_Mappings:
$ABSTRACT_2 $_main_argv
$ABSTRACT_1 $_main_argc
$ABSTRACT_4 & archive
$ABSTRACT_3 & archive
$ABSTRACT_0 & archive
Declaration_Mappings:
/* DECL: 8 */@$_process_command_line_archiveFileName_1@$_host_path
/* DECL: 11 */@$_main_in_file@$_host_path
Statement_Line_Number:
12
21
20
0
15
8
13
7
9
FITNESS: 0.35
@@@@@@@@@@@@@@@@@@@@@@@@@@@@@@
Abstract_Mappings:
$ABSTRACT_2 $_main_argv
$ABSTRACT_1 $_main_argc
$ABSTRACT_4 & archive
$ABSTRACT_3 & archive
$ABSTRACT_0 & archive
Declaration_Mappings:
/* DECL: 8 */@$_process_command_line_archiveFileName_1@$_host_path
/* DECL: 11 */@$_main_in_file@$_host_path
Statement_Line_Number:
12
2
19
16
5
8
13
7
20
0
21
9
15
10
6
18
4
FITNESS: 0.35
@@@@@@@@@@@@@@@@@@@@@@@@@@@@@@
