FUNCTION_NAME :
/* STM: 0 */
DECLARATION_LIST :
/* DECL: 7 */
@@@@@@@@@@@@@@@@@@@@@@@@@@@@@@
FUNCTION_NAME :
/* STM: 1 */
DECLARATION_LIST :
/* DECL: 2 */
@@@@@@@@@@@@@@@@@@@@@@@@@@@@@@
FUNCTION_NAME :
/* STM: 2 */
DECLARATION_LIST :
/* DECL: 2 */
@@@@@@@@@@@@@@@@@@@@@@@@@@@@@@
FUNCTION_NAME :
/* STM: 3 */
DECLARATION_LIST :
/* DECL: 2 */
@@@@@@@@@@@@@@@@@@@@@@@@@@@@@@
FUNCTION_NAME :
/* STM: 4 */
DECLARATION_LIST :
/* DECL: 8 */
@@@@@@@@@@@@@@@@@@@@@@@@@@@@@@
FUNCTION_NAME :
/* STM: 5 */
DECLARATION_LIST :
/* DECL: 2 */
/* DECL: 8 */
@@@@@@@@@@@@@@@@@@@@@@@@@@@@@@
FUNCTION_NAME :
/* STM: 6 */
DECLARATION_LIST :
/* DECL: 5 */
@@@@@@@@@@@@@@@@@@@@@@@@@@@@@@
FUNCTION_NAME :
/* STM: 7 */
DECLARATION_LIST :
/* DECL: 9 */
@@@@@@@@@@@@@@@@@@@@@@@@@@@@@@
FUNCTION_NAME :
/* STM: 8 */
DECLARATION_LIST :
/* DECL: 9 */
/* DECL: 10 */
@@@@@@@@@@@@@@@@@@@@@@@@@@@@@@
FUNCTION_NAME :
/* STM: 9 */
DECLARATION_LIST :
/* DECL: 0 */
/* DECL: 1 */
/* DECL: 11 */
@@@@@@@@@@@@@@@@@@@@@@@@@@@@@@
FUNCTION_NAME :
/* STM: 10 */
DECLARATION_LIST :
/* DECL: 12 */
/* DECL: 14 */
@@@@@@@@@@@@@@@@@@@@@@@@@@@@@@
FUNCTION_NAME :
/* COMPOUND: 0 */
DECLARATION_LIST :
/* DECL: 12 */
@@@@@@@@@@@@@@@@@@@@@@@@@@@@@@
FUNCTION_NAME :
/* STM: 16 */
DECLARATION_LIST :
/* DECL: 12 */
/* DECL: 14 */
@@@@@@@@@@@@@@@@@@@@@@@@@@@@@@
FUNCTION_NAME :
/* COMPOUND: 1 */
DECLARATION_LIST :
/* DECL: 12 */
@@@@@@@@@@@@@@@@@@@@@@@@@@@@@@
FUNCTION_NAME :
/* STM: 19 */
DECLARATION_LIST :
/* DECL: 13 */
/* DECL: 15 */
@@@@@@@@@@@@@@@@@@@@@@@@@@@@@@
FUNCTION_NAME :
/* RETURN_MARKER */
DECLARATION_LIST :
/* DECL: 11 */
@@@@@@@@@@@@@@@@@@@@@@@@@@@@@@
FUNCTION_NAME :
/* STM: 11 */
DECLARATION_LIST :
/* DECL: 12 */
/* DECL: 15 */
@@@@@@@@@@@@@@@@@@@@@@@@@@@@@@
FUNCTION_NAME :
/* STM: 12 */
DECLARATION_LIST :
/* DECL: 12 */
/* DECL: 15 */
@@@@@@@@@@@@@@@@@@@@@@@@@@@@@@
FUNCTION_NAME :
/* STM: 13 */
DECLARATION_LIST :
/* DECL: 12 */
@@@@@@@@@@@@@@@@@@@@@@@@@@@@@@
FUNCTION_NAME :
/* STM: 14 */
DECLARATION_LIST :
/* DECL: 12 */
@@@@@@@@@@@@@@@@@@@@@@@@@@@@@@
FUNCTION_NAME :
/* STM: 15 */
DECLARATION_LIST :
/* DECL: 12 */
/* DECL: 14 */
@@@@@@@@@@@@@@@@@@@@@@@@@@@@@@
FUNCTION_NAME :
/* STM: 17 */
DECLARATION_LIST :
/* DECL: 12 */
/* DECL: 15 */
@@@@@@@@@@@@@@@@@@@@@@@@@@@@@@
FUNCTION_NAME :
/* STM: 18 */
DECLARATION_LIST :
/* DECL: 12 */
/* DECL: 15 */
@@@@@@@@@@@@@@@@@@@@@@@@@@@@@@
