int main (int $_main_argc, char **$_main_argv) {
/* DECL: 0 */int $_main_argc;
/* DECL: 1 */char **$_main_argv;
/* DECL: 2 */struct archive *$_process_command_line_a1 = $ABSTRACT_0;
/* DECL: 3 */int $_process_command_line_argc1 = $ABSTRACT_1;
/* DECL: 4 */char **$_process_command_line_argv1 = $ABSTRACT_2;
/* DECL: 5 */int $ABSTRETVAL_ret_process_command_line1;
    //Mappings for function: process_command_line (& archive, $_main_argc, $_main_argv);
/* DECL: 6 */int $_process_command_line_c_1;
/* DECL: 7 */int $_process_command_line_option_index_1;
/* STM: 0 */$_process_command_line_option_index_1 = 1;
/* STM: 1 */$_process_command_line_a1->append_files_count = 1;
/* STM: 2 */$_process_command_line_a1->command = COM_CREATE;
/* STM: 3 */$_process_command_line_a1->fmode = O_RDWR | O_CREAT | O_EXCL;
/* DECL: 8 */char *$_process_command_line_archiveFileName_1;
/* STM: 4 */$_process_command_line_archiveFileName_1 = optarg;
/* STM: 5 */$_process_command_line_a1->file_name = $_process_command_line_archiveFileName_1;
/* STM: 6 */$ABSTRETVAL_ret_process_command_line1 = 1;
    goto LABEL_process_command_line1;
LABEL_process_command_line1 :
    if (0) {
    }
    //REMOVE_THIS ();
/* DECL: 9 */struct archive *$_open_archive_file_archive1 = $ABSTRACT_3;
/* DECL: 10 */int $ABSTRETVAL_ret_open_archive_file1;
    //Mappings for function: open_archive_file (& archive);
/* STM: 7 */$_open_archive_file_archive1->fd = open ($_open_archive_file_archive1->file_name, $_open_archive_file_archive1->fmode, S_IRUSR | S_IWUSR | S_IRGRP | S_IWGRP);
/* STM: 8 */$ABSTRETVAL_ret_open_archive_file1 = $_open_archive_file_archive1->fd;
    goto LABEL_open_archive_file1;
LABEL_open_archive_file1 :
    if (0) {
    }
    //REMOVE_THIS ();
/* DECL: 11 */char *$_main_in_file;
/* STM: 9 */$_main_in_file = $_main_argv[$_main_argc - 1];
/* DECL: 12 */struct archive *$_read_archive_header_archive1 = $ABSTRACT_4;
/* DECL: 13 */int $ABSTRETVAL_ret_read_archive_header1;
    //Mappings for function: read_archive_header (& archive);
/* DECL: 14 */size_t $_read_archive_header_descriptors_size_1;
/* STM: 10 */$_read_archive_header_descriptors_size_1 = sizeof (struct descr) * $_read_archive_header_archive1->append_files_count;
/* DECL: 15 */int $_read_archive_header_result_1;
    //COMPOUND START: COMP_MARK7if (COM_APPEND == $_read_archive_header_archive->command || COM_LIST == $_read_archive_header_archive->command) {}
/* COMPOUND: 0 */    if (COM_APPEND == $_read_archive_header_archive1->command || COM_LIST == $_read_archive_header_archive1->command) {
/* STM: 11 */$_read_archive_header_result_1 = lseek ($_read_archive_header_archive1->fd, - sizeof ($_read_archive_header_archive1->files_count), SEEK_END);
/* STM: 12 */$_read_archive_header_result_1 = read ($_read_archive_header_archive1->fd, &$_read_archive_header_archive1->files_count, sizeof ($_read_archive_header_archive1->files_count));
/* STM: 13 */$_read_archive_header_archive1->headers_offset = sizeof (struct descr) * $_read_archive_header_archive1->files_count;
/* STM: 14 */$_read_archive_header_archive1->headers_offset += sizeof ($_read_archive_header_archive1->files_count);
/* STM: 15 */$_read_archive_header_descriptors_size_1 += sizeof (struct descr) * $_read_archive_header_archive1->files_count;
/* COMPOUND: 0 */    }
    //COMPOUND END: COMP_MARK7if (COM_APPEND == $_read_archive_header_archive->command || COM_LIST == $_read_archive_header_archive->command) {}
/* STM: 16 */$_read_archive_header_archive1->file_descriptors = malloc ($_read_archive_header_descriptors_size_1);
    //COMPOUND START: COMP_MARK8if (COM_APPEND == $_read_archive_header_archive->command || COM_LIST == $_read_archive_header_archive->command) {}
/* COMPOUND: 1 */    if (COM_APPEND == $_read_archive_header_archive1->command || COM_LIST == $_read_archive_header_archive1->command) {
/* STM: 17 */$_read_archive_header_result_1 = lseek ($_read_archive_header_archive1->fd, -$_read_archive_header_archive1->headers_offset, SEEK_END);
/* STM: 18 */$_read_archive_header_result_1 = read ($_read_archive_header_archive1->fd, $_read_archive_header_archive1->file_descriptors, $_read_archive_header_archive1->headers_offset - sizeof ($_read_archive_header_archive1->files_count));
/* COMPOUND: 1 */    }
    //COMPOUND END: COMP_MARK8if (COM_APPEND == $_read_archive_header_archive->command || COM_LIST == $_read_archive_header_archive->command) {}
/* STM: 19 */$ABSTRETVAL_ret_read_archive_header1 = $_read_archive_header_result_1;
    goto LABEL_read_archive_header1;
LABEL_read_archive_header1 :
    if (0) {
    }
    //REMOVE_THIS ();
    /* RETURN_MARKER */ write_archive ($_main_in_file, & archive);
/* STM: 20 */$ABSTRETVAL_ret_main = 0;
    goto LABEL_main;
}
