NORMAL_DECLARATION
/* ENUM_DECL_0 */ enum commands {COM_UNKNOWN = 0, COM_APPEND, COM_LIST, COM_CREATE};
HEADER_DECL
STRUCT_DECLARATION
/* STRUCT_DECL_0 */ struct descr {
    char file_name [256];
    size_t data_length;
    size_t data_start;
} __attribute__ ((packed));
HEADER_DECL
struct descr;
/* STRUCT_DECL_1 */ struct archive {
    enum commands command;
    char *file_name;
    int fmode;
    int fd;
    uint32_t files_count;
    size_t append_files_count;
    size_t headers_offset;
    struct descr *file_descriptors;
};
HEADER_DECL
struct archive;
TYPEDEF_DECLARATION
