main() <int main () at main.c:5>:
    process_command_line() <int process_command_line () at config.c:13>:
    open_archive_file() <int open_archive_file () at io.c:17>:
        open()
    read_archive_header() <int read_archive_header () at header.c:10>:
        lseek()
        read()
        malloc()
    write_archive() <void write_archive () at append.c:40>:
        malloc()
        strcpy()
        write_archive_data() <int write_archive_data () at append.c:33>:
            lseek()
            printf()
            append_file() <int append_file () at append.c:4>:
                stat()
                open()
                mmap()
                close()
                check_io_errors() <int check_io_errors () at io.c:10>:
                    exit()
                write()
                munmap()
                strncpy()
        write_archive_header() <int write_archive_header () at header.c:4>:
            check_io_errors() <int check_io_errors () at io.c:10>:
                exit()
            write()
    list_archive_content() <int list_archive_content () at list.c:4>:
        fprintf()
    cleanup() <int cleanup () at io.c:4>:
        close()
        free()
    usage() <int usage () at config.c:4>:
        fprintf()
