Abstract_Mappings:
$ABSTRACT_2 $_main_argv
$ABSTRACT_1 $_main_argc
$ABSTRACT_4 & archive
$ABSTRACT_3 & archive
$ABSTRACT_0 & archive
Declaration_Mappings:
/* DECL: 8 */@$_process_command_line_archiveFileName_1@$_host_ec
/* DECL: 11 */@$_main_in_file@$_host_s
Statement_Line_Number:
7
2
FITNESS: 0.35
@@@@@@@@@@@@@@@@@@@@@@@@@@@@@@
Abstract_Mappings:
$ABSTRACT_2 $_main_argv
$ABSTRACT_1 $_main_argc
$ABSTRACT_4 & archive
$ABSTRACT_3 & archive
$ABSTRACT_0 & archive
Declaration_Mappings:
/* DECL: 8 */@$_process_command_line_archiveFileName_1@$_host_ec
/* DECL: 11 */@$_main_in_file@$_host_s
Statement_Line_Number:
9
7
3
5
20
FITNESS: 0.35
@@@@@@@@@@@@@@@@@@@@@@@@@@@@@@
Abstract_Mappings:
$ABSTRACT_2 $_main_argv
$ABSTRACT_1 $_main_argc
$ABSTRACT_4 & archive
$ABSTRACT_3 & archive
$ABSTRACT_0 & archive
Declaration_Mappings:
/* DECL: 8 */@$_process_command_line_archiveFileName_1@$_host_ec
/* DECL: 11 */@$_main_in_file@$_host_path
Statement_Line_Number:
21
13
6
10
9
8
FITNESS: 0.35
@@@@@@@@@@@@@@@@@@@@@@@@@@@@@@
Abstract_Mappings:
$ABSTRACT_2 $_main_argv
$ABSTRACT_1 $_main_argc
$ABSTRACT_4 & archive
$ABSTRACT_3 & archive
$ABSTRACT_0 & archive
Declaration_Mappings:
/* DECL: 8 */@$_process_command_line_archiveFileName_1@$_host_ec
/* DECL: 11 */@$_main_in_file@$_host_s
Statement_Line_Number:
16
21
4
6
FITNESS: 0.35
@@@@@@@@@@@@@@@@@@@@@@@@@@@@@@
Abstract_Mappings:
$ABSTRACT_2 $_main_argv
$ABSTRACT_1 $_main_argc
$ABSTRACT_4 & archive
$ABSTRACT_3 & archive
$ABSTRACT_0 & archive
Declaration_Mappings:
/* DECL: 8 */@$_process_command_line_archiveFileName_1@$_host_ec
/* DECL: 11 */@$_main_in_file@$_host_s
Statement_Line_Number:
18
21
2
5
9
7
FITNESS: 0.35
@@@@@@@@@@@@@@@@@@@@@@@@@@@@@@
Abstract_Mappings:
$ABSTRACT_2 $_main_argv
$ABSTRACT_1 $_main_argc
$ABSTRACT_4 & archive
$ABSTRACT_3 & archive
$ABSTRACT_0 & archive
Declaration_Mappings:
/* DECL: 8 */@$_process_command_line_archiveFileName_1@$_host_path
/* DECL: 11 */@$_main_in_file@$_host_s
Statement_Line_Number:
1
21
15
9
FITNESS: 0.35
@@@@@@@@@@@@@@@@@@@@@@@@@@@@@@
Abstract_Mappings:
$ABSTRACT_2 $_main_argv
$ABSTRACT_1 $_main_argc
$ABSTRACT_4 & archive
$ABSTRACT_3 & archive
$ABSTRACT_0 & archive
Declaration_Mappings:
/* DECL: 8 */@$_process_command_line_archiveFileName_1@$_host_s
/* DECL: 11 */@$_main_in_file@$_host_s
Statement_Line_Number:
18
1
3
14
FITNESS: 0.35
@@@@@@@@@@@@@@@@@@@@@@@@@@@@@@
Abstract_Mappings:
$ABSTRACT_2 $_main_argv
$ABSTRACT_1 $_main_argc
$ABSTRACT_4 & archive
$ABSTRACT_3 & archive
$ABSTRACT_0 & archive
Declaration_Mappings:
/* DECL: 8 */@$_process_command_line_archiveFileName_1@$_host_ec
/* DECL: 11 */@$_main_in_file@$_host_path
Statement_Line_Number:
19
1
16
FITNESS: 0.35
@@@@@@@@@@@@@@@@@@@@@@@@@@@@@@
Abstract_Mappings:
$ABSTRACT_2 $_main_argv
$ABSTRACT_1 $_main_argc
$ABSTRACT_4 & archive
$ABSTRACT_3 & archive
$ABSTRACT_0 & archive
Declaration_Mappings:
/* DECL: 8 */@$_process_command_line_archiveFileName_1@$_host_s
/* DECL: 11 */@$_main_in_file@$_host_ec
Statement_Line_Number:
2
5
7
11
12
6
FITNESS: 0.35
@@@@@@@@@@@@@@@@@@@@@@@@@@@@@@
Abstract_Mappings:
$ABSTRACT_2 $_main_argv
$ABSTRACT_1 $_main_argc
$ABSTRACT_4 & archive
$ABSTRACT_3 & archive
$ABSTRACT_0 & archive
Declaration_Mappings:
/* DECL: 8 */@$_process_command_line_archiveFileName_1@$_host_path
/* DECL: 11 */@$_main_in_file@$_host_ec
Statement_Line_Number:
15
5
2
14
17
16
FITNESS: 0.35
@@@@@@@@@@@@@@@@@@@@@@@@@@@@@@
Abstract_Mappings:
$ABSTRACT_2 $_main_argv
$ABSTRACT_1 $_main_argc
$ABSTRACT_4 & archive
$ABSTRACT_3 & archive
$ABSTRACT_0 & archive
Declaration_Mappings:
/* DECL: 8 */@$_process_command_line_archiveFileName_1@$_host_path
/* DECL: 11 */@$_main_in_file@$_host_path
Statement_Line_Number:
12
21
2
7
16
FITNESS: 0.35
@@@@@@@@@@@@@@@@@@@@@@@@@@@@@@
Abstract_Mappings:
$ABSTRACT_2 $_main_argv
$ABSTRACT_1 $_main_argc
$ABSTRACT_4 & archive
$ABSTRACT_3 & archive
$ABSTRACT_0 & archive
Declaration_Mappings:
/* DECL: 8 */@$_process_command_line_archiveFileName_1@$_host_ec
/* DECL: 11 */@$_main_in_file@$_host_s
Statement_Line_Number:
15
8
3
5
20
16
FITNESS: 0.35
@@@@@@@@@@@@@@@@@@@@@@@@@@@@@@
Abstract_Mappings:
$ABSTRACT_2 $_main_argv
$ABSTRACT_1 $_main_argc
$ABSTRACT_4 & archive
$ABSTRACT_3 & archive
$ABSTRACT_0 & archive
Declaration_Mappings:
/* DECL: 8 */@$_process_command_line_archiveFileName_1@$_host_s
/* DECL: 11 */@$_main_in_file@$_host_path
Statement_Line_Number:
21
20
3
FITNESS: 0.35
@@@@@@@@@@@@@@@@@@@@@@@@@@@@@@
Abstract_Mappings:
$ABSTRACT_2 $_main_argv
$ABSTRACT_1 $_main_argc
$ABSTRACT_4 & archive
$ABSTRACT_3 & archive
$ABSTRACT_0 & archive
Declaration_Mappings:
/* DECL: 8 */@$_process_command_line_archiveFileName_1@$_host_path
/* DECL: 11 */@$_main_in_file@$_host_path
Statement_Line_Number:
21
18
15
9
FITNESS: 0.35
@@@@@@@@@@@@@@@@@@@@@@@@@@@@@@
Abstract_Mappings:
$ABSTRACT_2 $_main_argv
$ABSTRACT_1 $_main_argc
$ABSTRACT_4 & archive
$ABSTRACT_3 & archive
$ABSTRACT_0 & archive
Declaration_Mappings:
/* DECL: 8 */@$_process_command_line_archiveFileName_1@$_host_ec
/* DECL: 11 */@$_main_in_file@$_host_path
Statement_Line_Number:
6
1
FITNESS: 0.35
@@@@@@@@@@@@@@@@@@@@@@@@@@@@@@
Abstract_Mappings:
$ABSTRACT_2 $_main_argv
$ABSTRACT_1 $_main_argc
$ABSTRACT_4 & archive
$ABSTRACT_3 & archive
$ABSTRACT_0 & archive
Declaration_Mappings:
/* DECL: 8 */@$_process_command_line_archiveFileName_1@$_host_path
/* DECL: 11 */@$_main_in_file@$_host_s
Statement_Line_Number:
14
8
19
FITNESS: 0.35
@@@@@@@@@@@@@@@@@@@@@@@@@@@@@@
Abstract_Mappings:
$ABSTRACT_2 $_main_argv
$ABSTRACT_1 $_main_argc
$ABSTRACT_4 & archive
$ABSTRACT_3 & archive
$ABSTRACT_0 & archive
Declaration_Mappings:
/* DECL: 8 */@$_process_command_line_archiveFileName_1@$_host_path
/* DECL: 11 */@$_main_in_file@$_host_path
Statement_Line_Number:
5
4
0
3
21
9
7
12
FITNESS: 0.35
@@@@@@@@@@@@@@@@@@@@@@@@@@@@@@
Abstract_Mappings:
$ABSTRACT_2 $_main_argv
$ABSTRACT_1 $_main_argc
$ABSTRACT_4 & archive
$ABSTRACT_3 & archive
$ABSTRACT_0 & archive
Declaration_Mappings:
/* DECL: 8 */@$_process_command_line_archiveFileName_1@$_host_path
/* DECL: 11 */@$_main_in_file@$_host_path
Statement_Line_Number:
15
21
4
FITNESS: 0.35
@@@@@@@@@@@@@@@@@@@@@@@@@@@@@@
Abstract_Mappings:
$ABSTRACT_2 $_main_argv
$ABSTRACT_1 $_main_argc
$ABSTRACT_4 & archive
$ABSTRACT_3 & archive
$ABSTRACT_0 & archive
Declaration_Mappings:
/* DECL: 8 */@$_process_command_line_archiveFileName_1@$_host_path
/* DECL: 11 */@$_main_in_file@$_host_path
Statement_Line_Number:
20
11
17
8
13
10
14
FITNESS: 0.35
@@@@@@@@@@@@@@@@@@@@@@@@@@@@@@
Abstract_Mappings:
$ABSTRACT_2 $_main_argv
$ABSTRACT_1 $_main_argc
$ABSTRACT_4 & archive
$ABSTRACT_3 & archive
$ABSTRACT_0 & archive
Declaration_Mappings:
/* DECL: 8 */@$_process_command_line_archiveFileName_1@$_host_path
/* DECL: 11 */@$_main_in_file@$_host_s
Statement_Line_Number:
2
7
18
15
9
4
FITNESS: 0.35
@@@@@@@@@@@@@@@@@@@@@@@@@@@@@@
Abstract_Mappings:
$ABSTRACT_2 $_main_argv
$ABSTRACT_1 $_main_argc
$ABSTRACT_4 & archive
$ABSTRACT_3 & archive
$ABSTRACT_0 & archive
Declaration_Mappings:
/* DECL: 8 */@$_process_command_line_archiveFileName_1@$_host_ec
/* DECL: 11 */@$_main_in_file@$_host_path
Statement_Line_Number:
12
15
FITNESS: 0.35
@@@@@@@@@@@@@@@@@@@@@@@@@@@@@@
Abstract_Mappings:
$ABSTRACT_2 $_main_argv
$ABSTRACT_1 $_main_argc
$ABSTRACT_4 & archive
$ABSTRACT_3 & archive
$ABSTRACT_0 & archive
Declaration_Mappings:
/* DECL: 8 */@$_process_command_line_archiveFileName_1@$_host_path
/* DECL: 11 */@$_main_in_file@$_host_s
Statement_Line_Number:
21
4
17
1
0
14
3
FITNESS: 0.35
@@@@@@@@@@@@@@@@@@@@@@@@@@@@@@
Abstract_Mappings:
$ABSTRACT_2 $_main_argv
$ABSTRACT_1 $_main_argc
$ABSTRACT_4 & archive
$ABSTRACT_3 & archive
$ABSTRACT_0 & archive
Declaration_Mappings:
/* DECL: 8 */@$_process_command_line_archiveFileName_1@$_host_s
/* DECL: 11 */@$_main_in_file@$_host_ec
Statement_Line_Number:
4
17
15
6
9
11
3
FITNESS: 0.35
@@@@@@@@@@@@@@@@@@@@@@@@@@@@@@
Abstract_Mappings:
$ABSTRACT_2 $_main_argv
$ABSTRACT_1 $_main_argc
$ABSTRACT_4 & archive
$ABSTRACT_3 & archive
$ABSTRACT_0 & archive
Declaration_Mappings:
/* DECL: 8 */@$_process_command_line_archiveFileName_1@$_host_ec
/* DECL: 11 */@$_main_in_file@$_host_s
Statement_Line_Number:
3
18
20
FITNESS: 0.35
@@@@@@@@@@@@@@@@@@@@@@@@@@@@@@
Abstract_Mappings:
$ABSTRACT_2 $_main_argv
$ABSTRACT_1 $_main_argc
$ABSTRACT_4 & archive
$ABSTRACT_3 & archive
$ABSTRACT_0 & archive
Declaration_Mappings:
/* DECL: 8 */@$_process_command_line_archiveFileName_1@$_host_ec
/* DECL: 11 */@$_main_in_file@$_host_s
Statement_Line_Number:
15
0
21
2
8
4
FITNESS: 0.35
@@@@@@@@@@@@@@@@@@@@@@@@@@@@@@
Abstract_Mappings:
$ABSTRACT_2 $_main_argv
$ABSTRACT_1 $_main_argc
$ABSTRACT_4 & archive
$ABSTRACT_3 & archive
$ABSTRACT_0 & archive
Declaration_Mappings:
/* DECL: 8 */@$_process_command_line_archiveFileName_1@$_host_path
/* DECL: 11 */@$_main_in_file@$_host_s
Statement_Line_Number:
13
19
FITNESS: 0.35
@@@@@@@@@@@@@@@@@@@@@@@@@@@@@@
Abstract_Mappings:
$ABSTRACT_2 $_main_argv
$ABSTRACT_1 $_main_argc
$ABSTRACT_4 & archive
$ABSTRACT_3 & archive
$ABSTRACT_0 & archive
Declaration_Mappings:
/* DECL: 8 */@$_process_command_line_archiveFileName_1@$_host_s
/* DECL: 11 */@$_main_in_file@$_host_s
Statement_Line_Number:
20
12
11
2
FITNESS: 0.35
@@@@@@@@@@@@@@@@@@@@@@@@@@@@@@
Abstract_Mappings:
$ABSTRACT_2 $_main_argv
$ABSTRACT_1 $_main_argc
$ABSTRACT_4 & archive
$ABSTRACT_3 & archive
$ABSTRACT_0 & archive
Declaration_Mappings:
/* DECL: 8 */@$_process_command_line_archiveFileName_1@$_host_path
/* DECL: 11 */@$_main_in_file@$_host_s
Statement_Line_Number:
21
11
12
14
9
FITNESS: 0.35
@@@@@@@@@@@@@@@@@@@@@@@@@@@@@@
Abstract_Mappings:
$ABSTRACT_2 $_main_argv
$ABSTRACT_1 $_main_argc
$ABSTRACT_4 & archive
$ABSTRACT_3 & archive
$ABSTRACT_0 & archive
Declaration_Mappings:
/* DECL: 8 */@$_process_command_line_archiveFileName_1@$_host_path
/* DECL: 11 */@$_main_in_file@$_host_s
Statement_Line_Number:
12
21
0
2
6
9
20
FITNESS: 0.35
@@@@@@@@@@@@@@@@@@@@@@@@@@@@@@
Abstract_Mappings:
$ABSTRACT_2 $_main_argv
$ABSTRACT_1 $_main_argc
$ABSTRACT_4 & archive
$ABSTRACT_3 & archive
$ABSTRACT_0 & archive
Declaration_Mappings:
/* DECL: 8 */@$_process_command_line_archiveFileName_1@$_host_path
/* DECL: 11 */@$_main_in_file@$_host_s
Statement_Line_Number:
11
12
21
14
17
7
20
FITNESS: 0.35
@@@@@@@@@@@@@@@@@@@@@@@@@@@@@@
Abstract_Mappings:
$ABSTRACT_2 $_main_argv
$ABSTRACT_1 $_main_argc
$ABSTRACT_4 & archive
$ABSTRACT_3 & archive
$ABSTRACT_0 & archive
Declaration_Mappings:
/* DECL: 8 */@$_process_command_line_archiveFileName_1@$_host_path
/* DECL: 11 */@$_main_in_file@$_host_path
Statement_Line_Number:
15
0
2
12
21
10
FITNESS: 0.35
@@@@@@@@@@@@@@@@@@@@@@@@@@@@@@
Abstract_Mappings:
$ABSTRACT_2 $_main_argv
$ABSTRACT_1 $_main_argc
$ABSTRACT_4 & archive
$ABSTRACT_3 & archive
$ABSTRACT_0 & archive
Declaration_Mappings:
/* DECL: 8 */@$_process_command_line_archiveFileName_1@$_host_s
/* DECL: 11 */@$_main_in_file@$_host_s
Statement_Line_Number:
21
9
11
13
4
FITNESS: 0.35
@@@@@@@@@@@@@@@@@@@@@@@@@@@@@@
Abstract_Mappings:
$ABSTRACT_2 $_main_argv
$ABSTRACT_1 $_main_argc
$ABSTRACT_4 & archive
$ABSTRACT_3 & archive
$ABSTRACT_0 & archive
Declaration_Mappings:
/* DECL: 8 */@$_process_command_line_archiveFileName_1@$_host_path
/* DECL: 11 */@$_main_in_file@$_host_s
Statement_Line_Number:
2
7
3
9
6
21
5
FITNESS: 0.35
@@@@@@@@@@@@@@@@@@@@@@@@@@@@@@
Abstract_Mappings:
$ABSTRACT_2 $_main_argv
$ABSTRACT_1 $_main_argc
$ABSTRACT_4 & archive
$ABSTRACT_3 & archive
$ABSTRACT_0 & archive
Declaration_Mappings:
/* DECL: 8 */@$_process_command_line_archiveFileName_1@$_host_path
/* DECL: 11 */@$_main_in_file@$_host_s
Statement_Line_Number:
20
6
12
4
7
FITNESS: 0.35
@@@@@@@@@@@@@@@@@@@@@@@@@@@@@@
Abstract_Mappings:
$ABSTRACT_2 $_main_argv
$ABSTRACT_1 $_main_argc
$ABSTRACT_4 & archive
$ABSTRACT_3 & archive
$ABSTRACT_0 & archive
Declaration_Mappings:
/* DECL: 8 */@$_process_command_line_archiveFileName_1@$_host_path
/* DECL: 11 */@$_main_in_file@$_host_s
Statement_Line_Number:
6
12
8
FITNESS: 0.35
@@@@@@@@@@@@@@@@@@@@@@@@@@@@@@
Abstract_Mappings:
$ABSTRACT_2 $_main_argv
$ABSTRACT_1 $_main_argc
$ABSTRACT_4 & archive
$ABSTRACT_3 & archive
$ABSTRACT_0 & archive
Declaration_Mappings:
/* DECL: 8 */@$_process_command_line_archiveFileName_1@$_host_s
/* DECL: 11 */@$_main_in_file@$_host_path
Statement_Line_Number:
20
7
5
9
FITNESS: 0.35
@@@@@@@@@@@@@@@@@@@@@@@@@@@@@@
Abstract_Mappings:
$ABSTRACT_2 $_main_argv
$ABSTRACT_1 $_main_argc
$ABSTRACT_4 & archive
$ABSTRACT_3 & archive
$ABSTRACT_0 & archive
Declaration_Mappings:
/* DECL: 8 */@$_process_command_line_archiveFileName_1@$_host_s
/* DECL: 11 */@$_main_in_file@$_host_path
Statement_Line_Number:
0
21
7
5
20
12
11
15
9
FITNESS: 0.35
@@@@@@@@@@@@@@@@@@@@@@@@@@@@@@
Abstract_Mappings:
$ABSTRACT_2 $_main_argv
$ABSTRACT_1 $_main_argc
$ABSTRACT_4 & archive
$ABSTRACT_3 & archive
$ABSTRACT_0 & archive
Declaration_Mappings:
/* DECL: 8 */@$_process_command_line_archiveFileName_1@$_host_ec
/* DECL: 11 */@$_main_in_file@$_host_ec
Statement_Line_Number:
8
7
15
FITNESS: 0.35
@@@@@@@@@@@@@@@@@@@@@@@@@@@@@@
Abstract_Mappings:
$ABSTRACT_2 $_main_argv
$ABSTRACT_1 $_main_argc
$ABSTRACT_4 & archive
$ABSTRACT_3 & archive
$ABSTRACT_0 & archive
Declaration_Mappings:
/* DECL: 8 */@$_process_command_line_archiveFileName_1@$_host_path
/* DECL: 11 */@$_main_in_file@$_host_ec
Statement_Line_Number:
15
2
7
5
FITNESS: 0.35
@@@@@@@@@@@@@@@@@@@@@@@@@@@@@@
Abstract_Mappings:
$ABSTRACT_2 $_main_argv
$ABSTRACT_1 $_main_argc
$ABSTRACT_4 & archive
$ABSTRACT_3 & archive
$ABSTRACT_0 & archive
Declaration_Mappings:
/* DECL: 8 */@$_process_command_line_archiveFileName_1@$_host_path
/* DECL: 11 */@$_main_in_file@$_host_ec
Statement_Line_Number:
13
12
11
0
21
FITNESS: 0.35
@@@@@@@@@@@@@@@@@@@@@@@@@@@@@@
Abstract_Mappings:
$ABSTRACT_2 $_main_argv
$ABSTRACT_1 $_main_argc
$ABSTRACT_4 & archive
$ABSTRACT_3 & archive
$ABSTRACT_0 & archive
Declaration_Mappings:
/* DECL: 8 */@$_process_command_line_archiveFileName_1@$_host_path
/* DECL: 11 */@$_main_in_file@$_host_s
Statement_Line_Number:
12
19
16
15
6
FITNESS: 0.35
@@@@@@@@@@@@@@@@@@@@@@@@@@@@@@
Abstract_Mappings:
$ABSTRACT_2 $_main_argv
$ABSTRACT_1 $_main_argc
$ABSTRACT_4 & archive
$ABSTRACT_3 & archive
$ABSTRACT_0 & archive
Declaration_Mappings:
/* DECL: 8 */@$_process_command_line_archiveFileName_1@$_host_ec
/* DECL: 11 */@$_main_in_file@$_host_s
Statement_Line_Number:
19
FITNESS: 0.35
@@@@@@@@@@@@@@@@@@@@@@@@@@@@@@
Abstract_Mappings:
$ABSTRACT_2 $_main_argv
$ABSTRACT_1 $_main_argc
$ABSTRACT_4 & archive
$ABSTRACT_3 & archive
$ABSTRACT_0 & archive
Declaration_Mappings:
/* DECL: 8 */@$_process_command_line_archiveFileName_1@$_host_ec
/* DECL: 11 */@$_main_in_file@$_host_s
Statement_Line_Number:
16
19
20
21
4
1
FITNESS: 0.35
@@@@@@@@@@@@@@@@@@@@@@@@@@@@@@
Abstract_Mappings:
$ABSTRACT_2 $_main_argv
$ABSTRACT_1 $_main_argc
$ABSTRACT_4 & archive
$ABSTRACT_3 & archive
$ABSTRACT_0 & archive
Declaration_Mappings:
/* DECL: 8 */@$_process_command_line_archiveFileName_1@$_host_ec
/* DECL: 11 */@$_main_in_file@$_host_s
Statement_Line_Number:
12
2
15
7
3
5
FITNESS: 0.35
@@@@@@@@@@@@@@@@@@@@@@@@@@@@@@
Abstract_Mappings:
$ABSTRACT_2 $_main_argv
$ABSTRACT_1 $_main_argc
$ABSTRACT_4 & archive
$ABSTRACT_3 & archive
$ABSTRACT_0 & archive
Declaration_Mappings:
/* DECL: 8 */@$_process_command_line_archiveFileName_1@$_host_path
/* DECL: 11 */@$_main_in_file@$_host_ec
Statement_Line_Number:
5
4
0
17
15
2
7
16
9
21
18
1
6
FITNESS: 0.35
@@@@@@@@@@@@@@@@@@@@@@@@@@@@@@
Abstract_Mappings:
$ABSTRACT_2 $_main_argv
$ABSTRACT_1 $_main_argc
$ABSTRACT_4 & archive
$ABSTRACT_3 & archive
$ABSTRACT_0 & archive
Declaration_Mappings:
/* DECL: 8 */@$_process_command_line_archiveFileName_1@$_host_path
/* DECL: 11 */@$_main_in_file@$_host_path
Statement_Line_Number:
1
11
12
FITNESS: 0.35
@@@@@@@@@@@@@@@@@@@@@@@@@@@@@@
Abstract_Mappings:
$ABSTRACT_2 $_main_argv
$ABSTRACT_1 $_main_argc
$ABSTRACT_4 & archive
$ABSTRACT_3 & archive
$ABSTRACT_0 & archive
Declaration_Mappings:
/* DECL: 8 */@$_process_command_line_archiveFileName_1@$_host_path
/* DECL: 11 */@$_main_in_file@$_host_path
Statement_Line_Number:
15
1
11
12
21
4
19
9
FITNESS: 0.35
@@@@@@@@@@@@@@@@@@@@@@@@@@@@@@
Abstract_Mappings:
$ABSTRACT_2 $_main_argv
$ABSTRACT_1 $_main_argc
$ABSTRACT_4 & archive
$ABSTRACT_3 & archive
$ABSTRACT_0 & archive
Declaration_Mappings:
/* DECL: 8 */@$_process_command_line_archiveFileName_1@$_host_s
/* DECL: 11 */@$_main_in_file@$_host_ec
Statement_Line_Number:
15
1
17
18
FITNESS: 0.35
@@@@@@@@@@@@@@@@@@@@@@@@@@@@@@
Abstract_Mappings:
$ABSTRACT_2 $_main_argv
$ABSTRACT_1 $_main_argc
$ABSTRACT_4 & archive
$ABSTRACT_3 & archive
$ABSTRACT_0 & archive
Declaration_Mappings:
/* DECL: 8 */@$_process_command_line_archiveFileName_1@$_host_ec
/* DECL: 11 */@$_main_in_file@$_host_path
Statement_Line_Number:
13
8
2
7
18
20
16
FITNESS: 0.35
@@@@@@@@@@@@@@@@@@@@@@@@@@@@@@
Abstract_Mappings:
$ABSTRACT_2 $_main_argv
$ABSTRACT_1 $_main_argc
$ABSTRACT_4 & archive
$ABSTRACT_3 & archive
$ABSTRACT_0 & archive
Declaration_Mappings:
/* DECL: 8 */@$_process_command_line_archiveFileName_1@$_host_path
/* DECL: 11 */@$_main_in_file@$_host_ec
Statement_Line_Number:
18
7
16
9
21
1
FITNESS: 0.35
@@@@@@@@@@@@@@@@@@@@@@@@@@@@@@
Abstract_Mappings:
$ABSTRACT_2 $_main_argv
$ABSTRACT_1 $_main_argc
$ABSTRACT_4 & archive
$ABSTRACT_3 & archive
$ABSTRACT_0 & archive
Declaration_Mappings:
/* DECL: 8 */@$_process_command_line_archiveFileName_1@$_host_s
/* DECL: 11 */@$_main_in_file@$_host_s
Statement_Line_Number:
20
12
11
15
9
6
2
5
FITNESS: 0.35
@@@@@@@@@@@@@@@@@@@@@@@@@@@@@@
Abstract_Mappings:
$ABSTRACT_2 $_main_argv
$ABSTRACT_1 $_main_argc
$ABSTRACT_4 & archive
$ABSTRACT_3 & archive
$ABSTRACT_0 & archive
Declaration_Mappings:
/* DECL: 8 */@$_process_command_line_archiveFileName_1@$_host_path
/* DECL: 11 */@$_main_in_file@$_host_path
Statement_Line_Number:
9
7
21
2
5
13
FITNESS: 0.35
@@@@@@@@@@@@@@@@@@@@@@@@@@@@@@
Abstract_Mappings:
$ABSTRACT_2 $_main_argv
$ABSTRACT_1 $_main_argc
$ABSTRACT_4 & archive
$ABSTRACT_3 & archive
$ABSTRACT_0 & archive
Declaration_Mappings:
/* DECL: 8 */@$_process_command_line_archiveFileName_1@$_host_s
/* DECL: 11 */@$_main_in_file@$_host_s
Statement_Line_Number:
15
0
2
20
14
FITNESS: 0.35
@@@@@@@@@@@@@@@@@@@@@@@@@@@@@@
Abstract_Mappings:
$ABSTRACT_2 $_main_argv
$ABSTRACT_1 $_main_argc
$ABSTRACT_4 & archive
$ABSTRACT_3 & archive
$ABSTRACT_0 & archive
Declaration_Mappings:
/* DECL: 8 */@$_process_command_line_archiveFileName_1@$_host_s
/* DECL: 11 */@$_main_in_file@$_host_s
Statement_Line_Number:
2
7
18
13
17
FITNESS: 0.35
@@@@@@@@@@@@@@@@@@@@@@@@@@@@@@
Abstract_Mappings:
$ABSTRACT_2 $_main_argv
$ABSTRACT_1 $_main_argc
$ABSTRACT_4 & archive
$ABSTRACT_3 & archive
$ABSTRACT_0 & archive
Declaration_Mappings:
/* DECL: 8 */@$_process_command_line_archiveFileName_1@$_host_ec
/* DECL: 11 */@$_main_in_file@$_host_s
Statement_Line_Number:
15
8
17
6
FITNESS: 0.35
@@@@@@@@@@@@@@@@@@@@@@@@@@@@@@
Abstract_Mappings:
$ABSTRACT_2 $_main_argv
$ABSTRACT_1 $_main_argc
$ABSTRACT_4 & archive
$ABSTRACT_3 & archive
$ABSTRACT_0 & archive
Declaration_Mappings:
/* DECL: 8 */@$_process_command_line_archiveFileName_1@$_host_path
/* DECL: 11 */@$_main_in_file@$_host_s
Statement_Line_Number:
9
7
15
17
6
8
3
5
20
FITNESS: 0.35
@@@@@@@@@@@@@@@@@@@@@@@@@@@@@@
Abstract_Mappings:
$ABSTRACT_2 $_main_argv
$ABSTRACT_1 $_main_argc
$ABSTRACT_4 & archive
$ABSTRACT_3 & archive
$ABSTRACT_0 & archive
Declaration_Mappings:
/* DECL: 8 */@$_process_command_line_archiveFileName_1@$_host_ec
/* DECL: 11 */@$_main_in_file@$_host_s
Statement_Line_Number:
20
3
16
7
18
FITNESS: 0.35
@@@@@@@@@@@@@@@@@@@@@@@@@@@@@@
Abstract_Mappings:
$ABSTRACT_2 $_main_argv
$ABSTRACT_1 $_main_argc
$ABSTRACT_4 & archive
$ABSTRACT_3 & archive
$ABSTRACT_0 & archive
Declaration_Mappings:
/* DECL: 8 */@$_process_command_line_archiveFileName_1@$_host_s
/* DECL: 11 */@$_main_in_file@$_host_path
Statement_Line_Number:
21
13
6
20
7
18
3
16
10
9
8
FITNESS: 0.35
@@@@@@@@@@@@@@@@@@@@@@@@@@@@@@
Abstract_Mappings:
$ABSTRACT_2 $_main_argv
$ABSTRACT_1 $_main_argc
$ABSTRACT_4 & archive
$ABSTRACT_3 & archive
$ABSTRACT_0 & archive
Declaration_Mappings:
/* DECL: 8 */@$_process_command_line_archiveFileName_1@$_host_ec
/* DECL: 11 */@$_main_in_file@$_host_s
Statement_Line_Number:
6
12
15
21
19
13
FITNESS: 0.35
@@@@@@@@@@@@@@@@@@@@@@@@@@@@@@
Abstract_Mappings:
$ABSTRACT_2 $_main_argv
$ABSTRACT_1 $_main_argc
$ABSTRACT_4 & archive
$ABSTRACT_3 & archive
$ABSTRACT_0 & archive
Declaration_Mappings:
/* DECL: 8 */@$_process_command_line_archiveFileName_1@$_host_path
/* DECL: 11 */@$_main_in_file@$_host_path
Statement_Line_Number:
5
11
19
0
16
FITNESS: 0.35
@@@@@@@@@@@@@@@@@@@@@@@@@@@@@@
Abstract_Mappings:
$ABSTRACT_2 $_main_argv
$ABSTRACT_1 $_main_argc
$ABSTRACT_4 & archive
$ABSTRACT_3 & archive
$ABSTRACT_0 & archive
Declaration_Mappings:
/* DECL: 8 */@$_process_command_line_archiveFileName_1@$_host_s
/* DECL: 11 */@$_main_in_file@$_host_s
Statement_Line_Number:
1
21
15
19
0
16
5
11
9
FITNESS: 0.35
@@@@@@@@@@@@@@@@@@@@@@@@@@@@@@
Abstract_Mappings:
$ABSTRACT_2 $_main_argv
$ABSTRACT_1 $_main_argc
$ABSTRACT_4 & archive
$ABSTRACT_3 & archive
$ABSTRACT_0 & archive
Declaration_Mappings:
/* DECL: 8 */@$_process_command_line_archiveFileName_1@$_host_ec
/* DECL: 11 */@$_main_in_file@$_host_path
Statement_Line_Number:
6
9
FITNESS: 0.35
@@@@@@@@@@@@@@@@@@@@@@@@@@@@@@
Abstract_Mappings:
$ABSTRACT_2 $_main_argv
$ABSTRACT_1 $_main_argc
$ABSTRACT_4 & archive
$ABSTRACT_3 & archive
$ABSTRACT_0 & archive
Declaration_Mappings:
/* DECL: 8 */@$_process_command_line_archiveFileName_1@$_host_path
/* DECL: 11 */@$_main_in_file@$_host_ec
Statement_Line_Number:
21
9
15
6
7
FITNESS: 0.35
@@@@@@@@@@@@@@@@@@@@@@@@@@@@@@
Abstract_Mappings:
$ABSTRACT_2 $_main_argv
$ABSTRACT_1 $_main_argc
$ABSTRACT_4 & archive
$ABSTRACT_3 & archive
$ABSTRACT_0 & archive
Declaration_Mappings:
/* DECL: 8 */@$_process_command_line_archiveFileName_1@$_host_path
/* DECL: 11 */@$_main_in_file@$_host_path
Statement_Line_Number:
12
21
6
7
9
15
2
16
FITNESS: 0.35
@@@@@@@@@@@@@@@@@@@@@@@@@@@@@@
Abstract_Mappings:
$ABSTRACT_2 $_main_argv
$ABSTRACT_1 $_main_argc
$ABSTRACT_4 & archive
$ABSTRACT_3 & archive
$ABSTRACT_0 & archive
Declaration_Mappings:
/* DECL: 8 */@$_process_command_line_archiveFileName_1@$_host_path
/* DECL: 11 */@$_main_in_file@$_host_path
Statement_Line_Number:
2
7
4
15
FITNESS: 0.35
@@@@@@@@@@@@@@@@@@@@@@@@@@@@@@
Abstract_Mappings:
$ABSTRACT_2 $_main_argv
$ABSTRACT_1 $_main_argc
$ABSTRACT_4 & archive
$ABSTRACT_3 & archive
$ABSTRACT_0 & archive
Declaration_Mappings:
/* DECL: 8 */@$_process_command_line_archiveFileName_1@$_host_s
/* DECL: 11 */@$_main_in_file@$_host_s
Statement_Line_Number:
15
0
2
20
17
18
1
FITNESS: 0.35
@@@@@@@@@@@@@@@@@@@@@@@@@@@@@@
Abstract_Mappings:
$ABSTRACT_2 $_main_argv
$ABSTRACT_1 $_main_argc
$ABSTRACT_4 & archive
$ABSTRACT_3 & archive
$ABSTRACT_0 & archive
Declaration_Mappings:
/* DECL: 8 */@$_process_command_line_archiveFileName_1@$_host_ec
/* DECL: 11 */@$_main_in_file@$_host_s
Statement_Line_Number:
16
2
5
18
1
7
FITNESS: 0.35
@@@@@@@@@@@@@@@@@@@@@@@@@@@@@@
Abstract_Mappings:
$ABSTRACT_2 $_main_argv
$ABSTRACT_1 $_main_argc
$ABSTRACT_4 & archive
$ABSTRACT_3 & archive
$ABSTRACT_0 & archive
Declaration_Mappings:
/* DECL: 8 */@$_process_command_line_archiveFileName_1@$_host_s
/* DECL: 11 */@$_main_in_file@$_host_s
Statement_Line_Number:
21
9
11
13
2
5
18
1
7
16
4
FITNESS: 0.35
@@@@@@@@@@@@@@@@@@@@@@@@@@@@@@
Abstract_Mappings:
$ABSTRACT_2 $_main_argv
$ABSTRACT_1 $_main_argc
$ABSTRACT_4 & archive
$ABSTRACT_3 & archive
$ABSTRACT_0 & archive
Declaration_Mappings:
/* DECL: 8 */@$_process_command_line_archiveFileName_1@$_host_s
/* DECL: 11 */@$_main_in_file@$_host_s
Statement_Line_Number:
20
12
11
15
9
14
8
FITNESS: 0.35
@@@@@@@@@@@@@@@@@@@@@@@@@@@@@@
Abstract_Mappings:
$ABSTRACT_2 $_main_argv
$ABSTRACT_1 $_main_argc
$ABSTRACT_4 & archive
$ABSTRACT_3 & archive
$ABSTRACT_0 & archive
Declaration_Mappings:
/* DECL: 8 */@$_process_command_line_archiveFileName_1@$_host_s
/* DECL: 11 */@$_main_in_file@$_host_s
Statement_Line_Number:
2
7
3
9
12
14
8
20
11
15
6
21
5
FITNESS: 0.35
@@@@@@@@@@@@@@@@@@@@@@@@@@@@@@
Abstract_Mappings:
$ABSTRACT_2 $_main_argv
$ABSTRACT_1 $_main_argc
$ABSTRACT_4 & archive
$ABSTRACT_3 & archive
$ABSTRACT_0 & archive
Declaration_Mappings:
/* DECL: 8 */@$_process_command_line_archiveFileName_1@$_host_path
/* DECL: 11 */@$_main_in_file@$_host_s
Statement_Line_Number:
2
7
8
21
19
16
15
6
12
3
5
FITNESS: 0.35
@@@@@@@@@@@@@@@@@@@@@@@@@@@@@@
Abstract_Mappings:
$ABSTRACT_2 $_main_argv
$ABSTRACT_1 $_main_argc
$ABSTRACT_4 & archive
$ABSTRACT_3 & archive
$ABSTRACT_0 & archive
Declaration_Mappings:
/* DECL: 8 */@$_process_command_line_archiveFileName_1@$_host_path
/* DECL: 11 */@$_main_in_file@$_host_ec
Statement_Line_Number:
15
21
0
FITNESS: 0.35
@@@@@@@@@@@@@@@@@@@@@@@@@@@@@@
Abstract_Mappings:
$ABSTRACT_2 $_main_argv
$ABSTRACT_1 $_main_argc
$ABSTRACT_4 & archive
$ABSTRACT_3 & archive
$ABSTRACT_0 & archive
Declaration_Mappings:
/* DECL: 8 */@$_process_command_line_archiveFileName_1@$_host_path
/* DECL: 11 */@$_main_in_file@$_host_s
Statement_Line_Number:
2
7
8
21
FITNESS: 0.35
@@@@@@@@@@@@@@@@@@@@@@@@@@@@@@
Abstract_Mappings:
$ABSTRACT_2 $_main_argv
$ABSTRACT_1 $_main_argc
$ABSTRACT_4 & archive
$ABSTRACT_3 & archive
$ABSTRACT_0 & archive
Declaration_Mappings:
/* DECL: 8 */@$_process_command_line_archiveFileName_1@$_host_path
/* DECL: 11 */@$_main_in_file@$_host_s
Statement_Line_Number:
12
19
2
21
7
8
16
15
6
FITNESS: 0.35
@@@@@@@@@@@@@@@@@@@@@@@@@@@@@@
Abstract_Mappings:
$ABSTRACT_2 $_main_argv
$ABSTRACT_1 $_main_argc
$ABSTRACT_4 & archive
$ABSTRACT_3 & archive
$ABSTRACT_0 & archive
Declaration_Mappings:
/* DECL: 8 */@$_process_command_line_archiveFileName_1@$_host_s
/* DECL: 11 */@$_main_in_file@$_host_path
Statement_Line_Number:
12
21
7
15
FITNESS: 0.35
@@@@@@@@@@@@@@@@@@@@@@@@@@@@@@
Abstract_Mappings:
$ABSTRACT_2 $_main_argv
$ABSTRACT_1 $_main_argc
$ABSTRACT_4 & archive
$ABSTRACT_3 & archive
$ABSTRACT_0 & archive
Declaration_Mappings:
/* DECL: 8 */@$_process_command_line_archiveFileName_1@$_host_s
/* DECL: 11 */@$_main_in_file@$_host_path
Statement_Line_Number:
2
7
15
12
21
6
FITNESS: 0.35
@@@@@@@@@@@@@@@@@@@@@@@@@@@@@@
Abstract_Mappings:
$ABSTRACT_2 $_main_argv
$ABSTRACT_1 $_main_argc
$ABSTRACT_4 & archive
$ABSTRACT_3 & archive
$ABSTRACT_0 & archive
Declaration_Mappings:
/* DECL: 8 */@$_process_command_line_archiveFileName_1@$_host_s
/* DECL: 11 */@$_main_in_file@$_host_s
Statement_Line_Number:
5
4
0
11
19
FITNESS: 0.35
@@@@@@@@@@@@@@@@@@@@@@@@@@@@@@
Abstract_Mappings:
$ABSTRACT_2 $_main_argv
$ABSTRACT_1 $_main_argc
$ABSTRACT_4 & archive
$ABSTRACT_3 & archive
$ABSTRACT_0 & archive
Declaration_Mappings:
/* DECL: 8 */@$_process_command_line_archiveFileName_1@$_host_path
/* DECL: 11 */@$_main_in_file@$_host_ec
Statement_Line_Number:
13
8
2
7
18
16
12
6
15
21
5
0
20
FITNESS: 0.35
@@@@@@@@@@@@@@@@@@@@@@@@@@@@@@
Abstract_Mappings:
$ABSTRACT_2 $_main_argv
$ABSTRACT_1 $_main_argc
$ABSTRACT_4 & archive
$ABSTRACT_3 & archive
$ABSTRACT_0 & archive
Declaration_Mappings:
/* DECL: 8 */@$_process_command_line_archiveFileName_1@$_host_path
/* DECL: 11 */@$_main_in_file@$_host_ec
Statement_Line_Number:
18
21
12
5
4
0
17
15
2
7
16
9
1
FITNESS: 0.35
@@@@@@@@@@@@@@@@@@@@@@@@@@@@@@
Abstract_Mappings:
$ABSTRACT_2 $_main_argv
$ABSTRACT_1 $_main_argc
$ABSTRACT_4 & archive
$ABSTRACT_3 & archive
$ABSTRACT_0 & archive
Declaration_Mappings:
/* DECL: 8 */@$_process_command_line_archiveFileName_1@$_host_s
/* DECL: 11 */@$_main_in_file@$_host_s
Statement_Line_Number:
20
3
21
9
7
12
FITNESS: 0.35
@@@@@@@@@@@@@@@@@@@@@@@@@@@@@@
